<?xml version="1.0" encoding="UTF-8"?>
<coverage generated="1703784752317" clover="3.2.0">
  <project timestamp="1703784752317" name="All files">
    <metrics statements="1042" coveredstatements="994" conditionals="222" coveredconditionals="183" methods="220" coveredmethods="206" elements="1484" coveredelements="1383" complexity="0" loc="1042" ncloc="1042" packages="31" files="92" classes="92"/>
    <package name="prisma">
      <metrics statements="5" coveredstatements="5" conditionals="0" coveredconditionals="0" methods="0" coveredmethods="0"/>
      <file name="prisma.service.ts" path="/home/guilherme/meuestagio/api/prisma/prisma.service.ts">
        <metrics statements="3" coveredstatements="3" conditionals="0" coveredconditionals="0" methods="0" coveredmethods="0"/>
        <line num="1" count="42" type="stmt"/>
        <line num="2" count="42" type="stmt"/>
        <line num="5" count="42" type="stmt"/>
      </file>
      <file name="prisma.ts" path="/home/guilherme/meuestagio/api/prisma/prisma.ts">
        <metrics statements="2" coveredstatements="2" conditionals="0" coveredconditionals="0" methods="0" coveredmethods="0"/>
        <line num="1" count="42" type="stmt"/>
        <line num="3" count="42" type="stmt"/>
      </file>
    </package>
    <package name="prisma.testing.factories">
      <metrics statements="141" coveredstatements="137" conditionals="88" coveredconditionals="76" methods="24" coveredmethods="23"/>
      <file name="area.ts" path="/home/guilherme/meuestagio/api/prisma/testing/factories/area.ts">
        <metrics statements="9" coveredstatements="9" conditionals="0" coveredconditionals="0" methods="2" coveredmethods="2"/>
        <line num="1" count="37" type="stmt"/>
        <line num="2" count="37" type="stmt"/>
        <line num="4" count="37" type="stmt"/>
        <line num="5" count="207" type="stmt"/>
        <line num="13" count="37" type="stmt"/>
        <line num="14" count="1" type="stmt"/>
        <line num="16" count="1" type="stmt"/>
        <line num="17" count="5" type="stmt"/>
        <line num="20" count="1" type="stmt"/>
      </file>
      <file name="city.ts" path="/home/guilherme/meuestagio/api/prisma/testing/factories/city.ts">
        <metrics statements="11" coveredstatements="11" conditionals="12" coveredconditionals="12" methods="2" coveredmethods="2"/>
        <line num="1" count="39" type="stmt"/>
        <line num="2" count="39" type="stmt"/>
        <line num="3" count="39" type="stmt"/>
        <line num="8" count="39" type="stmt"/>
        <line num="9" count="509" type="stmt"/>
        <line num="11" count="509" type="stmt"/>
        <line num="23" count="39" type="stmt"/>
        <line num="24" count="4" type="stmt"/>
        <line num="26" count="4" type="stmt"/>
        <line num="27" count="17" type="stmt"/>
        <line num="30" count="4" type="stmt"/>
      </file>
      <file name="company.ts" path="/home/guilherme/meuestagio/api/prisma/testing/factories/company.ts">
        <metrics statements="12" coveredstatements="8" conditionals="0" coveredconditionals="0" methods="2" coveredmethods="1"/>
        <line num="1" count="35" type="stmt"/>
        <line num="3" count="35" type="stmt"/>
        <line num="4" count="35" type="stmt"/>
        <line num="5" count="35" type="stmt"/>
        <line num="7" count="35" type="stmt"/>
        <line num="8" count="105" type="stmt"/>
        <line num="10" count="105" type="stmt"/>
        <line num="27" count="35" type="stmt"/>
        <line num="28" count="0" type="stmt"/>
        <line num="30" count="0" type="stmt"/>
        <line num="31" count="0" type="stmt"/>
        <line num="34" count="0" type="stmt"/>
      </file>
      <file name="course.ts" path="/home/guilherme/meuestagio/api/prisma/testing/factories/course.ts">
        <metrics statements="13" coveredstatements="13" conditionals="4" coveredconditionals="4" methods="2" coveredmethods="2"/>
        <line num="1" count="31" type="stmt"/>
        <line num="2" count="31" type="stmt"/>
        <line num="3" count="31" type="stmt"/>
        <line num="4" count="31" type="stmt"/>
        <line num="6" count="31" type="stmt"/>
        <line num="7" count="130" type="stmt"/>
        <line num="8" count="130" type="stmt"/>
        <line num="10" count="130" type="stmt"/>
        <line num="23" count="31" type="stmt"/>
        <line num="24" count="7" type="stmt"/>
        <line num="26" count="7" type="stmt"/>
        <line num="27" count="35" type="stmt"/>
        <line num="30" count="7" type="stmt"/>
      </file>
      <file name="education.ts" path="/home/guilherme/meuestagio/api/prisma/testing/factories/education.ts">
        <metrics statements="4" coveredstatements="4" conditionals="2" coveredconditionals="2" methods="1" coveredmethods="1"/>
        <line num="1" count="3" type="stmt"/>
        <line num="3" count="3" type="stmt"/>
        <line num="5" count="3" type="stmt"/>
        <line num="6" count="6" type="stmt"/>
      </file>
      <file name="experience.ts" path="/home/guilherme/meuestagio/api/prisma/testing/factories/experience.ts">
        <metrics statements="4" coveredstatements="4" conditionals="2" coveredconditionals="2" methods="1" coveredmethods="1"/>
        <line num="1" count="3" type="stmt"/>
        <line num="2" count="3" type="stmt"/>
        <line num="4" count="3" type="stmt"/>
        <line num="5" count="6" type="stmt"/>
      </file>
      <file name="institution.ts" path="/home/guilherme/meuestagio/api/prisma/testing/factories/institution.ts">
        <metrics statements="11" coveredstatements="11" conditionals="2" coveredconditionals="2" methods="2" coveredmethods="2"/>
        <line num="1" count="32" type="stmt"/>
        <line num="2" count="32" type="stmt"/>
        <line num="3" count="32" type="stmt"/>
        <line num="5" count="32" type="stmt"/>
        <line num="6" count="243" type="stmt"/>
        <line num="8" count="243" type="stmt"/>
        <line num="17" count="32" type="stmt"/>
        <line num="18" count="3" type="stmt"/>
        <line num="20" count="3" type="stmt"/>
        <line num="21" count="15" type="stmt"/>
        <line num="24" count="3" type="stmt"/>
      </file>
      <file name="job-applications.ts" path="/home/guilherme/meuestagio/api/prisma/testing/factories/job-applications.ts">
        <metrics statements="9" coveredstatements="9" conditionals="0" coveredconditionals="0" methods="1" coveredmethods="1"/>
        <line num="2" count="3" type="stmt"/>
        <line num="3" count="3" type="stmt"/>
        <line num="5" count="3" type="stmt"/>
        <line num="6" count="6" type="stmt"/>
        <line num="8" count="6" type="stmt"/>
        <line num="10" count="6" type="stmt"/>
        <line num="11" count="10" type="stmt"/>
        <line num="18" count="10" type="stmt"/>
        <line num="21" count="6" type="stmt"/>
      </file>
      <file name="job.ts" path="/home/guilherme/meuestagio/api/prisma/testing/factories/job.ts">
        <metrics statements="24" coveredstatements="24" conditionals="62" coveredconditionals="50" methods="3" coveredmethods="3"/>
        <line num="2" count="11" type="stmt"/>
        <line num="3" count="11" type="stmt"/>
        <line num="4" count="11" type="stmt"/>
        <line num="5" count="11" type="stmt"/>
        <line num="6" count="11" type="stmt"/>
        <line num="7" count="11" type="stmt"/>
        <line num="9" count="11" type="stmt"/>
        <line num="10" count="44" type="stmt"/>
        <line num="11" count="44" type="stmt"/>
        <line num="12" count="44" type="stmt"/>
        <line num="13" count="44" type="stmt"/>
        <line num="15" count="44" type="stmt"/>
        <line num="36" count="44" type="stmt"/>
        <line num="39" count="11" type="stmt"/>
        <line num="40" count="21" type="stmt"/>
        <line num="41" count="21" type="stmt"/>
        <line num="42" count="21" type="stmt"/>
        <line num="43" count="21" type="stmt"/>
        <line num="45" count="21" type="stmt"/>
        <line num="84" count="11" type="stmt"/>
        <line num="85" count="1" type="stmt"/>
        <line num="86" count="1" type="stmt"/>
        <line num="87" count="4" type="stmt"/>
        <line num="90" count="1" type="stmt"/>
      </file>
      <file name="language.ts" path="/home/guilherme/meuestagio/api/prisma/testing/factories/language.ts">
        <metrics statements="4" coveredstatements="4" conditionals="2" coveredconditionals="2" methods="1" coveredmethods="1"/>
        <line num="1" count="3" type="stmt"/>
        <line num="3" count="3" type="stmt"/>
        <line num="5" count="3" type="stmt"/>
        <line num="6" count="6" type="stmt"/>
      </file>
      <file name="region.ts" path="/home/guilherme/meuestagio/api/prisma/testing/factories/region.ts">
        <metrics statements="9" coveredstatements="9" conditionals="0" coveredconditionals="0" methods="2" coveredmethods="2"/>
        <line num="1" count="40" type="stmt"/>
        <line num="2" count="40" type="stmt"/>
        <line num="4" count="40" type="stmt"/>
        <line num="5" count="576" type="stmt"/>
        <line num="14" count="40" type="stmt"/>
        <line num="15" count="4" type="stmt"/>
        <line num="16" count="4" type="stmt"/>
        <line num="17" count="20" type="stmt"/>
        <line num="19" count="4" type="stmt"/>
      </file>
      <file name="resume.ts" path="/home/guilherme/meuestagio/api/prisma/testing/factories/resume.ts">
        <metrics statements="3" coveredstatements="3" conditionals="0" coveredconditionals="0" methods="1" coveredmethods="1"/>
        <line num="1" count="30" type="stmt"/>
        <line num="3" count="30" type="stmt"/>
        <line num="4" count="83" type="stmt"/>
      </file>
      <file name="skill.ts" path="/home/guilherme/meuestagio/api/prisma/testing/factories/skill.ts">
        <metrics statements="4" coveredstatements="4" conditionals="2" coveredconditionals="2" methods="1" coveredmethods="1"/>
        <line num="1" count="3" type="stmt"/>
        <line num="2" count="3" type="stmt"/>
        <line num="4" count="3" type="stmt"/>
        <line num="5" count="6" type="stmt"/>
      </file>
      <file name="student.ts" path="/home/guilherme/meuestagio/api/prisma/testing/factories/student.ts">
        <metrics statements="19" coveredstatements="19" conditionals="0" coveredconditionals="0" methods="2" coveredmethods="2"/>
        <line num="1" count="30" type="stmt"/>
        <line num="2" count="30" type="stmt"/>
        <line num="3" count="30" type="stmt"/>
        <line num="4" count="30" type="stmt"/>
        <line num="5" count="30" type="stmt"/>
        <line num="6" count="30" type="stmt"/>
        <line num="7" count="30" type="stmt"/>
        <line num="9" count="30" type="stmt"/>
        <line num="10" count="83" type="stmt"/>
        <line num="11" count="83" type="stmt"/>
        <line num="12" count="83" type="stmt"/>
        <line num="14" count="83" type="stmt"/>
        <line num="31" count="83" type="stmt"/>
        <line num="32" count="83" type="stmt"/>
        <line num="40" count="30" type="stmt"/>
        <line num="41" count="1" type="stmt"/>
        <line num="42" count="1" type="stmt"/>
        <line num="43" count="10" type="stmt"/>
        <line num="46" count="1" type="stmt"/>
      </file>
      <file name="user.ts" path="/home/guilherme/meuestagio/api/prisma/testing/factories/user.ts">
        <metrics statements="5" coveredstatements="5" conditionals="0" coveredconditionals="0" methods="1" coveredmethods="1"/>
        <line num="1" count="30" type="stmt"/>
        <line num="2" count="30" type="stmt"/>
        <line num="3" count="30" type="stmt"/>
        <line num="5" count="30" type="stmt"/>
        <line num="6" count="17" type="stmt"/>
      </file>
    </package>
    <package name="src">
      <metrics statements="16" coveredstatements="15" conditionals="0" coveredconditionals="0" methods="1" coveredmethods="0"/>
      <file name="app.controller.ts" path="/home/guilherme/meuestagio/api/src/app.controller.ts">
        <metrics statements="4" coveredstatements="3" conditionals="0" coveredconditionals="0" methods="1" coveredmethods="0"/>
        <line num="1" count="42" type="stmt"/>
        <line num="4" count="42" type="stmt"/>
        <line num="5" count="42" type="stmt"/>
        <line num="8" count="0" type="stmt"/>
      </file>
      <file name="app.module.ts" path="/home/guilherme/meuestagio/api/src/app.module.ts">
        <metrics statements="12" coveredstatements="12" conditionals="0" coveredconditionals="0" methods="0" coveredmethods="0"/>
        <line num="1" count="42" type="stmt"/>
        <line num="3" count="42" type="stmt"/>
        <line num="4" count="42" type="stmt"/>
        <line num="5" count="42" type="stmt"/>
        <line num="6" count="42" type="stmt"/>
        <line num="7" count="42" type="stmt"/>
        <line num="8" count="42" type="stmt"/>
        <line num="9" count="42" type="stmt"/>
        <line num="10" count="42" type="stmt"/>
        <line num="11" count="42" type="stmt"/>
        <line num="12" count="42" type="stmt"/>
        <line num="28" count="42" type="stmt"/>
      </file>
    </package>
    <package name="src.constants">
      <metrics statements="6" coveredstatements="6" conditionals="0" coveredconditionals="0" methods="0" coveredmethods="0"/>
      <file name="firebase.ts" path="/home/guilherme/meuestagio/api/src/constants/firebase.ts">
        <metrics statements="3" coveredstatements="3" conditionals="0" coveredconditionals="0" methods="0" coveredmethods="0"/>
        <line num="1" count="42" type="stmt"/>
        <line num="2" count="42" type="stmt"/>
        <line num="4" count="42" type="stmt"/>
      </file>
      <file name="jwt.ts" path="/home/guilherme/meuestagio/api/src/constants/jwt.ts">
        <metrics statements="3" coveredstatements="3" conditionals="0" coveredconditionals="0" methods="0" coveredmethods="0"/>
        <line num="1" count="42" type="stmt"/>
        <line num="2" count="42" type="stmt"/>
        <line num="4" count="42" type="stmt"/>
      </file>
    </package>
    <package name="src.modules.areas">
      <metrics statements="17" coveredstatements="17" conditionals="0" coveredconditionals="0" methods="4" coveredmethods="4"/>
      <file name="areas.controller.ts" path="/home/guilherme/meuestagio/api/src/modules/areas/areas.controller.ts">
        <metrics statements="7" coveredstatements="7" conditionals="0" coveredconditionals="0" methods="2" coveredmethods="2"/>
        <line num="1" count="42" type="stmt"/>
        <line num="2" count="42" type="stmt"/>
        <line num="4" count="42" type="stmt"/>
        <line num="8" count="42" type="stmt"/>
        <line num="9" count="42" type="stmt"/>
        <line num="12" count="42" type="stmt"/>
        <line num="13" count="1" type="stmt"/>
      </file>
      <file name="areas.module.ts" path="/home/guilherme/meuestagio/api/src/modules/areas/areas.module.ts">
        <metrics statements="5" coveredstatements="5" conditionals="0" coveredconditionals="0" methods="0" coveredmethods="0"/>
        <line num="1" count="42" type="stmt"/>
        <line num="3" count="42" type="stmt"/>
        <line num="4" count="42" type="stmt"/>
        <line num="5" count="42" type="stmt"/>
        <line num="11" count="42" type="stmt"/>
      </file>
      <file name="areas.service.ts" path="/home/guilherme/meuestagio/api/src/modules/areas/areas.service.ts">
        <metrics statements="5" coveredstatements="5" conditionals="0" coveredconditionals="0" methods="2" coveredmethods="2"/>
        <line num="1" count="42" type="stmt"/>
        <line num="3" count="42" type="stmt"/>
        <line num="6" count="42" type="stmt"/>
        <line num="7" count="42" type="stmt"/>
        <line num="10" count="1" type="stmt"/>
      </file>
    </package>
    <package name="src.modules.auth">
      <metrics statements="32" coveredstatements="32" conditionals="0" coveredconditionals="0" methods="6" coveredmethods="6"/>
      <file name="auth.controller.ts" path="/home/guilherme/meuestagio/api/src/modules/auth/auth.controller.ts">
        <metrics statements="12" coveredstatements="12" conditionals="0" coveredconditionals="0" methods="4" coveredmethods="4"/>
        <line num="1" count="42" type="stmt"/>
        <line num="2" count="42" type="stmt"/>
        <line num="3" count="42" type="stmt"/>
        <line num="5" count="42" type="stmt"/>
        <line num="8" count="42" type="stmt"/>
        <line num="9" count="42" type="stmt"/>
        <line num="13" count="42" type="stmt"/>
        <line num="14" count="62" type="stmt"/>
        <line num="19" count="42" type="stmt"/>
        <line num="20" count="29" type="stmt"/>
        <line num="25" count="42" type="stmt"/>
        <line num="26" count="16" type="stmt"/>
      </file>
      <file name="auth.module.ts" path="/home/guilherme/meuestagio/api/src/modules/auth/auth.module.ts">
        <metrics statements="15" coveredstatements="15" conditionals="0" coveredconditionals="0" methods="0" coveredmethods="0"/>
        <line num="1" count="42" type="stmt"/>
        <line num="2" count="42" type="stmt"/>
        <line num="3" count="42" type="stmt"/>
        <line num="5" count="42" type="stmt"/>
        <line num="6" count="42" type="stmt"/>
        <line num="7" count="42" type="stmt"/>
        <line num="8" count="42" type="stmt"/>
        <line num="9" count="42" type="stmt"/>
        <line num="10" count="42" type="stmt"/>
        <line num="11" count="42" type="stmt"/>
        <line num="12" count="42" type="stmt"/>
        <line num="13" count="42" type="stmt"/>
        <line num="14" count="42" type="stmt"/>
        <line num="15" count="42" type="stmt"/>
        <line num="40" count="42" type="stmt"/>
      </file>
      <file name="auth.service.ts" path="/home/guilherme/meuestagio/api/src/modules/auth/auth.service.ts">
        <metrics statements="5" coveredstatements="5" conditionals="0" coveredconditionals="0" methods="2" coveredmethods="2"/>
        <line num="1" count="42" type="stmt"/>
        <line num="2" count="42" type="stmt"/>
        <line num="6" count="42" type="stmt"/>
        <line num="7" count="42" type="stmt"/>
        <line num="10" count="108" type="stmt"/>
      </file>
    </package>
    <package name="src.modules.auth.roles">
      <metrics statements="15" coveredstatements="14" conditionals="11" coveredconditionals="8" methods="5" coveredmethods="5"/>
      <file name="roles.decorator.ts" path="/home/guilherme/meuestagio/api/src/modules/auth/roles/roles.decorator.ts">
        <metrics statements="2" coveredstatements="2" conditionals="0" coveredconditionals="0" methods="1" coveredmethods="1"/>
        <line num="1" count="42" type="stmt"/>
        <line num="4" count="1428" type="stmt"/>
      </file>
      <file name="roles.guard.ts" path="/home/guilherme/meuestagio/api/src/modules/auth/roles/roles.guard.ts">
        <metrics statements="9" coveredstatements="8" conditionals="9" coveredconditionals="6" methods="3" coveredmethods="3"/>
        <line num="1" count="42" type="stmt"/>
        <line num="2" count="42" type="stmt"/>
        <line num="6" count="42" type="stmt"/>
        <line num="7" count="294" type="stmt"/>
        <line num="10" count="122" type="stmt"/>
        <line num="14" count="122" type="cond" truecount="0" falsecount="1"/>
        <line num="15" count="0" type="stmt"/>
        <line num="17" count="122" type="stmt"/>
        <line num="18" count="124" type="cond" truecount="6" falsecount="2"/>
      </file>
      <file name="roles.ts" path="/home/guilherme/meuestagio/api/src/modules/auth/roles/roles.ts">
        <metrics statements="4" coveredstatements="4" conditionals="2" coveredconditionals="2" methods="1" coveredmethods="1"/>
        <line num="1" count="42" type="cond" truecount="2" falsecount="0"/>
        <line num="2" count="42" type="stmt"/>
        <line num="3" count="42" type="stmt"/>
        <line num="4" count="42" type="stmt"/>
      </file>
    </package>
    <package name="src.modules.auth.services">
      <metrics statements="35" coveredstatements="35" conditionals="11" coveredconditionals="10" methods="6" coveredmethods="6"/>
      <file name="auth-admin.service.ts" path="/home/guilherme/meuestagio/api/src/modules/auth/services/auth-admin.service.ts">
        <metrics statements="12" coveredstatements="12" conditionals="2" coveredconditionals="2" methods="2" coveredmethods="2"/>
        <line num="1" count="42" type="stmt"/>
        <line num="3" count="42" type="stmt"/>
        <line num="5" count="42" type="stmt"/>
        <line num="6" count="42" type="stmt"/>
        <line num="9" count="42" type="stmt"/>
        <line num="10" count="42" type="stmt"/>
        <line num="16" count="18" type="stmt"/>
        <line num="17" count="18" type="cond" truecount="1" falsecount="0"/>
        <line num="19" count="17" type="stmt"/>
        <line num="24" count="17" type="cond" truecount="1" falsecount="0"/>
        <line num="25" count="1" type="stmt"/>
        <line num="28" count="16" type="stmt"/>
      </file>
      <file name="auth-company.service.ts" path="/home/guilherme/meuestagio/api/src/modules/auth/services/auth-company.service.ts">
        <metrics statements="11" coveredstatements="11" conditionals="7" coveredconditionals="6" methods="2" coveredmethods="2"/>
        <line num="1" count="42" type="stmt"/>
        <line num="3" count="42" type="stmt"/>
        <line num="4" count="42" type="stmt"/>
        <line num="5" count="42" type="stmt"/>
        <line num="9" count="42" type="stmt"/>
        <line num="10" count="42" type="stmt"/>
        <line num="16" count="31" type="stmt"/>
        <line num="19" count="31" type="cond" truecount="5" falsecount="1"/>
        <line num="21" count="31" type="cond" truecount="1" falsecount="0"/>
        <line num="22" count="29" type="stmt"/>
        <line num="29" count="2" type="stmt"/>
      </file>
      <file name="auth-student.service.ts" path="/home/guilherme/meuestagio/api/src/modules/auth/services/auth-student.service.ts">
        <metrics statements="12" coveredstatements="12" conditionals="2" coveredconditionals="2" methods="2" coveredmethods="2"/>
        <line num="1" count="42" type="stmt"/>
        <line num="3" count="42" type="stmt"/>
        <line num="4" count="42" type="stmt"/>
        <line num="6" count="42" type="stmt"/>
        <line num="9" count="42" type="stmt"/>
        <line num="10" count="42" type="stmt"/>
        <line num="16" count="64" type="stmt"/>
        <line num="17" count="64" type="cond" truecount="1" falsecount="0"/>
        <line num="19" count="63" type="stmt"/>
        <line num="24" count="63" type="cond" truecount="1" falsecount="0"/>
        <line num="25" count="1" type="stmt"/>
        <line num="28" count="62" type="stmt"/>
      </file>
    </package>
    <package name="src.modules.auth.strategies">
      <metrics statements="40" coveredstatements="40" conditionals="3" coveredconditionals="3" methods="8" coveredmethods="8"/>
      <file name="admin.strategy.ts" path="/home/guilherme/meuestagio/api/src/modules/auth/strategies/admin.strategy.ts">
        <metrics statements="11" coveredstatements="11" conditionals="1" coveredconditionals="1" methods="2" coveredmethods="2"/>
        <line num="1" count="42" type="stmt"/>
        <line num="2" count="42" type="stmt"/>
        <line num="3" count="42" type="stmt"/>
        <line num="5" count="42" type="stmt"/>
        <line num="8" count="42" type="stmt"/>
        <line num="9" count="42" type="stmt"/>
        <line num="10" count="42" type="stmt"/>
        <line num="16" count="18" type="stmt"/>
        <line num="17" count="18" type="cond" truecount="1" falsecount="0"/>
        <line num="18" count="2" type="stmt"/>
        <line num="20" count="16" type="stmt"/>
      </file>
      <file name="company.strategy.ts" path="/home/guilherme/meuestagio/api/src/modules/auth/strategies/company.strategy.ts">
        <metrics statements="11" coveredstatements="11" conditionals="1" coveredconditionals="1" methods="2" coveredmethods="2"/>
        <line num="1" count="42" type="stmt"/>
        <line num="2" count="42" type="stmt"/>
        <line num="3" count="42" type="stmt"/>
        <line num="5" count="42" type="stmt"/>
        <line num="8" count="42" type="stmt"/>
        <line num="12" count="42" type="stmt"/>
        <line num="13" count="42" type="stmt"/>
        <line num="19" count="31" type="stmt"/>
        <line num="20" count="31" type="cond" truecount="1" falsecount="0"/>
        <line num="21" count="2" type="stmt"/>
        <line num="23" count="29" type="stmt"/>
      </file>
      <file name="jwt.strategy.ts" path="/home/guilherme/meuestagio/api/src/modules/auth/strategies/jwt.strategy.ts">
        <metrics statements="7" coveredstatements="7" conditionals="0" coveredconditionals="0" methods="2" coveredmethods="2"/>
        <line num="1" count="42" type="stmt"/>
        <line num="2" count="42" type="stmt"/>
        <line num="3" count="42" type="stmt"/>
        <line num="5" count="42" type="stmt"/>
        <line num="8" count="42" type="stmt"/>
        <line num="10" count="42" type="stmt"/>
        <line num="18" count="122" type="stmt"/>
      </file>
      <file name="student.strategy.ts" path="/home/guilherme/meuestagio/api/src/modules/auth/strategies/student.strategy.ts">
        <metrics statements="11" coveredstatements="11" conditionals="1" coveredconditionals="1" methods="2" coveredmethods="2"/>
        <line num="1" count="42" type="stmt"/>
        <line num="2" count="42" type="stmt"/>
        <line num="3" count="42" type="stmt"/>
        <line num="5" count="42" type="stmt"/>
        <line num="8" count="42" type="stmt"/>
        <line num="12" count="42" type="stmt"/>
        <line num="13" count="42" type="stmt"/>
        <line num="19" count="64" type="stmt"/>
        <line num="20" count="64" type="cond" truecount="1" falsecount="0"/>
        <line num="21" count="2" type="stmt"/>
        <line num="23" count="62" type="stmt"/>
      </file>
    </package>
    <package name="src.modules.cities">
      <metrics statements="65" coveredstatements="61" conditionals="24" coveredconditionals="22" methods="13" coveredmethods="13"/>
      <file name="cities.controller.ts" path="/home/guilherme/meuestagio/api/src/modules/cities/cities.controller.ts">
        <metrics statements="23" coveredstatements="23" conditionals="16" coveredconditionals="16" methods="5" coveredmethods="5"/>
        <line num="1" count="42" type="stmt"/>
        <line num="2" count="42" type="stmt"/>
        <line num="3" count="42" type="stmt"/>
        <line num="5" count="42" type="stmt"/>
        <line num="6" count="42" type="stmt"/>
        <line num="7" count="42" type="stmt"/>
        <line num="8" count="42" type="stmt"/>
        <line num="9" count="42" type="stmt"/>
        <line num="10" count="42" type="stmt"/>
        <line num="11" count="42" type="stmt"/>
        <line num="15" count="42" type="stmt"/>
        <line num="17" count="42" type="stmt"/>
        <line num="18" count="42" type="stmt"/>
        <line num="24" count="42" type="stmt"/>
        <line num="25" count="2" type="stmt"/>
        <line num="31" count="42" type="stmt"/>
        <line num="32" count="3" type="stmt"/>
        <line num="36" count="42" type="stmt"/>
        <line num="37" count="15" type="stmt"/>
        <line num="46" count="15" type="stmt"/>
        <line num="57" count="42" type="stmt"/>
        <line num="58" count="6" type="stmt"/>
        <line num="65" count="6" type="stmt"/>
      </file>
      <file name="cities.module.ts" path="/home/guilherme/meuestagio/api/src/modules/cities/cities.module.ts">
        <metrics statements="6" coveredstatements="6" conditionals="0" coveredconditionals="0" methods="0" coveredmethods="0"/>
        <line num="1" count="42" type="stmt"/>
        <line num="3" count="42" type="stmt"/>
        <line num="4" count="42" type="stmt"/>
        <line num="5" count="42" type="stmt"/>
        <line num="6" count="42" type="stmt"/>
        <line num="12" count="42" type="stmt"/>
      </file>
      <file name="cities.service.ts" path="/home/guilherme/meuestagio/api/src/modules/cities/cities.service.ts">
        <metrics statements="18" coveredstatements="18" conditionals="4" coveredconditionals="4" methods="4" coveredmethods="4"/>
        <line num="1" count="42" type="stmt"/>
        <line num="4" count="42" type="stmt"/>
        <line num="16" count="42" type="stmt"/>
        <line num="17" count="42" type="stmt"/>
        <line num="20" count="2" type="stmt"/>
        <line num="26" count="2" type="cond" truecount="1" falsecount="0"/>
        <line num="27" count="1" type="stmt"/>
        <line num="30" count="1" type="stmt"/>
        <line num="50" count="15" type="stmt"/>
        <line num="52" count="15" type="stmt"/>
        <line num="65" count="15" type="stmt"/>
        <line num="66" count="15" type="cond" truecount="3" falsecount="0"/>
        <line num="68" count="1" type="stmt"/>
        <line num="69" count="1" type="stmt"/>
        <line num="71" count="1" type="stmt"/>
        <line num="72" count="1" type="stmt"/>
        <line num="74" count="13" type="stmt"/>
        <line num="76" count="15" type="stmt"/>
      </file>
      <file name="regions.service.ts" path="/home/guilherme/meuestagio/api/src/modules/cities/regions.service.ts">
        <metrics statements="18" coveredstatements="14" conditionals="4" coveredconditionals="2" methods="4" coveredmethods="4"/>
        <line num="1" count="42" type="stmt"/>
        <line num="4" count="42" type="stmt"/>
        <line num="7" count="42" type="stmt"/>
        <line num="8" count="42" type="stmt"/>
        <line num="11" count="3" type="stmt"/>
        <line num="17" count="3" type="cond" truecount="1" falsecount="0"/>
        <line num="18" count="1" type="stmt"/>
        <line num="21" count="2" type="stmt"/>
        <line num="36" count="6" type="stmt"/>
        <line num="38" count="6" type="stmt"/>
        <line num="49" count="6" type="stmt"/>
        <line num="50" count="6" type="cond" truecount="1" falsecount="2"/>
        <line num="52" count="0" type="stmt"/>
        <line num="53" count="0" type="stmt"/>
        <line num="55" count="0" type="stmt"/>
        <line num="56" count="0" type="stmt"/>
        <line num="58" count="6" type="stmt"/>
        <line num="60" count="6" type="stmt"/>
      </file>
    </package>
    <package name="src.modules.cities.dtos">
      <metrics statements="16" coveredstatements="16" conditionals="0" coveredconditionals="0" methods="3" coveredmethods="3"/>
      <file name="create-city.dto.ts" path="/home/guilherme/meuestagio/api/src/modules/cities/dtos/create-city.dto.ts">
        <metrics statements="9" coveredstatements="9" conditionals="0" coveredconditionals="0" methods="2" coveredmethods="2"/>
        <line num="1" count="42" type="stmt"/>
        <line num="2" count="42" type="stmt"/>
        <line num="4" count="42" type="stmt"/>
        <line num="5" count="42" type="stmt"/>
        <line num="8" count="42" type="stmt"/>
        <line num="11" count="42" type="stmt"/>
        <line num="12" count="4" type="stmt"/>
        <line num="16" count="42" type="stmt"/>
        <line num="17" count="4" type="stmt"/>
      </file>
      <file name="create-region.dto.ts" path="/home/guilherme/meuestagio/api/src/modules/cities/dtos/create-region.dto.ts">
        <metrics statements="7" coveredstatements="7" conditionals="0" coveredconditionals="0" methods="1" coveredmethods="1"/>
        <line num="1" count="42" type="stmt"/>
        <line num="2" count="42" type="stmt"/>
        <line num="4" count="42" type="stmt"/>
        <line num="5" count="42" type="stmt"/>
        <line num="6" count="6" type="stmt"/>
        <line num="10" count="42" type="stmt"/>
        <line num="13" count="42" type="stmt"/>
      </file>
    </package>
    <package name="src.modules.courses">
      <metrics statements="46" coveredstatements="46" conditionals="15" coveredconditionals="15" methods="11" coveredmethods="11"/>
      <file name="courses.controller.ts" path="/home/guilherme/meuestagio/api/src/modules/courses/courses.controller.ts">
        <metrics statements="16" coveredstatements="16" conditionals="8" coveredconditionals="8" methods="4" coveredmethods="4"/>
        <line num="1" count="42" type="stmt"/>
        <line num="12" count="42" type="stmt"/>
        <line num="13" count="42" type="stmt"/>
        <line num="15" count="42" type="stmt"/>
        <line num="16" count="42" type="stmt"/>
        <line num="17" count="42" type="stmt"/>
        <line num="18" count="42" type="stmt"/>
        <line num="19" count="42" type="stmt"/>
        <line num="23" count="42" type="stmt"/>
        <line num="24" count="42" type="stmt"/>
        <line num="26" count="42" type="stmt"/>
        <line num="30" count="2" type="stmt"/>
        <line num="33" count="42" type="stmt"/>
        <line num="35" count="11" type="stmt"/>
        <line num="45" count="42" type="stmt"/>
        <line num="49" count="2" type="stmt"/>
      </file>
      <file name="courses.module.ts" path="/home/guilherme/meuestagio/api/src/modules/courses/courses.module.ts">
        <metrics statements="5" coveredstatements="5" conditionals="0" coveredconditionals="0" methods="0" coveredmethods="0"/>
        <line num="1" count="42" type="stmt"/>
        <line num="3" count="42" type="stmt"/>
        <line num="4" count="42" type="stmt"/>
        <line num="5" count="42" type="stmt"/>
        <line num="11" count="42" type="stmt"/>
      </file>
      <file name="courses.service.ts" path="/home/guilherme/meuestagio/api/src/modules/courses/courses.service.ts">
        <metrics statements="25" coveredstatements="25" conditionals="7" coveredconditionals="7" methods="7" coveredmethods="7"/>
        <line num="1" count="42" type="stmt"/>
        <line num="8" count="42" type="stmt"/>
        <line num="11" count="42" type="stmt"/>
        <line num="12" count="42" type="stmt"/>
        <line num="15" count="2" type="stmt"/>
        <line num="17" count="1" type="stmt"/>
        <line num="23" count="2" type="stmt"/>
        <line num="25" count="1" type="stmt"/>
        <line num="29" count="2" type="stmt"/>
        <line num="30" count="2" type="cond" truecount="1" falsecount="0"/>
        <line num="31" count="1" type="stmt"/>
        <line num="33" count="1" type="stmt"/>
        <line num="44" count="11" type="stmt"/>
        <line num="46" count="11" type="stmt"/>
        <line num="63" count="2" type="stmt"/>
        <line num="70" count="2" type="cond" truecount="1" falsecount="0"/>
        <line num="71" count="1" type="stmt"/>
        <line num="76" count="11" type="stmt"/>
        <line num="77" count="11" type="cond" truecount="3" falsecount="0"/>
        <line num="79" count="1" type="stmt"/>
        <line num="80" count="1" type="stmt"/>
        <line num="82" count="1" type="stmt"/>
        <line num="83" count="1" type="stmt"/>
        <line num="85" count="9" type="stmt"/>
        <line num="87" count="11" type="stmt"/>
      </file>
    </package>
    <package name="src.modules.courses.dtos">
      <metrics statements="8" coveredstatements="8" conditionals="0" coveredconditionals="0" methods="2" coveredmethods="2"/>
      <file name="create-course.dto.ts" path="/home/guilherme/meuestagio/api/src/modules/courses/dtos/create-course.dto.ts">
        <metrics statements="8" coveredstatements="8" conditionals="0" coveredconditionals="0" methods="2" coveredmethods="2"/>
        <line num="1" count="42" type="stmt"/>
        <line num="2" count="42" type="stmt"/>
        <line num="4" count="42" type="stmt"/>
        <line num="5" count="42" type="stmt"/>
        <line num="8" count="42" type="stmt"/>
        <line num="9" count="4" type="stmt"/>
        <line num="13" count="42" type="stmt"/>
        <line num="14" count="4" type="stmt"/>
      </file>
    </package>
    <package name="src.modules.images">
      <metrics statements="17" coveredstatements="17" conditionals="0" coveredconditionals="0" methods="1" coveredmethods="1"/>
      <file name="firebase-config.ts" path="/home/guilherme/meuestagio/api/src/modules/images/firebase-config.ts">
        <metrics statements="6" coveredstatements="6" conditionals="0" coveredconditionals="0" methods="0" coveredmethods="0"/>
        <line num="1" count="42" type="stmt"/>
        <line num="2" count="42" type="stmt"/>
        <line num="3" count="42" type="stmt"/>
        <line num="5" count="42" type="stmt"/>
        <line num="14" count="42" type="stmt"/>
        <line num="15" count="42" type="stmt"/>
      </file>
      <file name="images.module.ts" path="/home/guilherme/meuestagio/api/src/modules/images/images.module.ts">
        <metrics statements="3" coveredstatements="3" conditionals="0" coveredconditionals="0" methods="0" coveredmethods="0"/>
        <line num="1" count="42" type="stmt"/>
        <line num="2" count="42" type="stmt"/>
        <line num="7" count="42" type="stmt"/>
      </file>
      <file name="images.service.ts" path="/home/guilherme/meuestagio/api/src/modules/images/images.service.ts">
        <metrics statements="8" coveredstatements="8" conditionals="0" coveredconditionals="0" methods="1" coveredmethods="1"/>
        <line num="1" count="42" type="stmt"/>
        <line num="2" count="42" type="stmt"/>
        <line num="3" count="42" type="stmt"/>
        <line num="6" count="42" type="stmt"/>
        <line num="11" count="2" type="stmt"/>
        <line num="12" count="2" type="stmt"/>
        <line num="13" count="2" type="stmt"/>
        <line num="15" count="2" type="stmt"/>
      </file>
    </package>
    <package name="src.modules.institutions">
      <metrics statements="49" coveredstatements="49" conditionals="14" coveredconditionals="14" methods="11" coveredmethods="11"/>
      <file name="institutions.controller.ts" path="/home/guilherme/meuestagio/api/src/modules/institutions/institutions.controller.ts">
        <metrics statements="17" coveredstatements="17" conditionals="8" coveredconditionals="8" methods="4" coveredmethods="4"/>
        <line num="1" count="42" type="stmt"/>
        <line num="12" count="42" type="stmt"/>
        <line num="13" count="42" type="stmt"/>
        <line num="15" count="42" type="stmt"/>
        <line num="16" count="42" type="stmt"/>
        <line num="17" count="42" type="stmt"/>
        <line num="18" count="42" type="stmt"/>
        <line num="19" count="42" type="stmt"/>
        <line num="31" count="42" type="stmt"/>
        <line num="32" count="42" type="stmt"/>
        <line num="35" count="42" type="stmt"/>
        <line num="36" count="11" type="stmt"/>
        <line num="44" count="11" type="stmt"/>
        <line num="56" count="42" type="stmt"/>
        <line num="57" count="4" type="stmt"/>
        <line num="65" count="42" type="stmt"/>
        <line num="66" count="2" type="stmt"/>
      </file>
      <file name="institutions.module.ts" path="/home/guilherme/meuestagio/api/src/modules/institutions/institutions.module.ts">
        <metrics statements="5" coveredstatements="5" conditionals="0" coveredconditionals="0" methods="0" coveredmethods="0"/>
        <line num="1" count="42" type="stmt"/>
        <line num="3" count="42" type="stmt"/>
        <line num="4" count="42" type="stmt"/>
        <line num="5" count="42" type="stmt"/>
        <line num="11" count="42" type="stmt"/>
      </file>
      <file name="institutions.service.ts" path="/home/guilherme/meuestagio/api/src/modules/institutions/institutions.service.ts">
        <metrics statements="27" coveredstatements="27" conditionals="6" coveredconditionals="6" methods="7" coveredmethods="7"/>
        <line num="1" count="42" type="stmt"/>
        <line num="8" count="42" type="stmt"/>
        <line num="12" count="42" type="stmt"/>
        <line num="13" count="42" type="stmt"/>
        <line num="22" count="11" type="stmt"/>
        <line num="24" count="11" type="stmt"/>
        <line num="41" count="4" type="stmt"/>
        <line num="43" count="2" type="stmt"/>
        <line num="49" count="2" type="stmt"/>
        <line num="51" count="1" type="stmt"/>
        <line num="57" count="2" type="stmt"/>
        <line num="61" count="2" type="cond" truecount="1" falsecount="0"/>
        <line num="62" count="1" type="stmt"/>
        <line num="65" count="1" type="stmt"/>
        <line num="69" count="4" type="stmt"/>
        <line num="72" count="4" type="cond" truecount="1" falsecount="0"/>
        <line num="74" count="3" type="stmt"/>
        <line num="80" count="3" type="cond" truecount="1" falsecount="0"/>
        <line num="81" count="1" type="stmt"/>
        <line num="86" count="11" type="stmt"/>
        <line num="87" count="11" type="cond" truecount="3" falsecount="0"/>
        <line num="89" count="1" type="stmt"/>
        <line num="90" count="1" type="stmt"/>
        <line num="92" count="1" type="stmt"/>
        <line num="93" count="1" type="stmt"/>
        <line num="95" count="9" type="stmt"/>
        <line num="97" count="11" type="stmt"/>
      </file>
    </package>
    <package name="src.modules.institutions.dtos">
      <metrics statements="6" coveredstatements="6" conditionals="0" coveredconditionals="0" methods="1" coveredmethods="1"/>
      <file name="create-institution.dto.ts" path="/home/guilherme/meuestagio/api/src/modules/institutions/dtos/create-institution.dto.ts">
        <metrics statements="6" coveredstatements="6" conditionals="0" coveredconditionals="0" methods="1" coveredmethods="1"/>
        <line num="1" count="42" type="stmt"/>
        <line num="2" count="42" type="stmt"/>
        <line num="4" count="42" type="stmt"/>
        <line num="5" count="42" type="stmt"/>
        <line num="10" count="42" type="stmt"/>
        <line num="13" count="8" type="stmt"/>
      </file>
    </package>
    <package name="src.modules.job-applications">
      <metrics statements="45" coveredstatements="44" conditionals="4" coveredconditionals="3" methods="12" coveredmethods="12"/>
      <file name="job-applications.controller.ts" path="/home/guilherme/meuestagio/api/src/modules/job-applications/job-applications.controller.ts">
        <metrics statements="21" coveredstatements="21" conditionals="0" coveredconditionals="0" methods="6" coveredmethods="6"/>
        <line num="1" count="42" type="stmt"/>
        <line num="12" count="42" type="stmt"/>
        <line num="13" count="42" type="stmt"/>
        <line num="14" count="42" type="stmt"/>
        <line num="16" count="42" type="stmt"/>
        <line num="17" count="42" type="stmt"/>
        <line num="18" count="42" type="stmt"/>
        <line num="19" count="42" type="stmt"/>
        <line num="20" count="42" type="stmt"/>
        <line num="25" count="42" type="stmt"/>
        <line num="27" count="42" type="stmt"/>
        <line num="33" count="42" type="stmt"/>
        <line num="34" count="12" type="stmt"/>
        <line num="40" count="42" type="stmt"/>
        <line num="41" count="3" type="stmt"/>
        <line num="47" count="42" type="stmt"/>
        <line num="48" count="4" type="stmt"/>
        <line num="54" count="42" type="stmt"/>
        <line num="57" count="1" type="stmt"/>
        <line num="66" count="42" type="stmt"/>
        <line num="69" count="2" type="stmt"/>
      </file>
      <file name="job-applications.module.ts" path="/home/guilherme/meuestagio/api/src/modules/job-applications/job-applications.module.ts">
        <metrics statements="5" coveredstatements="5" conditionals="0" coveredconditionals="0" methods="0" coveredmethods="0"/>
        <line num="1" count="42" type="stmt"/>
        <line num="3" count="42" type="stmt"/>
        <line num="4" count="42" type="stmt"/>
        <line num="5" count="42" type="stmt"/>
        <line num="11" count="42" type="stmt"/>
      </file>
      <file name="job-applications.service.ts" path="/home/guilherme/meuestagio/api/src/modules/job-applications/job-applications.service.ts">
        <metrics statements="19" coveredstatements="18" conditionals="4" coveredconditionals="3" methods="6" coveredmethods="6"/>
        <line num="1" count="42" type="stmt"/>
        <line num="4" count="42" type="stmt"/>
        <line num="8" count="42" type="stmt"/>
        <line num="9" count="42" type="stmt"/>
        <line num="12" count="12" type="stmt"/>
        <line num="13" count="9" type="stmt"/>
        <line num="17" count="9" type="stmt"/>
        <line num="21" count="3" type="stmt"/>
        <line num="27" count="3" type="stmt"/>
        <line num="30" count="3" type="cond" truecount="0" falsecount="1"/>
        <line num="31" count="0" type="stmt"/>
        <line num="34" count="3" type="stmt"/>
        <line num="41" count="4" type="stmt"/>
        <line num="47" count="12" type="stmt"/>
        <line num="51" count="12" type="cond" truecount="1" falsecount="0"/>
        <line num="53" count="11" type="stmt"/>
        <line num="57" count="11" type="cond" truecount="1" falsecount="0"/>
        <line num="59" count="10" type="stmt"/>
        <line num="63" count="10" type="cond" truecount="1" falsecount="0"/>
      </file>
    </package>
    <package name="src.modules.job-applications.dtos">
      <metrics statements="6" coveredstatements="6" conditionals="0" coveredconditionals="0" methods="0" coveredmethods="0"/>
      <file name="update.ts" path="/home/guilherme/meuestagio/api/src/modules/job-applications/dtos/update.ts">
        <metrics statements="6" coveredstatements="6" conditionals="0" coveredconditionals="0" methods="0" coveredmethods="0"/>
        <line num="1" count="42" type="stmt"/>
        <line num="3" count="42" type="stmt"/>
        <line num="4" count="42" type="stmt"/>
        <line num="7" count="42" type="stmt"/>
        <line num="10" count="42" type="stmt"/>
        <line num="13" count="42" type="stmt"/>
      </file>
    </package>
    <package name="src.modules.jobs">
      <metrics statements="44" coveredstatements="43" conditionals="16" coveredconditionals="13" methods="14" coveredmethods="14"/>
      <file name="jobs.controller.ts" path="/home/guilherme/meuestagio/api/src/modules/jobs/jobs.controller.ts">
        <metrics statements="20" coveredstatements="20" conditionals="12" coveredconditionals="10" methods="6" coveredmethods="6"/>
        <line num="1" count="42" type="stmt"/>
        <line num="12" count="42" type="stmt"/>
        <line num="13" count="42" type="stmt"/>
        <line num="15" count="42" type="stmt"/>
        <line num="16" count="42" type="stmt"/>
        <line num="17" count="42" type="stmt"/>
        <line num="18" count="42" type="stmt"/>
        <line num="19" count="42" type="stmt"/>
        <line num="23" count="42" type="stmt"/>
        <line num="24" count="42" type="stmt"/>
        <line num="29" count="42" type="stmt"/>
        <line num="30" count="1" type="stmt"/>
        <line num="36" count="42" type="stmt"/>
        <line num="37" count="2" type="stmt"/>
        <line num="43" count="42" type="stmt"/>
        <line num="44" count="2" type="stmt"/>
        <line num="48" count="42" type="stmt"/>
        <line num="49" count="40" type="stmt"/>
        <line num="60" count="42" type="stmt"/>
        <line num="61" count="2" type="stmt"/>
      </file>
      <file name="jobs.module.ts" path="/home/guilherme/meuestagio/api/src/modules/jobs/jobs.module.ts">
        <metrics statements="5" coveredstatements="5" conditionals="0" coveredconditionals="0" methods="0" coveredmethods="0"/>
        <line num="1" count="42" type="stmt"/>
        <line num="3" count="42" type="stmt"/>
        <line num="4" count="42" type="stmt"/>
        <line num="5" count="42" type="stmt"/>
        <line num="11" count="42" type="stmt"/>
      </file>
      <file name="jobs.service.ts" path="/home/guilherme/meuestagio/api/src/modules/jobs/jobs.service.ts">
        <metrics statements="19" coveredstatements="18" conditionals="4" coveredconditionals="3" methods="8" coveredmethods="8"/>
        <line num="1" count="42" type="stmt"/>
        <line num="2" count="42" type="stmt"/>
        <line num="5" count="42" type="stmt"/>
        <line num="8" count="42" type="stmt"/>
        <line num="9" count="42" type="stmt"/>
        <line num="12" count="1" type="stmt"/>
        <line num="14" count="1" type="stmt"/>
        <line num="20" count="2" type="stmt"/>
        <line num="29" count="2" type="stmt"/>
        <line num="47" count="40" type="cond" truecount="1" falsecount="0"/>
        <line num="48" count="20" type="stmt"/>
        <line num="51" count="20" type="stmt"/>
        <line num="72" count="2" type="stmt"/>
        <line num="87" count="2" type="stmt"/>
        <line num="104" count="2" type="stmt"/>
        <line num="108" count="1" type="cond" truecount="0" falsecount="1"/>
        <line num="113" count="0" type="stmt"/>
        <line num="124" count="20" type="stmt"/>
        <line num="151" count="20" type="stmt"/>
      </file>
    </package>
    <package name="src.modules.jobs.dtos">
      <metrics statements="18" coveredstatements="18" conditionals="0" coveredconditionals="0" methods="4" coveredmethods="4"/>
      <file name="create-job.dto.ts" path="/home/guilherme/meuestagio/api/src/modules/jobs/dtos/create-job.dto.ts">
        <metrics statements="18" coveredstatements="18" conditionals="0" coveredconditionals="0" methods="4" coveredmethods="4"/>
        <line num="1" count="42" type="stmt"/>
        <line num="2" count="42" type="stmt"/>
        <line num="3" count="42" type="stmt"/>
        <line num="5" count="42" type="stmt"/>
        <line num="6" count="42" type="stmt"/>
        <line num="10" count="42" type="stmt"/>
        <line num="13" count="42" type="stmt"/>
        <line num="16" count="42" type="stmt"/>
        <line num="17" count="2" type="stmt"/>
        <line num="21" count="42" type="stmt"/>
        <line num="22" count="2" type="stmt"/>
        <line num="26" count="42" type="stmt"/>
        <line num="29" count="42" type="stmt"/>
        <line num="32" count="42" type="stmt"/>
        <line num="33" count="2" type="stmt"/>
        <line num="37" count="42" type="stmt"/>
        <line num="40" count="42" type="stmt"/>
        <line num="41" count="2" type="stmt"/>
      </file>
    </package>
    <package name="src.modules.resumes">
      <metrics statements="28" coveredstatements="28" conditionals="0" coveredconditionals="0" methods="4" coveredmethods="4"/>
      <file name="resumes.controller.ts" path="/home/guilherme/meuestagio/api/src/modules/resumes/resumes.controller.ts">
        <metrics statements="10" coveredstatements="10" conditionals="0" coveredconditionals="0" methods="2" coveredmethods="2"/>
        <line num="1" count="42" type="stmt"/>
        <line num="2" count="42" type="stmt"/>
        <line num="4" count="42" type="stmt"/>
        <line num="5" count="42" type="stmt"/>
        <line num="6" count="42" type="stmt"/>
        <line num="7" count="42" type="stmt"/>
        <line num="11" count="42" type="stmt"/>
        <line num="12" count="42" type="stmt"/>
        <line num="17" count="42" type="stmt"/>
        <line num="18" count="1" type="stmt"/>
      </file>
      <file name="resumes.module.ts" path="/home/guilherme/meuestagio/api/src/modules/resumes/resumes.module.ts">
        <metrics statements="13" coveredstatements="13" conditionals="0" coveredconditionals="0" methods="0" coveredmethods="0"/>
        <line num="1" count="42" type="stmt"/>
        <line num="3" count="42" type="stmt"/>
        <line num="4" count="42" type="stmt"/>
        <line num="5" count="42" type="stmt"/>
        <line num="6" count="42" type="stmt"/>
        <line num="7" count="42" type="stmt"/>
        <line num="8" count="42" type="stmt"/>
        <line num="9" count="42" type="stmt"/>
        <line num="10" count="42" type="stmt"/>
        <line num="11" count="42" type="stmt"/>
        <line num="12" count="42" type="stmt"/>
        <line num="13" count="42" type="stmt"/>
        <line num="32" count="42" type="stmt"/>
      </file>
      <file name="resumes.service.ts" path="/home/guilherme/meuestagio/api/src/modules/resumes/resumes.service.ts">
        <metrics statements="5" coveredstatements="5" conditionals="0" coveredconditionals="0" methods="2" coveredmethods="2"/>
        <line num="1" count="42" type="stmt"/>
        <line num="3" count="42" type="stmt"/>
        <line num="6" count="42" type="stmt"/>
        <line num="7" count="42" type="stmt"/>
        <line num="10" count="1" type="stmt"/>
      </file>
    </package>
    <package name="src.modules.resumes.educations">
      <metrics statements="45" coveredstatements="45" conditionals="3" coveredconditionals="2" methods="12" coveredmethods="12"/>
      <file name="create.dto.ts" path="/home/guilherme/meuestagio/api/src/modules/resumes/educations/create.dto.ts">
        <metrics statements="11" coveredstatements="11" conditionals="0" coveredconditionals="0" methods="2" coveredmethods="2"/>
        <line num="1" count="42" type="stmt"/>
        <line num="3" count="42" type="stmt"/>
        <line num="4" count="42" type="stmt"/>
        <line num="6" count="42" type="stmt"/>
        <line num="7" count="42" type="stmt"/>
        <line num="10" count="42" type="stmt"/>
        <line num="13" count="42" type="stmt"/>
        <line num="16" count="42" type="stmt"/>
        <line num="18" count="4" type="stmt"/>
        <line num="21" count="42" type="stmt"/>
        <line num="23" count="4" type="stmt"/>
      </file>
      <file name="educations.controller.ts" path="/home/guilherme/meuestagio/api/src/modules/resumes/educations/educations.controller.ts">
        <metrics statements="15" coveredstatements="15" conditionals="0" coveredconditionals="0" methods="4" coveredmethods="4"/>
        <line num="1" count="42" type="stmt"/>
        <line num="13" count="42" type="stmt"/>
        <line num="15" count="42" type="stmt"/>
        <line num="16" count="42" type="stmt"/>
        <line num="17" count="42" type="stmt"/>
        <line num="18" count="42" type="stmt"/>
        <line num="19" count="42" type="stmt"/>
        <line num="23" count="42" type="stmt"/>
        <line num="24" count="42" type="stmt"/>
        <line num="29" count="42" type="stmt"/>
        <line num="30" count="2" type="stmt"/>
        <line num="36" count="42" type="stmt"/>
        <line num="37" count="4" type="stmt"/>
        <line num="44" count="42" type="stmt"/>
        <line num="45" count="3" type="stmt"/>
      </file>
      <file name="educations.service.ts" path="/home/guilherme/meuestagio/api/src/modules/resumes/educations/educations.service.ts">
        <metrics statements="19" coveredstatements="19" conditionals="3" coveredconditionals="2" methods="6" coveredmethods="6"/>
        <line num="1" count="42" type="stmt"/>
        <line num="8" count="42" type="stmt"/>
        <line num="11" count="42" type="stmt"/>
        <line num="12" count="42" type="stmt"/>
        <line num="15" count="2" type="stmt"/>
        <line num="16" count="1" type="stmt"/>
        <line num="27" count="4" type="stmt"/>
        <line num="28" count="4" type="stmt"/>
        <line num="36" count="3" type="stmt"/>
        <line num="37" count="3" type="stmt"/>
        <line num="43" count="3" type="cond" truecount="1" falsecount="0"/>
        <line num="45" count="2" type="stmt"/>
        <line num="53" count="9" type="stmt"/>
        <line num="54" count="9" type="stmt"/>
        <line num="60" count="2" type="stmt"/>
        <line num="61" count="2" type="cond" truecount="0" falsecount="1"/>
        <line num="63" count="2" type="stmt"/>
        <line num="70" count="2" type="cond" truecount="1" falsecount="0"/>
        <line num="72" count="1" type="stmt"/>
      </file>
    </package>
    <package name="src.modules.resumes.experiences">
      <metrics statements="45" coveredstatements="45" conditionals="3" coveredconditionals="2" methods="12" coveredmethods="12"/>
      <file name="create.dto.ts" path="/home/guilherme/meuestagio/api/src/modules/resumes/experiences/create.dto.ts">
        <metrics statements="11" coveredstatements="11" conditionals="0" coveredconditionals="0" methods="2" coveredmethods="2"/>
        <line num="1" count="42" type="stmt"/>
        <line num="2" count="42" type="stmt"/>
        <line num="4" count="42" type="stmt"/>
        <line num="5" count="42" type="stmt"/>
        <line num="8" count="42" type="stmt"/>
        <line num="11" count="42" type="stmt"/>
        <line num="14" count="42" type="stmt"/>
        <line num="17" count="42" type="stmt"/>
        <line num="19" count="4" type="stmt"/>
        <line num="22" count="42" type="stmt"/>
        <line num="24" count="4" type="stmt"/>
      </file>
      <file name="experiences.controller.ts" path="/home/guilherme/meuestagio/api/src/modules/resumes/experiences/experiences.controller.ts">
        <metrics statements="15" coveredstatements="15" conditionals="0" coveredconditionals="0" methods="4" coveredmethods="4"/>
        <line num="1" count="42" type="stmt"/>
        <line num="13" count="42" type="stmt"/>
        <line num="15" count="42" type="stmt"/>
        <line num="16" count="42" type="stmt"/>
        <line num="17" count="42" type="stmt"/>
        <line num="18" count="42" type="stmt"/>
        <line num="19" count="42" type="stmt"/>
        <line num="23" count="42" type="stmt"/>
        <line num="24" count="42" type="stmt"/>
        <line num="29" count="42" type="stmt"/>
        <line num="30" count="2" type="stmt"/>
        <line num="36" count="42" type="stmt"/>
        <line num="37" count="4" type="stmt"/>
        <line num="44" count="42" type="stmt"/>
        <line num="45" count="3" type="stmt"/>
      </file>
      <file name="experiences.service.ts" path="/home/guilherme/meuestagio/api/src/modules/resumes/experiences/experiences.service.ts">
        <metrics statements="19" coveredstatements="19" conditionals="3" coveredconditionals="2" methods="6" coveredmethods="6"/>
        <line num="1" count="42" type="stmt"/>
        <line num="8" count="42" type="stmt"/>
        <line num="11" count="42" type="stmt"/>
        <line num="12" count="42" type="stmt"/>
        <line num="15" count="2" type="stmt"/>
        <line num="17" count="1" type="stmt"/>
        <line num="26" count="4" type="stmt"/>
        <line num="27" count="4" type="stmt"/>
        <line num="35" count="3" type="stmt"/>
        <line num="36" count="3" type="stmt"/>
        <line num="42" count="3" type="cond" truecount="1" falsecount="0"/>
        <line num="44" count="2" type="stmt"/>
        <line num="52" count="9" type="stmt"/>
        <line num="53" count="9" type="stmt"/>
        <line num="59" count="2" type="stmt"/>
        <line num="60" count="2" type="cond" truecount="0" falsecount="1"/>
        <line num="62" count="2" type="stmt"/>
        <line num="66" count="2" type="cond" truecount="1" falsecount="0"/>
        <line num="68" count="1" type="stmt"/>
      </file>
    </package>
    <package name="src.modules.resumes.languages">
      <metrics statements="39" coveredstatements="39" conditionals="3" coveredconditionals="2" methods="10" coveredmethods="10"/>
      <file name="create.dto.ts" path="/home/guilherme/meuestagio/api/src/modules/resumes/languages/create.dto.ts">
        <metrics statements="5" coveredstatements="5" conditionals="0" coveredconditionals="0" methods="0" coveredmethods="0"/>
        <line num="1" count="42" type="stmt"/>
        <line num="2" count="42" type="stmt"/>
        <line num="4" count="42" type="stmt"/>
        <line num="5" count="42" type="stmt"/>
        <line num="8" count="42" type="stmt"/>
      </file>
      <file name="languages.controller.ts" path="/home/guilherme/meuestagio/api/src/modules/resumes/languages/languages.controller.ts">
        <metrics statements="15" coveredstatements="15" conditionals="0" coveredconditionals="0" methods="4" coveredmethods="4"/>
        <line num="1" count="42" type="stmt"/>
        <line num="13" count="42" type="stmt"/>
        <line num="15" count="42" type="stmt"/>
        <line num="16" count="42" type="stmt"/>
        <line num="17" count="42" type="stmt"/>
        <line num="18" count="42" type="stmt"/>
        <line num="19" count="42" type="stmt"/>
        <line num="23" count="42" type="stmt"/>
        <line num="24" count="42" type="stmt"/>
        <line num="29" count="42" type="stmt"/>
        <line num="30" count="2" type="stmt"/>
        <line num="36" count="42" type="stmt"/>
        <line num="37" count="4" type="stmt"/>
        <line num="44" count="42" type="stmt"/>
        <line num="45" count="3" type="stmt"/>
      </file>
      <file name="languages.service.ts" path="/home/guilherme/meuestagio/api/src/modules/resumes/languages/languages.service.ts">
        <metrics statements="19" coveredstatements="19" conditionals="3" coveredconditionals="2" methods="6" coveredmethods="6"/>
        <line num="1" count="42" type="stmt"/>
        <line num="7" count="42" type="stmt"/>
        <line num="11" count="42" type="stmt"/>
        <line num="12" count="42" type="stmt"/>
        <line num="15" count="2" type="stmt"/>
        <line num="17" count="1" type="stmt"/>
        <line num="26" count="4" type="stmt"/>
        <line num="27" count="4" type="stmt"/>
        <line num="35" count="3" type="stmt"/>
        <line num="36" count="3" type="stmt"/>
        <line num="42" count="3" type="cond" truecount="1" falsecount="0"/>
        <line num="44" count="2" type="stmt"/>
        <line num="52" count="9" type="stmt"/>
        <line num="53" count="9" type="stmt"/>
        <line num="59" count="2" type="stmt"/>
        <line num="60" count="2" type="cond" truecount="0" falsecount="1"/>
        <line num="62" count="2" type="stmt"/>
        <line num="66" count="2" type="cond" truecount="1" falsecount="0"/>
        <line num="68" count="1" type="stmt"/>
      </file>
    </package>
    <package name="src.modules.resumes.skills">
      <metrics statements="38" coveredstatements="38" conditionals="3" coveredconditionals="2" methods="10" coveredmethods="10"/>
      <file name="create.dto.ts" path="/home/guilherme/meuestagio/api/src/modules/resumes/skills/create.dto.ts">
        <metrics statements="5" coveredstatements="5" conditionals="0" coveredconditionals="0" methods="0" coveredmethods="0"/>
        <line num="1" count="42" type="stmt"/>
        <line num="2" count="42" type="stmt"/>
        <line num="4" count="42" type="stmt"/>
        <line num="5" count="42" type="stmt"/>
        <line num="8" count="42" type="stmt"/>
      </file>
      <file name="skills.controller.ts" path="/home/guilherme/meuestagio/api/src/modules/resumes/skills/skills.controller.ts">
        <metrics statements="15" coveredstatements="15" conditionals="0" coveredconditionals="0" methods="4" coveredmethods="4"/>
        <line num="1" count="42" type="stmt"/>
        <line num="13" count="42" type="stmt"/>
        <line num="15" count="42" type="stmt"/>
        <line num="16" count="42" type="stmt"/>
        <line num="17" count="42" type="stmt"/>
        <line num="18" count="42" type="stmt"/>
        <line num="19" count="42" type="stmt"/>
        <line num="23" count="42" type="stmt"/>
        <line num="24" count="42" type="stmt"/>
        <line num="29" count="42" type="stmt"/>
        <line num="30" count="2" type="stmt"/>
        <line num="36" count="42" type="stmt"/>
        <line num="37" count="4" type="stmt"/>
        <line num="44" count="42" type="stmt"/>
        <line num="48" count="3" type="stmt"/>
      </file>
      <file name="skills.service.ts" path="/home/guilherme/meuestagio/api/src/modules/resumes/skills/skills.service.ts">
        <metrics statements="18" coveredstatements="18" conditionals="3" coveredconditionals="2" methods="6" coveredmethods="6"/>
        <line num="1" count="42" type="stmt"/>
        <line num="8" count="42" type="stmt"/>
        <line num="11" count="42" type="stmt"/>
        <line num="12" count="42" type="stmt"/>
        <line num="15" count="2" type="stmt"/>
        <line num="17" count="1" type="stmt"/>
        <line num="27" count="4" type="stmt"/>
        <line num="28" count="4" type="stmt"/>
        <line num="34" count="3" type="stmt"/>
        <line num="35" count="3" type="stmt"/>
        <line num="42" count="3" type="cond" truecount="1" falsecount="0"/>
        <line num="44" count="2" type="stmt"/>
        <line num="50" count="9" type="stmt"/>
        <line num="58" count="2" type="stmt"/>
        <line num="59" count="2" type="cond" truecount="0" falsecount="1"/>
        <line num="61" count="2" type="stmt"/>
        <line num="68" count="2" type="cond" truecount="1" falsecount="0"/>
        <line num="70" count="1" type="stmt"/>
      </file>
    </package>
    <package name="src.modules.users">
      <metrics statements="10" coveredstatements="10" conditionals="0" coveredconditionals="0" methods="0" coveredmethods="0"/>
      <file name="users.module.ts" path="/home/guilherme/meuestagio/api/src/modules/users/users.module.ts">
        <metrics statements="10" coveredstatements="10" conditionals="0" coveredconditionals="0" methods="0" coveredmethods="0"/>
        <line num="1" count="42" type="stmt"/>
        <line num="3" count="42" type="stmt"/>
        <line num="4" count="42" type="stmt"/>
        <line num="6" count="42" type="stmt"/>
        <line num="7" count="42" type="stmt"/>
        <line num="8" count="42" type="stmt"/>
        <line num="9" count="42" type="stmt"/>
        <line num="10" count="42" type="stmt"/>
        <line num="11" count="42" type="stmt"/>
        <line num="24" count="42" type="stmt"/>
      </file>
    </package>
    <package name="src.modules.users.admin">
      <metrics statements="27" coveredstatements="24" conditionals="1" coveredconditionals="0" methods="5" coveredmethods="4"/>
      <file name="admin.controller.ts" path="/home/guilherme/meuestagio/api/src/modules/users/admin/admin.controller.ts">
        <metrics statements="13" coveredstatements="10" conditionals="1" coveredconditionals="0" methods="2" coveredmethods="1"/>
        <line num="1" count="42" type="stmt"/>
        <line num="8" count="42" type="stmt"/>
        <line num="9" count="42" type="stmt"/>
        <line num="12" count="42" type="stmt"/>
        <line num="13" count="42" type="stmt"/>
        <line num="14" count="42" type="stmt"/>
        <line num="15" count="42" type="stmt"/>
        <line num="19" count="42" type="stmt"/>
        <line num="20" count="42" type="stmt"/>
        <line num="25" count="42" type="stmt"/>
        <line num="26" count="0" type="stmt"/>
        <line num="27" count="0" type="cond" truecount="0" falsecount="1"/>
        <line num="28" count="0" type="stmt"/>
      </file>
      <file name="admin.service.ts" path="/home/guilherme/meuestagio/api/src/modules/users/admin/admin.service.ts">
        <metrics statements="5" coveredstatements="5" conditionals="0" coveredconditionals="0" methods="2" coveredmethods="2"/>
        <line num="1" count="42" type="stmt"/>
        <line num="3" count="42" type="stmt"/>
        <line num="6" count="42" type="stmt"/>
        <line num="7" count="42" type="stmt"/>
        <line num="10" count="18" type="stmt"/>
      </file>
      <file name="create-user.dto.ts" path="/home/guilherme/meuestagio/api/src/modules/users/admin/create-user.dto.ts">
        <metrics statements="9" coveredstatements="9" conditionals="0" coveredconditionals="0" methods="1" coveredmethods="1"/>
        <line num="1" count="42" type="stmt"/>
        <line num="2" count="42" type="stmt"/>
        <line num="4" count="42" type="stmt"/>
        <line num="5" count="42" type="stmt"/>
        <line num="8" count="42" type="stmt"/>
        <line num="11" count="42" type="stmt"/>
        <line num="14" count="42" type="stmt"/>
        <line num="15" count="9" type="stmt"/>
        <line num="19" count="42" type="stmt"/>
      </file>
    </package>
    <package name="src.modules.users.companies">
      <metrics statements="72" coveredstatements="70" conditionals="10" coveredconditionals="5" methods="15" coveredmethods="15"/>
      <file name="companies.controller.ts" path="/home/guilherme/meuestagio/api/src/modules/users/companies/companies.controller.ts">
        <metrics statements="26" coveredstatements="26" conditionals="1" coveredconditionals="0" methods="5" coveredmethods="5"/>
        <line num="1" count="42" type="stmt"/>
        <line num="13" count="42" type="stmt"/>
        <line num="14" count="42" type="stmt"/>
        <line num="15" count="42" type="stmt"/>
        <line num="17" count="42" type="stmt"/>
        <line num="18" count="42" type="stmt"/>
        <line num="19" count="42" type="stmt"/>
        <line num="20" count="42" type="stmt"/>
        <line num="21" count="42" type="stmt"/>
        <line num="22" count="42" type="stmt"/>
        <line num="23" count="42" type="stmt"/>
        <line num="28" count="42" type="stmt"/>
        <line num="30" count="42" type="stmt"/>
        <line num="31" count="42" type="stmt"/>
        <line num="35" count="42" type="stmt"/>
        <line num="36" count="2" type="stmt"/>
        <line num="42" count="42" type="stmt"/>
        <line num="43" count="1" type="stmt"/>
        <line num="46" count="1" type="cond" truecount="0" falsecount="1"/>
        <line num="47" count="1" type="stmt"/>
        <line num="54" count="42" type="stmt"/>
        <line num="58" count="1" type="stmt"/>
        <line num="64" count="42" type="stmt"/>
        <line num="68" count="2" type="stmt"/>
        <line num="73" count="1" type="stmt"/>
        <line num="80" count="1" type="stmt"/>
      </file>
      <file name="companies.service.ts" path="/home/guilherme/meuestagio/api/src/modules/users/companies/companies.service.ts">
        <metrics statements="30" coveredstatements="28" conditionals="9" coveredconditionals="5" methods="9" coveredmethods="9"/>
        <line num="1" count="42" type="stmt"/>
        <line num="8" count="42" type="stmt"/>
        <line num="10" count="42" type="stmt"/>
        <line num="11" count="42" type="stmt"/>
        <line num="14" count="42" type="stmt"/>
        <line num="16" count="42" type="stmt"/>
        <line num="17" count="42" type="stmt"/>
        <line num="21" count="2" type="stmt"/>
        <line num="23" count="1" type="stmt"/>
        <line num="25" count="1" type="stmt"/>
        <line num="34" count="2" type="stmt"/>
        <line num="36" count="1" type="stmt"/>
        <line num="41" count="1" type="stmt"/>
        <line num="45" count="2" type="stmt"/>
        <line num="49" count="37" type="stmt"/>
        <line num="53" count="1" type="stmt"/>
        <line num="62" count="1" type="stmt"/>
        <line num="64" count="1" type="stmt"/>
        <line num="68" count="1" type="stmt"/>
        <line num="72" count="1" type="stmt"/>
        <line num="76" count="2" type="cond" truecount="0" falsecount="1"/>
        <line num="77" count="0" type="stmt"/>
        <line num="79" count="2" type="cond" truecount="0" falsecount="1"/>
        <line num="80" count="0" type="stmt"/>
        <line num="82" count="2" type="cond" truecount="1" falsecount="0"/>
        <line num="83" count="1" type="stmt"/>
        <line num="87" count="2" type="cond" truecount="1" falsecount="0"/>
        <line num="88" count="2" type="stmt"/>
        <line num="89" count="2" type="cond" truecount="3" falsecount="0"/>
        <line num="90" count="1" type="stmt"/>
      </file>
      <file name="create-company.dto.ts" path="/home/guilherme/meuestagio/api/src/modules/users/companies/create-company.dto.ts">
        <metrics statements="11" coveredstatements="11" conditionals="0" coveredconditionals="0" methods="1" coveredmethods="1"/>
        <line num="1" count="42" type="stmt"/>
        <line num="2" count="42" type="stmt"/>
        <line num="3" count="42" type="stmt"/>
        <line num="5" count="42" type="stmt"/>
        <line num="6" count="42" type="stmt"/>
        <line num="9" count="42" type="stmt"/>
        <line num="12" count="42" type="stmt"/>
        <line num="15" count="42" type="stmt"/>
        <line num="16" count="9" type="stmt"/>
        <line num="20" count="42" type="stmt"/>
        <line num="23" count="42" type="stmt"/>
      </file>
      <file name="update-company.dto.ts" path="/home/guilherme/meuestagio/api/src/modules/users/companies/update-company.dto.ts">
        <metrics statements="5" coveredstatements="5" conditionals="0" coveredconditionals="0" methods="0" coveredmethods="0"/>
        <line num="1" count="42" type="stmt"/>
        <line num="2" count="42" type="stmt"/>
        <line num="3" count="42" type="stmt"/>
        <line num="5" count="42" type="stmt"/>
        <line num="8" count="42" type="stmt"/>
      </file>
    </package>
    <package name="src.modules.users.students">
      <metrics statements="78" coveredstatements="48" conditionals="7" coveredconditionals="0" methods="15" coveredmethods="5"/>
      <file name="student-create.dto.ts" path="/home/guilherme/meuestagio/api/src/modules/users/students/student-create.dto.ts">
        <metrics statements="13" coveredstatements="10" conditionals="0" coveredconditionals="0" methods="3" coveredmethods="0"/>
        <line num="1" count="42" type="stmt"/>
        <line num="2" count="42" type="stmt"/>
        <line num="4" count="42" type="stmt"/>
        <line num="5" count="42" type="stmt"/>
        <line num="8" count="42" type="stmt"/>
        <line num="11" count="42" type="stmt"/>
        <line num="14" count="42" type="stmt"/>
        <line num="15" count="0" type="stmt"/>
        <line num="19" count="42" type="stmt"/>
        <line num="22" count="42" type="stmt"/>
        <line num="23" count="0" type="stmt"/>
        <line num="27" count="42" type="stmt"/>
        <line num="28" count="0" type="stmt"/>
      </file>
      <file name="student-update.dto.ts" path="/home/guilherme/meuestagio/api/src/modules/users/students/student-update.dto.ts">
        <metrics statements="6" coveredstatements="6" conditionals="0" coveredconditionals="0" methods="0" coveredmethods="0"/>
        <line num="1" count="42" type="stmt"/>
        <line num="2" count="42" type="stmt"/>
        <line num="3" count="42" type="stmt"/>
        <line num="5" count="42" type="stmt"/>
        <line num="6" count="42" type="stmt"/>
        <line num="9" count="42" type="stmt"/>
      </file>
      <file name="students.controller.ts" path="/home/guilherme/meuestagio/api/src/modules/users/students/students.controller.ts">
        <metrics statements="28" coveredstatements="19" conditionals="1" coveredconditionals="0" methods="5" coveredmethods="2"/>
        <line num="1" count="42" type="stmt"/>
        <line num="13" count="42" type="stmt"/>
        <line num="14" count="42" type="stmt"/>
        <line num="15" count="42" type="stmt"/>
        <line num="17" count="42" type="stmt"/>
        <line num="18" count="42" type="stmt"/>
        <line num="19" count="42" type="stmt"/>
        <line num="20" count="42" type="stmt"/>
        <line num="21" count="42" type="stmt"/>
        <line num="22" count="42" type="stmt"/>
        <line num="23" count="42" type="stmt"/>
        <line num="28" count="42" type="stmt"/>
        <line num="30" count="42" type="stmt"/>
        <line num="31" count="42" type="stmt"/>
        <line num="35" count="42" type="stmt"/>
        <line num="36" count="0" type="stmt"/>
        <line num="42" count="42" type="stmt"/>
        <line num="43" count="0" type="stmt"/>
        <line num="44" count="0" type="cond" truecount="0" falsecount="1"/>
        <line num="46" count="0" type="stmt"/>
        <line num="55" count="42" type="stmt"/>
        <line num="59" count="0" type="stmt"/>
        <line num="64" count="0" type="stmt"/>
        <line num="71" count="0" type="stmt"/>
        <line num="73" count="0" type="stmt"/>
        <line num="78" count="0" type="stmt"/>
        <line num="89" count="42" type="stmt"/>
        <line num="93" count="1" type="stmt"/>
      </file>
      <file name="students.service.ts" path="/home/guilherme/meuestagio/api/src/modules/users/students/students.service.ts">
        <metrics statements="31" coveredstatements="13" conditionals="6" coveredconditionals="0" methods="7" coveredmethods="3"/>
        <line num="1" count="42" type="stmt"/>
        <line num="4" count="42" type="stmt"/>
        <line num="6" count="42" type="stmt"/>
        <line num="8" count="42" type="stmt"/>
        <line num="11" count="42" type="stmt"/>
        <line num="13" count="42" type="stmt"/>
        <line num="14" count="42" type="stmt"/>
        <line num="18" count="0" type="cond" truecount="0" falsecount="1"/>
        <line num="19" count="0" type="stmt"/>
        <line num="22" count="0" type="stmt"/>
        <line num="24" count="0" type="stmt"/>
        <line num="31" count="0" type="stmt"/>
        <line num="37" count="0" type="stmt"/>
        <line num="44" count="0" type="stmt"/>
        <line num="48" count="66" type="stmt"/>
        <line num="58" count="66" type="stmt"/>
        <line num="62" count="0" type="stmt"/>
        <line num="66" count="0" type="cond" truecount="0" falsecount="1"/>
        <line num="67" count="0" type="stmt"/>
        <line num="68" count="0" type="cond" truecount="0" falsecount="3"/>
        <line num="69" count="0" type="stmt"/>
        <line num="73" count="0" type="stmt"/>
        <line num="78" count="0" type="stmt"/>
        <line num="85" count="1" type="stmt"/>
        <line num="86" count="1" type="stmt"/>
        <line num="91" count="1" type="stmt"/>
        <line num="96" count="1" type="stmt"/>
        <line num="100" count="0" type="cond" truecount="0" falsecount="1"/>
        <line num="101" count="0" type="stmt"/>
        <line num="104" count="0" type="stmt"/>
        <line num="109" count="0" type="stmt"/>
      </file>
    </package>
    <package name="src.utils">
      <metrics statements="8" coveredstatements="7" conditionals="0" coveredconditionals="0" methods="4" coveredmethods="3"/>
      <file name="bcriptUtils.ts" path="/home/guilherme/meuestagio/api/src/utils/bcriptUtils.ts">
        <metrics statements="8" coveredstatements="7" conditionals="0" coveredconditionals="0" methods="4" coveredmethods="3"/>
        <line num="1" count="42" type="stmt"/>
        <line num="3" count="42" type="stmt"/>
        <line num="5" count="42" type="stmt"/>
        <line num="7" count="1" type="stmt"/>
        <line num="11" count="110" type="stmt"/>
        <line num="15" count="205" type="stmt"/>
        <line num="19" count="0" type="stmt"/>
        <line num="23" count="42" type="stmt"/>
      </file>
    </package>
    <package name="test.helpers">
      <metrics statements="25" coveredstatements="25" conditionals="6" coveredconditionals="6" methods="7" coveredmethods="7"/>
      <file name="login.ts" path="/home/guilherme/meuestagio/api/test/helpers/login.ts">
        <metrics statements="16" coveredstatements="16" conditionals="6" coveredconditionals="6" methods="3" coveredmethods="3"/>
        <line num="2" count="29" type="stmt"/>
        <line num="3" count="29" type="stmt"/>
        <line num="4" count="29" type="stmt"/>
        <line num="5" count="29" type="stmt"/>
        <line num="7" count="29" type="stmt"/>
        <line num="11" count="28" type="cond" truecount="2" falsecount="0"/>
        <line num="13" count="28" type="stmt"/>
        <line num="20" count="28" type="stmt"/>
        <line num="23" count="29" type="stmt"/>
        <line num="27" count="61" type="cond" truecount="2" falsecount="0"/>
        <line num="29" count="61" type="stmt"/>
        <line num="36" count="61" type="stmt"/>
        <line num="39" count="29" type="stmt"/>
        <line num="43" count="15" type="cond" truecount="2" falsecount="0"/>
        <line num="45" count="15" type="stmt"/>
        <line num="52" count="15" type="stmt"/>
      </file>
      <file name="request.ts" path="/home/guilherme/meuestagio/api/test/helpers/request.ts">
        <metrics statements="9" coveredstatements="9" conditionals="0" coveredconditionals="0" methods="4" coveredmethods="4"/>
        <line num="2" count="21" type="stmt"/>
        <line num="4" count="21" type="stmt"/>
        <line num="10" count="45" type="stmt"/>
        <line num="16" count="21" type="stmt"/>
        <line num="22" count="7" type="stmt"/>
        <line num="28" count="21" type="stmt"/>
        <line num="34" count="54" type="stmt"/>
        <line num="40" count="21" type="stmt"/>
        <line num="46" count="20" type="stmt"/>
      </file>
    </package>
  </project>
</coverage>
