{"/home/guilherme/meuestagio/api/prisma/prisma.service.ts": {"path":"/home/guilherme/meuestagio/api/prisma/prisma.service.ts","statementMap":{"0":{"start":{"line":1,"column":0},"end":{"line":1,"column":44}},"1":{"start":{"line":2,"column":0},"end":{"line":2,"column":46}},"2":{"start":{"line":5,"column":7},"end":{"line":5,"column":null}},"3":{"start":{"line":5,"column":13},"end":{"line":5,"column":null}},"4":{"start":{"line":5,"column":13},"end":{"line":5,"column":26}}},"fnMap":{},"branchMap":{},"s":{"0":42,"1":42,"2":42,"3":42,"4":42},"f":{},"b":{}}
,"/home/guilherme/meuestagio/api/prisma/prisma.ts": {"path":"/home/guilherme/meuestagio/api/prisma/prisma.ts","statementMap":{"0":{"start":{"line":1,"column":0},"end":{"line":1,"column":46}},"1":{"start":{"line":3,"column":13},"end":{"line":3,"column":41}}},"fnMap":{},"branchMap":{},"s":{"0":42,"1":42},"f":{},"b":{}}
,"/home/guilherme/meuestagio/api/prisma/testing/factories/area.ts": {"path":"/home/guilherme/meuestagio/api/prisma/testing/factories/area.ts","statementMap":{"0":{"start":{"line":1,"column":0},"end":{"line":1,"column":38}},"1":{"start":{"line":2,"column":0},"end":{"line":2,"column":40}},"2":{"start":{"line":4,"column":26},"end":{"line":11,"column":1}},"3":{"start":{"line":5,"column":2},"end":{"line":10,"column":5}},"4":{"start":{"line":4,"column":13},"end":{"line":4,"column":26}},"5":{"start":{"line":14,"column":16},"end":{"line":14,"column":18}},"6":{"start":{"line":16,"column":2},"end":{"line":18,"column":null}},"7":{"start":{"line":16,"column":15},"end":{"line":16,"column":16}},"8":{"start":{"line":17,"column":4},"end":{"line":17,"column":29}},"9":{"start":{"line":20,"column":2},"end":{"line":20,"column":34}},"10":{"start":{"line":13,"column":0},"end":{"line":13,"column":7}}},"fnMap":{"0":{"name":"(anonymous_0)","decl":{"start":{"line":4,"column":26},"end":{"line":4,"column":31}},"loc":{"start":{"line":4,"column":37},"end":{"line":11,"column":1}}},"1":{"name":"createManyAreas","decl":{"start":{"line":13,"column":22},"end":{"line":13,"column":37}},"loc":{"start":{"line":13,"column":54},"end":{"line":21,"column":1}}}},"branchMap":{},"s":{"0":37,"1":37,"2":37,"3":207,"4":37,"5":1,"6":1,"7":1,"8":5,"9":1,"10":37},"f":{"0":207,"1":1},"b":{}}
,"/home/guilherme/meuestagio/api/prisma/testing/factories/city.ts": {"path":"/home/guilherme/meuestagio/api/prisma/testing/factories/city.ts","statementMap":{"0":{"start":{"line":1,"column":0},"end":{"line":1,"column":38}},"1":{"start":{"line":2,"column":0},"end":{"line":2,"column":40}},"2":{"start":{"line":3,"column":0},"end":{"line":3,"column":40}},"3":{"start":{"line":8,"column":26},"end":{"line":21,"column":1}},"4":{"start":{"line":9,"column":17},"end":{"line":9,"column":37}},"5":{"start":{"line":11,"column":2},"end":{"line":20,"column":5}},"6":{"start":{"line":8,"column":13},"end":{"line":8,"column":26}},"7":{"start":{"line":23,"column":32},"end":{"line":31,"column":1}},"8":{"start":{"line":24,"column":17},"end":{"line":24,"column":19}},"9":{"start":{"line":26,"column":2},"end":{"line":28,"column":null}},"10":{"start":{"line":26,"column":15},"end":{"line":26,"column":16}},"11":{"start":{"line":27,"column":4},"end":{"line":27,"column":30}},"12":{"start":{"line":30,"column":2},"end":{"line":30,"column":35}},"13":{"start":{"line":23,"column":13},"end":{"line":23,"column":32}}},"fnMap":{"0":{"name":"(anonymous_0)","decl":{"start":{"line":8,"column":26},"end":{"line":8,"column":31}},"loc":{"start":{"line":8,"column":54},"end":{"line":21,"column":1}}},"1":{"name":"(anonymous_1)","decl":{"start":{"line":23,"column":32},"end":{"line":23,"column":37}},"loc":{"start":{"line":23,"column":59},"end":{"line":31,"column":1}}}},"branchMap":{"0":{"loc":{"start":{"line":14,"column":12},"end":{"line":14,"column":62}},"type":"cond-expr","locations":[{"start":{"line":14,"column":25},"end":{"line":14,"column":34}},{"start":{"line":14,"column":37},"end":{"line":14,"column":62}}]},"1":{"loc":{"start":{"line":14,"column":12},"end":{"line":14,"column":22}},"type":"cond-expr","locations":[{"start":{"line":14,"column":16},"end":{"line":14,"column":18}},{"start":{"line":14,"column":12},"end":{"line":14,"column":22}}]},"2":{"loc":{"start":{"line":14,"column":12},"end":{"line":14,"column":18}},"type":"binary-expr","locations":[{"start":{"line":14,"column":12},"end":{"line":14,"column":18}},{"start":{"line":14,"column":12},"end":{"line":14,"column":18}}]},"3":{"loc":{"start":{"line":15,"column":13},"end":{"line":15,"column":62}},"type":"cond-expr","locations":[{"start":{"line":15,"column":27},"end":{"line":15,"column":37}},{"start":{"line":15,"column":40},"end":{"line":15,"column":62}}]},"4":{"loc":{"start":{"line":15,"column":13},"end":{"line":15,"column":24}},"type":"cond-expr","locations":[{"start":{"line":15,"column":17},"end":{"line":15,"column":19}},{"start":{"line":15,"column":13},"end":{"line":15,"column":24}}]},"5":{"loc":{"start":{"line":15,"column":13},"end":{"line":15,"column":19}},"type":"binary-expr","locations":[{"start":{"line":15,"column":13},"end":{"line":15,"column":19}},{"start":{"line":15,"column":13},"end":{"line":15,"column":19}}]}},"s":{"0":39,"1":39,"2":39,"3":39,"4":509,"5":509,"6":39,"7":39,"8":4,"9":4,"10":4,"11":17,"12":4,"13":39},"f":{"0":509,"1":4},"b":{"0":[6,503],"1":[500,9],"2":[509,509],"3":[3,506],"4":[500,9],"5":[509,509]}}
,"/home/guilherme/meuestagio/api/prisma/testing/factories/company.ts": {"path":"/home/guilherme/meuestagio/api/prisma/testing/factories/company.ts","statementMap":{"0":{"start":{"line":1,"column":0},"end":{"line":1,"column":40}},"1":{"start":{"line":3,"column":0},"end":{"line":3,"column":36}},"2":{"start":{"line":4,"column":0},"end":{"line":4,"column":59}},"3":{"start":{"line":5,"column":0},"end":{"line":5,"column":38}},"4":{"start":{"line":7,"column":29},"end":{"line":25,"column":1}},"5":{"start":{"line":8,"column":15},"end":{"line":8,"column":33}},"6":{"start":{"line":10,"column":2},"end":{"line":24,"column":5}},"7":{"start":{"line":7,"column":13},"end":{"line":7,"column":29}},"8":{"start":{"line":27,"column":35},"end":{"line":35,"column":1}},"9":{"start":{"line":28,"column":20},"end":{"line":28,"column":22}},"10":{"start":{"line":30,"column":2},"end":{"line":32,"column":null}},"11":{"start":{"line":30,"column":15},"end":{"line":30,"column":16}},"12":{"start":{"line":31,"column":4},"end":{"line":31,"column":36}},"13":{"start":{"line":34,"column":2},"end":{"line":34,"column":38}},"14":{"start":{"line":27,"column":13},"end":{"line":27,"column":35}}},"fnMap":{"0":{"name":"(anonymous_0)","decl":{"start":{"line":7,"column":29},"end":{"line":7,"column":34}},"loc":{"start":{"line":7,"column":40},"end":{"line":25,"column":1}}},"1":{"name":"(anonymous_1)","decl":{"start":{"line":27,"column":35},"end":{"line":27,"column":40}},"loc":{"start":{"line":27,"column":60},"end":{"line":35,"column":1}}}},"branchMap":{},"s":{"0":35,"1":35,"2":35,"3":35,"4":35,"5":105,"6":105,"7":35,"8":35,"9":0,"10":0,"11":0,"12":0,"13":0,"14":35},"f":{"0":105,"1":0},"b":{}}
,"/home/guilherme/meuestagio/api/prisma/testing/factories/course.ts": {"path":"/home/guilherme/meuestagio/api/prisma/testing/factories/course.ts","statementMap":{"0":{"start":{"line":1,"column":0},"end":{"line":1,"column":50}},"1":{"start":{"line":2,"column":0},"end":{"line":2,"column":38}},"2":{"start":{"line":3,"column":0},"end":{"line":3,"column":40}},"3":{"start":{"line":4,"column":0},"end":{"line":4,"column":36}},"4":{"start":{"line":7,"column":22},"end":{"line":7,"column":47}},"5":{"start":{"line":8,"column":15},"end":{"line":8,"column":33}},"6":{"start":{"line":10,"column":2},"end":{"line":20,"column":5}},"7":{"start":{"line":6,"column":0},"end":{"line":6,"column":7}},"8":{"start":{"line":24,"column":18},"end":{"line":24,"column":20}},"9":{"start":{"line":26,"column":2},"end":{"line":28,"column":null}},"10":{"start":{"line":26,"column":15},"end":{"line":26,"column":16}},"11":{"start":{"line":27,"column":4},"end":{"line":27,"column":33}},"12":{"start":{"line":30,"column":2},"end":{"line":30,"column":36}},"13":{"start":{"line":23,"column":0},"end":{"line":23,"column":7}}},"fnMap":{"0":{"name":"createCourse","decl":{"start":{"line":6,"column":22},"end":{"line":6,"column":34}},"loc":{"start":{"line":6,"column":48},"end":{"line":21,"column":1}}},"1":{"name":"createManyCourses","decl":{"start":{"line":23,"column":22},"end":{"line":23,"column":39}},"loc":{"start":{"line":23,"column":56},"end":{"line":31,"column":1}}}},"branchMap":{"0":{"loc":{"start":{"line":12,"column":12},"end":{"line":12,"column":51}},"type":"cond-expr","locations":[{"start":{"line":12,"column":12},"end":{"line":12,"column":16}},{"start":{"line":12,"column":20},"end":{"line":12,"column":51}}]},"1":{"loc":{"start":{"line":12,"column":12},"end":{"line":12,"column":20}},"type":"binary-expr","locations":[{"start":{"line":12,"column":12},"end":{"line":12,"column":20}},{"start":{"line":12,"column":12},"end":{"line":12,"column":20}}]}},"s":{"0":31,"1":31,"2":31,"3":31,"4":130,"5":130,"6":130,"7":31,"8":7,"9":7,"10":7,"11":35,"12":7,"13":31},"f":{"0":130,"1":7},"b":{"0":[7,123],"1":[130,130]}}
,"/home/guilherme/meuestagio/api/prisma/testing/factories/education.ts": {"path":"/home/guilherme/meuestagio/api/prisma/testing/factories/education.ts","statementMap":{"0":{"start":{"line":1,"column":0},"end":{"line":1,"column":40}},"1":{"start":{"line":3,"column":0},"end":{"line":3,"column":38}},"2":{"start":{"line":5,"column":31},"end":{"line":16,"column":1}},"3":{"start":{"line":6,"column":2},"end":{"line":15,"column":5}},"4":{"start":{"line":5,"column":13},"end":{"line":5,"column":31}}},"fnMap":{"0":{"name":"(anonymous_0)","decl":{"start":{"line":5,"column":31},"end":{"line":5,"column":36}},"loc":{"start":{"line":5,"column":75},"end":{"line":16,"column":1}}}},"branchMap":{"0":{"loc":{"start":{"line":11,"column":14},"end":{"line":11,"column":47}},"type":"binary-expr","locations":[{"start":{"line":11,"column":14},"end":{"line":11,"column":20}},{"start":{"line":11,"column":24},"end":{"line":11,"column":47}}]}},"s":{"0":3,"1":3,"2":3,"3":6,"4":3},"f":{"0":6},"b":{"0":[6,5]}}
,"/home/guilherme/meuestagio/api/prisma/testing/factories/experience.ts": {"path":"/home/guilherme/meuestagio/api/prisma/testing/factories/experience.ts","statementMap":{"0":{"start":{"line":1,"column":0},"end":{"line":1,"column":40}},"1":{"start":{"line":2,"column":0},"end":{"line":2,"column":38}},"2":{"start":{"line":4,"column":32},"end":{"line":16,"column":1}},"3":{"start":{"line":5,"column":2},"end":{"line":15,"column":5}},"4":{"start":{"line":4,"column":13},"end":{"line":4,"column":32}}},"fnMap":{"0":{"name":"(anonymous_0)","decl":{"start":{"line":4,"column":32},"end":{"line":4,"column":37}},"loc":{"start":{"line":4,"column":77},"end":{"line":16,"column":1}}}},"branchMap":{"0":{"loc":{"start":{"line":8,"column":15},"end":{"line":8,"column":46}},"type":"binary-expr","locations":[{"start":{"line":8,"column":15},"end":{"line":8,"column":22}},{"start":{"line":8,"column":26},"end":{"line":8,"column":46}}]}},"s":{"0":3,"1":3,"2":3,"3":6,"4":3},"f":{"0":6},"b":{"0":[6,5]}}
,"/home/guilherme/meuestagio/api/prisma/testing/factories/institution.ts": {"path":"/home/guilherme/meuestagio/api/prisma/testing/factories/institution.ts","statementMap":{"0":{"start":{"line":1,"column":0},"end":{"line":1,"column":38}},"1":{"start":{"line":2,"column":0},"end":{"line":2,"column":40}},"2":{"start":{"line":3,"column":0},"end":{"line":3,"column":36}},"3":{"start":{"line":5,"column":33},"end":{"line":15,"column":1}},"4":{"start":{"line":6,"column":15},"end":{"line":6,"column":33}},"5":{"start":{"line":8,"column":2},"end":{"line":14,"column":5}},"6":{"start":{"line":5,"column":13},"end":{"line":5,"column":33}},"7":{"start":{"line":18,"column":23},"end":{"line":18,"column":25}},"8":{"start":{"line":20,"column":2},"end":{"line":22,"column":null}},"9":{"start":{"line":20,"column":15},"end":{"line":20,"column":16}},"10":{"start":{"line":21,"column":4},"end":{"line":21,"column":43}},"11":{"start":{"line":24,"column":2},"end":{"line":24,"column":41}},"12":{"start":{"line":17,"column":0},"end":{"line":17,"column":7}}},"fnMap":{"0":{"name":"(anonymous_0)","decl":{"start":{"line":5,"column":33},"end":{"line":5,"column":38}},"loc":{"start":{"line":5,"column":57},"end":{"line":15,"column":1}}},"1":{"name":"createManyInstitutions","decl":{"start":{"line":17,"column":22},"end":{"line":17,"column":44}},"loc":{"start":{"line":17,"column":61},"end":{"line":25,"column":1}}}},"branchMap":{"0":{"loc":{"start":{"line":10,"column":12},"end":{"line":10,"column":62}},"type":"cond-expr","locations":[{"start":{"line":10,"column":19},"end":{"line":10,"column":23}},{"start":{"line":10,"column":26},"end":{"line":10,"column":62}}]}},"s":{"0":32,"1":32,"2":32,"3":32,"4":243,"5":243,"6":32,"7":3,"8":3,"9":3,"10":15,"11":3,"12":32},"f":{"0":243,"1":3},"b":{"0":[6,237]}}
,"/home/guilherme/meuestagio/api/prisma/testing/factories/job-applications.ts": {"path":"/home/guilherme/meuestagio/api/prisma/testing/factories/job-applications.ts","statementMap":{"0":{"start":{"line":2,"column":0},"end":{"line":2,"column":42}},"1":{"start":{"line":3,"column":0},"end":{"line":3,"column":38}},"2":{"start":{"line":5,"column":37},"end":{"line":22,"column":1}},"3":{"start":{"line":6,"column":18},"end":{"line":6,"column":39}},"4":{"start":{"line":8,"column":44},"end":{"line":8,"column":46}},"5":{"start":{"line":10,"column":2},"end":{"line":19,"column":null}},"6":{"start":{"line":10,"column":15},"end":{"line":10,"column":16}},"7":{"start":{"line":11,"column":19},"end":{"line":17,"column":6}},"8":{"start":{"line":18,"column":4},"end":{"line":18,"column":33}},"9":{"start":{"line":21,"column":2},"end":{"line":21,"column":44}},"10":{"start":{"line":5,"column":13},"end":{"line":5,"column":37}}},"fnMap":{"0":{"name":"(anonymous_0)","decl":{"start":{"line":5,"column":37},"end":{"line":5,"column":42}},"loc":{"start":{"line":5,"column":77},"end":{"line":22,"column":1}}}},"branchMap":{},"s":{"0":3,"1":3,"2":3,"3":6,"4":6,"5":6,"6":6,"7":10,"8":10,"9":6,"10":3},"f":{"0":6},"b":{}}
,"/home/guilherme/meuestagio/api/prisma/testing/factories/job.ts": {"path":"/home/guilherme/meuestagio/api/prisma/testing/factories/job.ts","statementMap":{"0":{"start":{"line":2,"column":0},"end":{"line":2,"column":38}},"1":{"start":{"line":3,"column":0},"end":{"line":3,"column":36}},"2":{"start":{"line":4,"column":0},"end":{"line":4,"column":36}},"3":{"start":{"line":5,"column":0},"end":{"line":5,"column":42}},"4":{"start":{"line":6,"column":0},"end":{"line":6,"column":40}},"5":{"start":{"line":7,"column":0},"end":{"line":7,"column":40}},"6":{"start":{"line":9,"column":25},"end":{"line":37,"column":1}},"7":{"start":{"line":10,"column":15},"end":{"line":10,"column":33}},"8":{"start":{"line":11,"column":15},"end":{"line":11,"column":33}},"9":{"start":{"line":12,"column":17},"end":{"line":12,"column":37}},"10":{"start":{"line":13,"column":18},"end":{"line":13,"column":39}},"11":{"start":{"line":15,"column":14},"end":{"line":34,"column":4}},"12":{"start":{"line":36,"column":2},"end":{"line":36,"column":13}},"13":{"start":{"line":9,"column":13},"end":{"line":9,"column":25}},"14":{"start":{"line":40,"column":18},"end":{"line":40,"column":39}},"15":{"start":{"line":41,"column":15},"end":{"line":41,"column":33}},"16":{"start":{"line":42,"column":15},"end":{"line":42,"column":27}},"17":{"start":{"line":43,"column":19},"end":{"line":43,"column":40}},"18":{"start":{"line":45,"column":2},"end":{"line":81,"column":5}},"19":{"start":{"line":39,"column":0},"end":{"line":39,"column":7}},"20":{"start":{"line":84,"column":30},"end":{"line":91,"column":1}},"21":{"start":{"line":85,"column":15},"end":{"line":85,"column":17}},"22":{"start":{"line":86,"column":2},"end":{"line":88,"column":null}},"23":{"start":{"line":86,"column":15},"end":{"line":86,"column":16}},"24":{"start":{"line":87,"column":4},"end":{"line":87,"column":36}},"25":{"start":{"line":90,"column":2},"end":{"line":90,"column":33}},"26":{"start":{"line":84,"column":13},"end":{"line":84,"column":30}}},"fnMap":{"0":{"name":"(anonymous_0)","decl":{"start":{"line":9,"column":25},"end":{"line":9,"column":30}},"loc":{"start":{"line":9,"column":54},"end":{"line":37,"column":1}}},"1":{"name":"createJobWith","decl":{"start":{"line":39,"column":22},"end":{"line":39,"column":35}},"loc":{"start":{"line":39,"column":73},"end":{"line":82,"column":1}}},"2":{"name":"(anonymous_2)","decl":{"start":{"line":84,"column":30},"end":{"line":84,"column":35}},"loc":{"start":{"line":84,"column":75},"end":{"line":91,"column":1}}}},"branchMap":{"0":{"loc":{"start":{"line":23,"column":17},"end":{"line":23,"column":40}},"type":"binary-expr","locations":[{"start":{"line":23,"column":17},"end":{"line":23,"column":26}},{"start":{"line":23,"column":30},"end":{"line":23,"column":40}}]},"1":{"loc":{"start":{"line":47,"column":13},"end":{"line":47,"column":57}},"type":"cond-expr","locations":[{"start":{"line":47,"column":27},"end":{"line":47,"column":37}},{"start":{"line":47,"column":40},"end":{"line":47,"column":57}}]},"2":{"loc":{"start":{"line":47,"column":13},"end":{"line":47,"column":24}},"type":"cond-expr","locations":[{"start":{"line":47,"column":17},"end":{"line":47,"column":19}},{"start":{"line":47,"column":13},"end":{"line":47,"column":24}}]},"3":{"loc":{"start":{"line":47,"column":13},"end":{"line":47,"column":19}},"type":"binary-expr","locations":[{"start":{"line":47,"column":13},"end":{"line":47,"column":19}},{"start":{"line":47,"column":13},"end":{"line":47,"column":19}}]},"4":{"loc":{"start":{"line":48,"column":19},"end":{"line":48,"column":75}},"type":"cond-expr","locations":[{"start":{"line":48,"column":39},"end":{"line":48,"column":55}},{"start":{"line":48,"column":58},"end":{"line":48,"column":75}}]},"5":{"loc":{"start":{"line":48,"column":19},"end":{"line":48,"column":36}},"type":"cond-expr","locations":[{"start":{"line":48,"column":23},"end":{"line":48,"column":25}},{"start":{"line":48,"column":19},"end":{"line":48,"column":36}}]},"6":{"loc":{"start":{"line":48,"column":19},"end":{"line":48,"column":25}},"type":"binary-expr","locations":[{"start":{"line":48,"column":19},"end":{"line":48,"column":25}},{"start":{"line":48,"column":19},"end":{"line":48,"column":25}}]},"7":{"loc":{"start":{"line":49,"column":16},"end":{"line":49,"column":69}},"type":"cond-expr","locations":[{"start":{"line":49,"column":33},"end":{"line":49,"column":46}},{"start":{"line":49,"column":49},"end":{"line":49,"column":69}}]},"8":{"loc":{"start":{"line":49,"column":16},"end":{"line":49,"column":30}},"type":"cond-expr","locations":[{"start":{"line":49,"column":20},"end":{"line":49,"column":22}},{"start":{"line":49,"column":16},"end":{"line":49,"column":30}}]},"9":{"loc":{"start":{"line":49,"column":16},"end":{"line":49,"column":22}},"type":"binary-expr","locations":[{"start":{"line":49,"column":16},"end":{"line":49,"column":22}},{"start":{"line":49,"column":16},"end":{"line":49,"column":22}}]},"10":{"loc":{"start":{"line":50,"column":13},"end":{"line":50,"column":57}},"type":"cond-expr","locations":[{"start":{"line":50,"column":27},"end":{"line":50,"column":37}},{"start":{"line":50,"column":40},"end":{"line":50,"column":57}}]},"11":{"loc":{"start":{"line":50,"column":13},"end":{"line":50,"column":24}},"type":"cond-expr","locations":[{"start":{"line":50,"column":17},"end":{"line":50,"column":19}},{"start":{"line":50,"column":13},"end":{"line":50,"column":24}}]},"12":{"loc":{"start":{"line":50,"column":13},"end":{"line":50,"column":19}},"type":"binary-expr","locations":[{"start":{"line":50,"column":13},"end":{"line":50,"column":19}},{"start":{"line":50,"column":13},"end":{"line":50,"column":19}}]},"13":{"loc":{"start":{"line":51,"column":14},"end":{"line":51,"column":48}},"type":"cond-expr","locations":[{"start":{"line":51,"column":29},"end":{"line":51,"column":40}},{"start":{"line":51,"column":43},"end":{"line":51,"column":48}}]},"14":{"loc":{"start":{"line":51,"column":14},"end":{"line":51,"column":26}},"type":"cond-expr","locations":[{"start":{"line":51,"column":18},"end":{"line":51,"column":20}},{"start":{"line":51,"column":14},"end":{"line":51,"column":26}}]},"15":{"loc":{"start":{"line":51,"column":14},"end":{"line":51,"column":20}},"type":"binary-expr","locations":[{"start":{"line":51,"column":14},"end":{"line":51,"column":20}},{"start":{"line":51,"column":14},"end":{"line":51,"column":20}}]},"16":{"loc":{"start":{"line":52,"column":14},"end":{"line":52,"column":66}},"type":"cond-expr","locations":[{"start":{"line":52,"column":29},"end":{"line":52,"column":40}},{"start":{"line":52,"column":43},"end":{"line":52,"column":66}}]},"17":{"loc":{"start":{"line":52,"column":14},"end":{"line":52,"column":26}},"type":"cond-expr","locations":[{"start":{"line":52,"column":18},"end":{"line":52,"column":20}},{"start":{"line":52,"column":14},"end":{"line":52,"column":26}}]},"18":{"loc":{"start":{"line":52,"column":14},"end":{"line":52,"column":20}},"type":"binary-expr","locations":[{"start":{"line":52,"column":14},"end":{"line":52,"column":20}},{"start":{"line":52,"column":14},"end":{"line":52,"column":20}}]},"19":{"loc":{"start":{"line":53,"column":15},"end":{"line":53,"column":66}},"type":"cond-expr","locations":[{"start":{"line":53,"column":31},"end":{"line":53,"column":43}},{"start":{"line":53,"column":46},"end":{"line":53,"column":66}}]},"20":{"loc":{"start":{"line":53,"column":15},"end":{"line":53,"column":28}},"type":"cond-expr","locations":[{"start":{"line":53,"column":19},"end":{"line":53,"column":21}},{"start":{"line":53,"column":15},"end":{"line":53,"column":28}}]},"21":{"loc":{"start":{"line":53,"column":15},"end":{"line":53,"column":21}},"type":"binary-expr","locations":[{"start":{"line":53,"column":15},"end":{"line":53,"column":21}},{"start":{"line":53,"column":15},"end":{"line":53,"column":21}}]},"22":{"loc":{"start":{"line":54,"column":12},"end":{"line":54,"column":54}},"type":"cond-expr","locations":[{"start":{"line":54,"column":25},"end":{"line":54,"column":34}},{"start":{"line":54,"column":37},"end":{"line":54,"column":54}}]},"23":{"loc":{"start":{"line":54,"column":12},"end":{"line":54,"column":22}},"type":"cond-expr","locations":[{"start":{"line":54,"column":16},"end":{"line":54,"column":18}},{"start":{"line":54,"column":12},"end":{"line":54,"column":22}}]},"24":{"loc":{"start":{"line":54,"column":12},"end":{"line":54,"column":18}},"type":"binary-expr","locations":[{"start":{"line":54,"column":12},"end":{"line":54,"column":18}},{"start":{"line":54,"column":12},"end":{"line":54,"column":18}}]},"25":{"loc":{"start":{"line":55,"column":12},"end":{"line":55,"column":54}},"type":"cond-expr","locations":[{"start":{"line":55,"column":25},"end":{"line":55,"column":34}},{"start":{"line":55,"column":37},"end":{"line":55,"column":54}}]},"26":{"loc":{"start":{"line":55,"column":12},"end":{"line":55,"column":22}},"type":"cond-expr","locations":[{"start":{"line":55,"column":16},"end":{"line":55,"column":18}},{"start":{"line":55,"column":12},"end":{"line":55,"column":22}}]},"27":{"loc":{"start":{"line":55,"column":12},"end":{"line":55,"column":18}},"type":"binary-expr","locations":[{"start":{"line":55,"column":12},"end":{"line":55,"column":18}},{"start":{"line":55,"column":12},"end":{"line":55,"column":18}}]},"28":{"loc":{"start":{"line":56,"column":14},"end":{"line":56,"column":72}},"type":"cond-expr","locations":[{"start":{"line":56,"column":29},"end":{"line":56,"column":40}},{"start":{"line":56,"column":43},"end":{"line":56,"column":72}}]},"29":{"loc":{"start":{"line":56,"column":14},"end":{"line":56,"column":26}},"type":"cond-expr","locations":[{"start":{"line":56,"column":18},"end":{"line":56,"column":20}},{"start":{"line":56,"column":14},"end":{"line":56,"column":26}}]},"30":{"loc":{"start":{"line":56,"column":14},"end":{"line":56,"column":20}},"type":"binary-expr","locations":[{"start":{"line":56,"column":14},"end":{"line":56,"column":20}},{"start":{"line":56,"column":14},"end":{"line":56,"column":20}}]}},"s":{"0":11,"1":11,"2":11,"3":11,"4":11,"5":11,"6":11,"7":44,"8":44,"9":44,"10":44,"11":44,"12":44,"13":11,"14":21,"15":21,"16":21,"17":21,"18":21,"19":11,"20":11,"21":1,"22":1,"23":1,"24":4,"25":1,"26":11},"f":{"0":44,"1":21,"2":1},"b":{"0":[44,38],"1":[4,17],"2":[0,21],"3":[21,21],"4":[4,17],"5":[0,21],"6":[21,21],"7":[4,17],"8":[0,21],"9":[21,21],"10":[5,16],"11":[0,21],"12":[21,21],"13":[0,21],"14":[0,21],"15":[21,21],"16":[0,21],"17":[0,21],"18":[21,21],"19":[4,17],"20":[0,21],"21":[21,21],"22":[4,17],"23":[0,21],"24":[21,21],"25":[5,16],"26":[0,21],"27":[21,21],"28":[6,15],"29":[0,21],"30":[21,21]}}
,"/home/guilherme/meuestagio/api/prisma/testing/factories/language.ts": {"path":"/home/guilherme/meuestagio/api/prisma/testing/factories/language.ts","statementMap":{"0":{"start":{"line":1,"column":0},"end":{"line":1,"column":40}},"1":{"start":{"line":3,"column":0},"end":{"line":3,"column":38}},"2":{"start":{"line":6,"column":2},"end":{"line":12,"column":5}},"3":{"start":{"line":5,"column":0},"end":{"line":5,"column":7}}},"fnMap":{"0":{"name":"createLanguage","decl":{"start":{"line":5,"column":22},"end":{"line":5,"column":36}},"loc":{"start":{"line":5,"column":68},"end":{"line":13,"column":1}}}},"branchMap":{"0":{"loc":{"start":{"line":9,"column":12},"end":{"line":9,"column":38}},"type":"binary-expr","locations":[{"start":{"line":9,"column":12},"end":{"line":9,"column":16}},{"start":{"line":9,"column":20},"end":{"line":9,"column":38}}]}},"s":{"0":3,"1":3,"2":6,"3":3},"f":{"0":6},"b":{"0":[6,5]}}
,"/home/guilherme/meuestagio/api/prisma/testing/factories/region.ts": {"path":"/home/guilherme/meuestagio/api/prisma/testing/factories/region.ts","statementMap":{"0":{"start":{"line":1,"column":0},"end":{"line":1,"column":38}},"1":{"start":{"line":2,"column":0},"end":{"line":2,"column":40}},"2":{"start":{"line":4,"column":28},"end":{"line":12,"column":1}},"3":{"start":{"line":5,"column":2},"end":{"line":11,"column":5}},"4":{"start":{"line":4,"column":13},"end":{"line":4,"column":28}},"5":{"start":{"line":15,"column":18},"end":{"line":15,"column":20}},"6":{"start":{"line":16,"column":2},"end":{"line":18,"column":null}},"7":{"start":{"line":16,"column":15},"end":{"line":16,"column":16}},"8":{"start":{"line":17,"column":4},"end":{"line":17,"column":33}},"9":{"start":{"line":19,"column":2},"end":{"line":19,"column":36}},"10":{"start":{"line":14,"column":0},"end":{"line":14,"column":7}}},"fnMap":{"0":{"name":"(anonymous_0)","decl":{"start":{"line":4,"column":28},"end":{"line":4,"column":33}},"loc":{"start":{"line":4,"column":39},"end":{"line":12,"column":1}}},"1":{"name":"createManyRegions","decl":{"start":{"line":14,"column":22},"end":{"line":14,"column":39}},"loc":{"start":{"line":14,"column":56},"end":{"line":20,"column":1}}}},"branchMap":{},"s":{"0":40,"1":40,"2":40,"3":576,"4":40,"5":4,"6":4,"7":4,"8":20,"9":4,"10":40},"f":{"0":576,"1":4},"b":{}}
,"/home/guilherme/meuestagio/api/prisma/testing/factories/resume.ts": {"path":"/home/guilherme/meuestagio/api/prisma/testing/factories/resume.ts","statementMap":{"0":{"start":{"line":1,"column":0},"end":{"line":1,"column":38}},"1":{"start":{"line":3,"column":28},"end":{"line":9,"column":1}},"2":{"start":{"line":4,"column":2},"end":{"line":8,"column":5}},"3":{"start":{"line":3,"column":13},"end":{"line":3,"column":28}}},"fnMap":{"0":{"name":"(anonymous_0)","decl":{"start":{"line":3,"column":28},"end":{"line":3,"column":33}},"loc":{"start":{"line":3,"column":56},"end":{"line":9,"column":1}}}},"branchMap":{},"s":{"0":30,"1":30,"2":83,"3":30},"f":{"0":83},"b":{}}
,"/home/guilherme/meuestagio/api/prisma/testing/factories/skill.ts": {"path":"/home/guilherme/meuestagio/api/prisma/testing/factories/skill.ts","statementMap":{"0":{"start":{"line":1,"column":0},"end":{"line":1,"column":40}},"1":{"start":{"line":2,"column":0},"end":{"line":2,"column":38}},"2":{"start":{"line":5,"column":2},"end":{"line":11,"column":5}},"3":{"start":{"line":4,"column":0},"end":{"line":4,"column":7}}},"fnMap":{"0":{"name":"createSkill","decl":{"start":{"line":4,"column":22},"end":{"line":4,"column":33}},"loc":{"start":{"line":4,"column":65},"end":{"line":12,"column":1}}}},"branchMap":{"0":{"loc":{"start":{"line":8,"column":12},"end":{"line":8,"column":38}},"type":"binary-expr","locations":[{"start":{"line":8,"column":12},"end":{"line":8,"column":16}},{"start":{"line":8,"column":20},"end":{"line":8,"column":38}}]}},"s":{"0":3,"1":3,"2":6,"3":3},"f":{"0":6},"b":{"0":[6,5]}}
,"/home/guilherme/meuestagio/api/prisma/testing/factories/student.ts": {"path":"/home/guilherme/meuestagio/api/prisma/testing/factories/student.ts","statementMap":{"0":{"start":{"line":1,"column":0},"end":{"line":1,"column":36}},"1":{"start":{"line":2,"column":0},"end":{"line":2,"column":50}},"2":{"start":{"line":3,"column":0},"end":{"line":3,"column":40}},"3":{"start":{"line":4,"column":0},"end":{"line":4,"column":59}},"4":{"start":{"line":5,"column":0},"end":{"line":5,"column":53}},"5":{"start":{"line":6,"column":0},"end":{"line":6,"column":40}},"6":{"start":{"line":7,"column":0},"end":{"line":7,"column":38}},"7":{"start":{"line":9,"column":29},"end":{"line":38,"column":1}},"8":{"start":{"line":10,"column":15},"end":{"line":10,"column":33}},"9":{"start":{"line":11,"column":22},"end":{"line":11,"column":47}},"10":{"start":{"line":12,"column":17},"end":{"line":12,"column":37}},"11":{"start":{"line":14,"column":18},"end":{"line":29,"column":4}},"12":{"start":{"line":31,"column":17},"end":{"line":31,"column":47}},"13":{"start":{"line":32,"column":2},"end":{"line":37,"column":5}},"14":{"start":{"line":9,"column":13},"end":{"line":9,"column":29}},"15":{"start":{"line":40,"column":34},"end":{"line":47,"column":1}},"16":{"start":{"line":41,"column":19},"end":{"line":41,"column":21}},"17":{"start":{"line":42,"column":2},"end":{"line":44,"column":null}},"18":{"start":{"line":42,"column":15},"end":{"line":42,"column":16}},"19":{"start":{"line":43,"column":4},"end":{"line":43,"column":35}},"20":{"start":{"line":46,"column":2},"end":{"line":46,"column":37}},"21":{"start":{"line":40,"column":13},"end":{"line":40,"column":34}}},"fnMap":{"0":{"name":"(anonymous_0)","decl":{"start":{"line":9,"column":29},"end":{"line":9,"column":34}},"loc":{"start":{"line":9,"column":40},"end":{"line":38,"column":1}}},"1":{"name":"(anonymous_1)","decl":{"start":{"line":40,"column":34},"end":{"line":40,"column":39}},"loc":{"start":{"line":40,"column":59},"end":{"line":47,"column":1}}}},"branchMap":{},"s":{"0":30,"1":30,"2":30,"3":30,"4":30,"5":30,"6":30,"7":30,"8":83,"9":83,"10":83,"11":83,"12":83,"13":83,"14":30,"15":30,"16":1,"17":1,"18":1,"19":10,"20":1,"21":30},"f":{"0":83,"1":1},"b":{}}
,"/home/guilherme/meuestagio/api/prisma/testing/factories/user.ts": {"path":"/home/guilherme/meuestagio/api/prisma/testing/factories/user.ts","statementMap":{"0":{"start":{"line":1,"column":0},"end":{"line":1,"column":40}},"1":{"start":{"line":2,"column":0},"end":{"line":2,"column":38}},"2":{"start":{"line":3,"column":0},"end":{"line":3,"column":59}},"3":{"start":{"line":6,"column":2},"end":{"line":12,"column":5}},"4":{"start":{"line":5,"column":0},"end":{"line":5,"column":7}}},"fnMap":{"0":{"name":"createUser","decl":{"start":{"line":5,"column":22},"end":{"line":5,"column":32}},"loc":{"start":{"line":5,"column":32},"end":{"line":13,"column":1}}}},"branchMap":{},"s":{"0":30,"1":30,"2":30,"3":17,"4":30},"f":{"0":17},"b":{}}
,"/home/guilherme/meuestagio/api/src/app.controller.ts": {"path":"/home/guilherme/meuestagio/api/src/app.controller.ts","statementMap":{"0":{"start":{"line":1,"column":0},"end":{"line":1,"column":59}},"1":{"start":{"line":4,"column":7},"end":{"line":10,"column":null}},"2":{"start":{"line":8,"column":4},"end":{"line":8,"column":11}},"3":{"start":{"line":5,"column":2},"end":{"line":9,"column":null}},"4":{"start":{"line":4,"column":13},"end":{"line":10,"column":null}},"5":{"start":{"line":4,"column":13},"end":{"line":4,"column":26}}},"fnMap":{"0":{"name":"(anonymous_2)","decl":{"start":{"line":7,"column":2},"end":{"line":7,"column":5}},"loc":{"start":{"line":7,"column":5},"end":{"line":9,"column":3}}}},"branchMap":{},"s":{"0":42,"1":42,"2":0,"3":42,"4":42,"5":42},"f":{"0":0},"b":{}}
,"/home/guilherme/meuestagio/api/src/app.module.ts": {"path":"/home/guilherme/meuestagio/api/src/app.module.ts","statementMap":{"0":{"start":{"line":1,"column":0},"end":{"line":1,"column":40}},"1":{"start":{"line":3,"column":0},"end":{"line":3,"column":56}},"2":{"start":{"line":4,"column":0},"end":{"line":4,"column":62}},"3":{"start":{"line":5,"column":0},"end":{"line":5,"column":80}},"4":{"start":{"line":6,"column":0},"end":{"line":6,"column":65}},"5":{"start":{"line":7,"column":0},"end":{"line":7,"column":56}},"6":{"start":{"line":8,"column":0},"end":{"line":8,"column":59}},"7":{"start":{"line":9,"column":0},"end":{"line":9,"column":90}},"8":{"start":{"line":10,"column":0},"end":{"line":10,"column":62}},"9":{"start":{"line":11,"column":0},"end":{"line":11,"column":49}},"10":{"start":{"line":12,"column":0},"end":{"line":12,"column":65}},"11":{"start":{"line":28,"column":7},"end":{"line":28,"column":null}},"12":{"start":{"line":28,"column":13},"end":{"line":28,"column":null}},"13":{"start":{"line":28,"column":13},"end":{"line":28,"column":22}}},"fnMap":{},"branchMap":{},"s":{"0":42,"1":42,"2":42,"3":42,"4":42,"5":42,"6":42,"7":42,"8":42,"9":42,"10":42,"11":42,"12":42,"13":42},"f":{},"b":{}}
,"/home/guilherme/meuestagio/api/src/constants/firebase.ts": {"path":"/home/guilherme/meuestagio/api/src/constants/firebase.ts","statementMap":{"0":{"start":{"line":1,"column":0},"end":{"line":1,"column":33}},"1":{"start":{"line":2,"column":0},"end":{"line":2,"column":16}},"2":{"start":{"line":4,"column":13},"end":{"line":11,"column":2}}},"fnMap":{},"branchMap":{},"s":{"0":42,"1":42,"2":42},"f":{},"b":{}}
,"/home/guilherme/meuestagio/api/src/constants/jwt.ts": {"path":"/home/guilherme/meuestagio/api/src/constants/jwt.ts","statementMap":{"0":{"start":{"line":1,"column":0},"end":{"line":1,"column":33}},"1":{"start":{"line":2,"column":0},"end":{"line":2,"column":16}},"2":{"start":{"line":4,"column":13},"end":{"line":6,"column":2}}},"fnMap":{},"branchMap":{},"s":{"0":42,"1":42,"2":42},"f":{},"b":{}}
,"/home/guilherme/meuestagio/api/src/modules/areas/areas.controller.ts": {"path":"/home/guilherme/meuestagio/api/src/modules/areas/areas.controller.ts","statementMap":{"0":{"start":{"line":1,"column":0},"end":{"line":1,"column":49}},"1":{"start":{"line":2,"column":0},"end":{"line":2,"column":42}},"2":{"start":{"line":4,"column":0},"end":{"line":4,"column":47}},"3":{"start":{"line":8,"column":7},"end":{"line":15,"column":null}},"4":{"start":{"line":9,"column":31},"end":{"line":9,"column":45}},"5":{"start":{"line":13,"column":4},"end":{"line":13,"column":45}},"6":{"start":{"line":12,"column":8},"end":{"line":14,"column":null}},"7":{"start":{"line":8,"column":13},"end":{"line":15,"column":null}},"8":{"start":{"line":8,"column":13},"end":{"line":8,"column":28}}},"fnMap":{"0":{"name":"(anonymous_2)","decl":{"start":{"line":9,"column":2},"end":{"line":9,"column":31}},"loc":{"start":{"line":9,"column":57},"end":{"line":9,"column":61}}},"1":{"name":"(anonymous_3)","decl":{"start":{"line":12,"column":2},"end":{"line":12,"column":7}},"loc":{"start":{"line":12,"column":15},"end":{"line":14,"column":3}}}},"branchMap":{},"s":{"0":42,"1":42,"2":42,"3":42,"4":42,"5":1,"6":42,"7":42,"8":42},"f":{"0":42,"1":1},"b":{}}
,"/home/guilherme/meuestagio/api/src/modules/areas/areas.module.ts": {"path":"/home/guilherme/meuestagio/api/src/modules/areas/areas.module.ts","statementMap":{"0":{"start":{"line":1,"column":0},"end":{"line":1,"column":40}},"1":{"start":{"line":3,"column":0},"end":{"line":3,"column":47}},"2":{"start":{"line":4,"column":0},"end":{"line":4,"column":53}},"3":{"start":{"line":5,"column":0},"end":{"line":5,"column":63}},"4":{"start":{"line":11,"column":7},"end":{"line":11,"column":null}},"5":{"start":{"line":11,"column":13},"end":{"line":11,"column":null}},"6":{"start":{"line":11,"column":13},"end":{"line":11,"column":24}}},"fnMap":{},"branchMap":{},"s":{"0":42,"1":42,"2":42,"3":42,"4":42,"5":42,"6":42},"f":{},"b":{}}
,"/home/guilherme/meuestagio/api/src/modules/areas/areas.service.ts": {"path":"/home/guilherme/meuestagio/api/src/modules/areas/areas.service.ts","statementMap":{"0":{"start":{"line":1,"column":0},"end":{"line":1,"column":44}},"1":{"start":{"line":3,"column":0},"end":{"line":3,"column":63}},"2":{"start":{"line":6,"column":7},"end":{"line":12,"column":null}},"3":{"start":{"line":7,"column":31},"end":{"line":7,"column":39}},"4":{"start":{"line":10,"column":4},"end":{"line":10,"column":45}},"5":{"start":{"line":6,"column":13},"end":{"line":12,"column":null}},"6":{"start":{"line":6,"column":13},"end":{"line":6,"column":25}}},"fnMap":{"0":{"name":"(anonymous_2)","decl":{"start":{"line":7,"column":2},"end":{"line":7,"column":31}},"loc":{"start":{"line":7,"column":52},"end":{"line":7,"column":56}}},"1":{"name":"(anonymous_3)","decl":{"start":{"line":9,"column":2},"end":{"line":9,"column":7}},"loc":{"start":{"line":9,"column":15},"end":{"line":11,"column":3}}}},"branchMap":{},"s":{"0":42,"1":42,"2":42,"3":42,"4":1,"5":42,"6":42},"f":{"0":42,"1":1},"b":{}}
,"/home/guilherme/meuestagio/api/src/modules/auth/auth.controller.ts": {"path":"/home/guilherme/meuestagio/api/src/modules/auth/auth.controller.ts","statementMap":{"0":{"start":{"line":1,"column":0},"end":{"line":1,"column":70}},"1":{"start":{"line":2,"column":0},"end":{"line":2,"column":45}},"2":{"start":{"line":3,"column":0},"end":{"line":3,"column":45}},"3":{"start":{"line":5,"column":0},"end":{"line":5,"column":42}},"4":{"start":{"line":8,"column":7},"end":{"line":28,"column":null}},"5":{"start":{"line":9,"column":22},"end":{"line":9,"column":35}},"6":{"start":{"line":14,"column":4},"end":{"line":14,"column":59}},"7":{"start":{"line":20,"column":4},"end":{"line":20,"column":59}},"8":{"start":{"line":26,"column":4},"end":{"line":26,"column":59}},"9":{"start":{"line":13,"column":8},"end":{"line":15,"column":null}},"10":{"start":{"line":19,"column":8},"end":{"line":21,"column":null}},"11":{"start":{"line":25,"column":8},"end":{"line":27,"column":null}},"12":{"start":{"line":8,"column":13},"end":{"line":28,"column":null}},"13":{"start":{"line":8,"column":13},"end":{"line":8,"column":27}}},"fnMap":{"0":{"name":"(anonymous_4)","decl":{"start":{"line":9,"column":2},"end":{"line":9,"column":22}},"loc":{"start":{"line":9,"column":46},"end":{"line":9,"column":50}}},"1":{"name":"(anonymous_5)","decl":{"start":{"line":13,"column":2},"end":{"line":13,"column":7}},"loc":{"start":{"line":13,"column":44},"end":{"line":15,"column":3}}},"2":{"name":"(anonymous_6)","decl":{"start":{"line":19,"column":2},"end":{"line":19,"column":7}},"loc":{"start":{"line":19,"column":44},"end":{"line":21,"column":3}}},"3":{"name":"(anonymous_7)","decl":{"start":{"line":25,"column":2},"end":{"line":25,"column":7}},"loc":{"start":{"line":25,"column":42},"end":{"line":27,"column":3}}}},"branchMap":{},"s":{"0":42,"1":42,"2":42,"3":42,"4":42,"5":42,"6":62,"7":29,"8":16,"9":42,"10":42,"11":42,"12":42,"13":42},"f":{"0":42,"1":62,"2":29,"3":16},"b":{}}
,"/home/guilherme/meuestagio/api/src/modules/auth/auth.module.ts": {"path":"/home/guilherme/meuestagio/api/src/modules/auth/auth.module.ts","statementMap":{"0":{"start":{"line":1,"column":0},"end":{"line":1,"column":48}},"1":{"start":{"line":2,"column":0},"end":{"line":2,"column":50}},"2":{"start":{"line":3,"column":0},"end":{"line":3,"column":40}},"3":{"start":{"line":5,"column":0},"end":{"line":5,"column":52}},"4":{"start":{"line":6,"column":0},"end":{"line":6,"column":56}},"5":{"start":{"line":7,"column":0},"end":{"line":7,"column":69}},"6":{"start":{"line":8,"column":0},"end":{"line":8,"column":69}},"7":{"start":{"line":9,"column":0},"end":{"line":9,"column":45}},"8":{"start":{"line":10,"column":0},"end":{"line":10,"column":51}},"9":{"start":{"line":11,"column":0},"end":{"line":11,"column":69}},"10":{"start":{"line":12,"column":0},"end":{"line":12,"column":69}},"11":{"start":{"line":13,"column":0},"end":{"line":13,"column":65}},"12":{"start":{"line":14,"column":0},"end":{"line":14,"column":65}},"13":{"start":{"line":15,"column":0},"end":{"line":15,"column":51}},"14":{"start":{"line":40,"column":7},"end":{"line":40,"column":null}},"15":{"start":{"line":40,"column":13},"end":{"line":40,"column":null}},"16":{"start":{"line":40,"column":13},"end":{"line":40,"column":23}}},"fnMap":{},"branchMap":{},"s":{"0":42,"1":42,"2":42,"3":42,"4":42,"5":42,"6":42,"7":42,"8":42,"9":42,"10":42,"11":42,"12":42,"13":42,"14":42,"15":42,"16":42},"f":{},"b":{}}
,"/home/guilherme/meuestagio/api/src/modules/auth/auth.service.ts": {"path":"/home/guilherme/meuestagio/api/src/modules/auth/auth.service.ts","statementMap":{"0":{"start":{"line":1,"column":0},"end":{"line":1,"column":44}},"1":{"start":{"line":2,"column":0},"end":{"line":2,"column":41}},"2":{"start":{"line":6,"column":7},"end":{"line":15,"column":null}},"3":{"start":{"line":7,"column":31},"end":{"line":7,"column":43}},"4":{"start":{"line":10,"column":4},"end":{"line":13,"column":6}},"5":{"start":{"line":6,"column":13},"end":{"line":15,"column":null}},"6":{"start":{"line":6,"column":13},"end":{"line":6,"column":24}}},"fnMap":{"0":{"name":"(anonymous_2)","decl":{"start":{"line":7,"column":2},"end":{"line":7,"column":31}},"loc":{"start":{"line":7,"column":53},"end":{"line":7,"column":57}}},"1":{"name":"(anonymous_3)","decl":{"start":{"line":9,"column":2},"end":{"line":9,"column":7}},"loc":{"start":{"line":9,"column":30},"end":{"line":14,"column":3}}}},"branchMap":{},"s":{"0":42,"1":42,"2":42,"3":42,"4":108,"5":42,"6":42},"f":{"0":42,"1":108},"b":{}}
,"/home/guilherme/meuestagio/api/src/modules/auth/roles/roles.decorator.ts": {"path":"/home/guilherme/meuestagio/api/src/modules/auth/roles/roles.decorator.ts","statementMap":{"0":{"start":{"line":1,"column":0},"end":{"line":1,"column":45}},"1":{"start":{"line":4,"column":24},"end":{"line":4,"column":73}},"2":{"start":{"line":4,"column":46},"end":{"line":4,"column":73}},"3":{"start":{"line":4,"column":13},"end":{"line":4,"column":24}}},"fnMap":{"0":{"name":"(anonymous_0)","decl":{"start":{"line":4,"column":24},"end":{"line":4,"column":25}},"loc":{"start":{"line":4,"column":46},"end":{"line":4,"column":73}}}},"branchMap":{},"s":{"0":42,"1":42,"2":1428,"3":42},"f":{"0":1428},"b":{}}
,"/home/guilherme/meuestagio/api/src/modules/auth/roles/roles.guard.ts": {"path":"/home/guilherme/meuestagio/api/src/modules/auth/roles/roles.guard.ts","statementMap":{"0":{"start":{"line":1,"column":0},"end":{"line":1,"column":75}},"1":{"start":{"line":2,"column":0},"end":{"line":2,"column":41}},"2":{"start":{"line":6,"column":7},"end":{"line":20,"column":null}},"3":{"start":{"line":7,"column":22},"end":{"line":7,"column":33}},"4":{"start":{"line":10,"column":26},"end":{"line":13,"column":6}},"5":{"start":{"line":14,"column":4},"end":{"line":16,"column":null}},"6":{"start":{"line":15,"column":6},"end":{"line":15,"column":18}},"7":{"start":{"line":17,"column":21},"end":{"line":17,"column":56}},"8":{"start":{"line":18,"column":4},"end":{"line":18,"column":68}},"9":{"start":{"line":18,"column":40},"end":{"line":18,"column":67}},"10":{"start":{"line":6,"column":13},"end":{"line":20,"column":null}},"11":{"start":{"line":6,"column":13},"end":{"line":6,"column":23}}},"fnMap":{"0":{"name":"(anonymous_2)","decl":{"start":{"line":7,"column":2},"end":{"line":7,"column":22}},"loc":{"start":{"line":7,"column":42},"end":{"line":7,"column":46}}},"1":{"name":"(anonymous_3)","decl":{"start":{"line":9,"column":2},"end":{"line":9,"column":13}},"loc":{"start":{"line":9,"column":39},"end":{"line":19,"column":3}}},"2":{"name":"(anonymous_4)","decl":{"start":{"line":18,"column":30},"end":{"line":18,"column":31}},"loc":{"start":{"line":18,"column":39},"end":{"line":18,"column":67}}}},"branchMap":{"0":{"loc":{"start":{"line":14,"column":4},"end":{"line":16,"column":null}},"type":"if","locations":[{"start":{"line":14,"column":4},"end":{"line":16,"column":null}}]},"1":{"loc":{"start":{"line":18,"column":40},"end":{"line":18,"column":66}},"type":"cond-expr","locations":[{"start":{"line":18,"column":50},"end":{"line":18,"column":52}},{"start":{"line":18,"column":50},"end":{"line":18,"column":66}}]},"2":{"loc":{"start":{"line":18,"column":40},"end":{"line":18,"column":52}},"type":"binary-expr","locations":[{"start":{"line":18,"column":40},"end":{"line":18,"column":52}},{"start":{"line":18,"column":50},"end":{"line":18,"column":52}}]},"3":{"loc":{"start":{"line":18,"column":40},"end":{"line":18,"column":50}},"type":"cond-expr","locations":[{"start":{"line":18,"column":44},"end":{"line":18,"column":46}},{"start":{"line":18,"column":40},"end":{"line":18,"column":50}}]},"4":{"loc":{"start":{"line":18,"column":40},"end":{"line":18,"column":46}},"type":"binary-expr","locations":[{"start":{"line":18,"column":40},"end":{"line":18,"column":46}},{"start":{"line":18,"column":40},"end":{"line":18,"column":46}}]}},"s":{"0":42,"1":42,"2":42,"3":294,"4":122,"5":122,"6":0,"7":122,"8":122,"9":124,"10":42,"11":42},"f":{"0":294,"1":122,"2":124},"b":{"0":[0],"1":[0,124],"2":[124,124],"3":[0,124],"4":[124,124]}}
,"/home/guilherme/meuestagio/api/src/modules/auth/roles/roles.ts": {"path":"/home/guilherme/meuestagio/api/src/modules/auth/roles/roles.ts","statementMap":{"0":{"start":{"line":1,"column":0},"end":{"line":1,"column":null}},"1":{"start":{"line":2,"column":2},"end":{"line":2,"column":null}},"2":{"start":{"line":3,"column":2},"end":{"line":3,"column":null}},"3":{"start":{"line":4,"column":2},"end":{"line":4,"column":null}}},"fnMap":{"0":{"name":"(anonymous_0)","decl":{"start":{"line":1,"column":0},"end":{"line":1,"column":12}},"loc":{"start":{"line":1,"column":16},"end":{"line":5,"column":1}}}},"branchMap":{"0":{"loc":{"start":{"line":1,"column":12},"end":{"line":1,"column":null}},"type":"binary-expr","locations":[{"start":{"line":1,"column":12},"end":{"line":1,"column":16}},{"start":{"line":1,"column":12},"end":{"line":1,"column":null}}]}},"s":{"0":42,"1":42,"2":42,"3":42},"f":{"0":42},"b":{"0":[42,42]}}
,"/home/guilherme/meuestagio/api/src/modules/auth/services/auth-admin.service.ts": {"path":"/home/guilherme/meuestagio/api/src/modules/auth/services/auth-admin.service.ts","statementMap":{"0":{"start":{"line":1,"column":0},"end":{"line":1,"column":44}},"1":{"start":{"line":3,"column":0},"end":{"line":3,"column":55}},"2":{"start":{"line":5,"column":0},"end":{"line":5,"column":38}},"3":{"start":{"line":6,"column":0},"end":{"line":6,"column":63}},"4":{"start":{"line":9,"column":7},"end":{"line":35,"column":null}},"5":{"start":{"line":10,"column":31},"end":{"line":10,"column":45}},"6":{"start":{"line":16,"column":18},"end":{"line":16,"column":60}},"7":{"start":{"line":17,"column":4},"end":{"line":17,"column":28}},"8":{"start":{"line":17,"column":16},"end":{"line":17,"column":28}},"9":{"start":{"line":19,"column":29},"end":{"line":21,"column":null}},"10":{"start":{"line":24,"column":4},"end":{"line":26,"column":null}},"11":{"start":{"line":25,"column":6},"end":{"line":25,"column":18}},"12":{"start":{"line":28,"column":4},"end":{"line":33,"column":6}},"13":{"start":{"line":9,"column":13},"end":{"line":35,"column":null}},"14":{"start":{"line":9,"column":13},"end":{"line":9,"column":29}}},"fnMap":{"0":{"name":"(anonymous_2)","decl":{"start":{"line":10,"column":2},"end":{"line":10,"column":31}},"loc":{"start":{"line":10,"column":57},"end":{"line":10,"column":61}}},"1":{"name":"(anonymous_3)","decl":{"start":{"line":12,"column":2},"end":{"line":12,"column":7}},"loc":{"start":{"line":14,"column":20},"end":{"line":34,"column":3}}}},"branchMap":{"0":{"loc":{"start":{"line":17,"column":4},"end":{"line":17,"column":28}},"type":"if","locations":[{"start":{"line":17,"column":4},"end":{"line":17,"column":28}}]},"1":{"loc":{"start":{"line":24,"column":4},"end":{"line":26,"column":null}},"type":"if","locations":[{"start":{"line":24,"column":4},"end":{"line":26,"column":null}}]}},"s":{"0":42,"1":42,"2":42,"3":42,"4":42,"5":42,"6":18,"7":18,"8":1,"9":17,"10":17,"11":1,"12":16,"13":42,"14":42},"f":{"0":42,"1":18},"b":{"0":[1],"1":[1]}}
,"/home/guilherme/meuestagio/api/src/modules/auth/services/auth-company.service.ts": {"path":"/home/guilherme/meuestagio/api/src/modules/auth/services/auth-company.service.ts","statementMap":{"0":{"start":{"line":1,"column":0},"end":{"line":1,"column":44}},"1":{"start":{"line":3,"column":0},"end":{"line":3,"column":55}},"2":{"start":{"line":4,"column":0},"end":{"line":4,"column":75}},"3":{"start":{"line":5,"column":0},"end":{"line":5,"column":38}},"4":{"start":{"line":9,"column":7},"end":{"line":31,"column":null}},"5":{"start":{"line":10,"column":31},"end":{"line":10,"column":49}},"6":{"start":{"line":16,"column":20},"end":{"line":16,"column":62}},"7":{"start":{"line":19,"column":6},"end":{"line":19,"column":75}},"8":{"start":{"line":21,"column":4},"end":{"line":28,"column":null}},"9":{"start":{"line":22,"column":6},"end":{"line":27,"column":8}},"10":{"start":{"line":29,"column":4},"end":{"line":29,"column":16}},"11":{"start":{"line":9,"column":13},"end":{"line":31,"column":null}},"12":{"start":{"line":9,"column":13},"end":{"line":9,"column":31}}},"fnMap":{"0":{"name":"(anonymous_2)","decl":{"start":{"line":10,"column":2},"end":{"line":10,"column":31}},"loc":{"start":{"line":10,"column":65},"end":{"line":10,"column":69}}},"1":{"name":"(anonymous_3)","decl":{"start":{"line":12,"column":2},"end":{"line":12,"column":7}},"loc":{"start":{"line":14,"column":20},"end":{"line":30,"column":3}}}},"branchMap":{"0":{"loc":{"start":{"line":19,"column":6},"end":{"line":19,"column":75}},"type":"binary-expr","locations":[{"start":{"line":19,"column":6},"end":{"line":19,"column":13}},{"start":{"line":19,"column":18},"end":{"line":19,"column":74}}]},"1":{"loc":{"start":{"line":19,"column":56},"end":{"line":19,"column":73}},"type":"cond-expr","locations":[{"start":{"line":19,"column":63},"end":{"line":19,"column":65}},{"start":{"line":19,"column":56},"end":{"line":19,"column":73}}]},"2":{"loc":{"start":{"line":19,"column":56},"end":{"line":19,"column":65}},"type":"binary-expr","locations":[{"start":{"line":19,"column":56},"end":{"line":19,"column":65}},{"start":{"line":19,"column":56},"end":{"line":19,"column":65}}]},"3":{"loc":{"start":{"line":21,"column":4},"end":{"line":28,"column":null}},"type":"if","locations":[{"start":{"line":21,"column":4},"end":{"line":28,"column":null}}]}},"s":{"0":42,"1":42,"2":42,"3":42,"4":42,"5":42,"6":31,"7":31,"8":31,"9":29,"10":2,"11":42,"12":42},"f":{"0":42,"1":31},"b":{"0":[31,30],"1":[0,30],"2":[30,30],"3":[29]}}
,"/home/guilherme/meuestagio/api/src/modules/auth/services/auth-student.service.ts": {"path":"/home/guilherme/meuestagio/api/src/modules/auth/services/auth-student.service.ts","statementMap":{"0":{"start":{"line":1,"column":0},"end":{"line":1,"column":44}},"1":{"start":{"line":3,"column":0},"end":{"line":3,"column":72}},"2":{"start":{"line":4,"column":0},"end":{"line":4,"column":55}},"3":{"start":{"line":6,"column":0},"end":{"line":6,"column":38}},"4":{"start":{"line":9,"column":7},"end":{"line":35,"column":null}},"5":{"start":{"line":10,"column":31},"end":{"line":10,"column":44}},"6":{"start":{"line":16,"column":20},"end":{"line":16,"column":57}},"7":{"start":{"line":17,"column":4},"end":{"line":17,"column":30}},"8":{"start":{"line":17,"column":18},"end":{"line":17,"column":30}},"9":{"start":{"line":19,"column":29},"end":{"line":21,"column":null}},"10":{"start":{"line":24,"column":4},"end":{"line":26,"column":null}},"11":{"start":{"line":25,"column":6},"end":{"line":25,"column":18}},"12":{"start":{"line":28,"column":4},"end":{"line":33,"column":6}},"13":{"start":{"line":9,"column":13},"end":{"line":35,"column":null}},"14":{"start":{"line":9,"column":13},"end":{"line":9,"column":31}}},"fnMap":{"0":{"name":"(anonymous_2)","decl":{"start":{"line":10,"column":2},"end":{"line":10,"column":31}},"loc":{"start":{"line":10,"column":59},"end":{"line":10,"column":63}}},"1":{"name":"(anonymous_3)","decl":{"start":{"line":12,"column":2},"end":{"line":12,"column":7}},"loc":{"start":{"line":14,"column":20},"end":{"line":34,"column":3}}}},"branchMap":{"0":{"loc":{"start":{"line":17,"column":4},"end":{"line":17,"column":30}},"type":"if","locations":[{"start":{"line":17,"column":4},"end":{"line":17,"column":30}}]},"1":{"loc":{"start":{"line":24,"column":4},"end":{"line":26,"column":null}},"type":"if","locations":[{"start":{"line":24,"column":4},"end":{"line":26,"column":null}}]}},"s":{"0":42,"1":42,"2":42,"3":42,"4":42,"5":42,"6":64,"7":64,"8":1,"9":63,"10":63,"11":1,"12":62,"13":42,"14":42},"f":{"0":42,"1":64},"b":{"0":[1],"1":[1]}}
,"/home/guilherme/meuestagio/api/src/modules/auth/strategies/admin.strategy.ts": {"path":"/home/guilherme/meuestagio/api/src/modules/auth/strategies/admin.strategy.ts","statementMap":{"0":{"start":{"line":1,"column":0},"end":{"line":1,"column":67}},"1":{"start":{"line":2,"column":0},"end":{"line":2,"column":52}},"2":{"start":{"line":3,"column":0},"end":{"line":3,"column":42}},"3":{"start":{"line":5,"column":0},"end":{"line":5,"column":66}},"4":{"start":{"line":8,"column":7},"end":{"line":22,"column":null}},"5":{"start":{"line":10,"column":4},"end":{"line":12,"column":7}},"6":{"start":{"line":9,"column":22},"end":{"line":9,"column":40}},"7":{"start":{"line":16,"column":17},"end":{"line":16,"column":75}},"8":{"start":{"line":17,"column":4},"end":{"line":19,"column":null}},"9":{"start":{"line":18,"column":6},"end":{"line":18,"column":66}},"10":{"start":{"line":20,"column":4},"end":{"line":20,"column":16}},"11":{"start":{"line":8,"column":13},"end":{"line":22,"column":null}},"12":{"start":{"line":8,"column":13},"end":{"line":8,"column":31}}},"fnMap":{"0":{"name":"(anonymous_2)","decl":{"start":{"line":9,"column":2},"end":{"line":9,"column":22}},"loc":{"start":{"line":9,"column":56},"end":{"line":13,"column":3}}},"1":{"name":"(anonymous_3)","decl":{"start":{"line":15,"column":2},"end":{"line":15,"column":7}},"loc":{"start":{"line":15,"column":48},"end":{"line":21,"column":3}}}},"branchMap":{"0":{"loc":{"start":{"line":17,"column":4},"end":{"line":19,"column":null}},"type":"if","locations":[{"start":{"line":17,"column":4},"end":{"line":19,"column":null}}]}},"s":{"0":42,"1":42,"2":42,"3":42,"4":42,"5":42,"6":42,"7":18,"8":18,"9":2,"10":16,"11":42,"12":42},"f":{"0":42,"1":18},"b":{"0":[2]}}
,"/home/guilherme/meuestagio/api/src/modules/auth/strategies/company.strategy.ts": {"path":"/home/guilherme/meuestagio/api/src/modules/auth/strategies/company.strategy.ts","statementMap":{"0":{"start":{"line":1,"column":0},"end":{"line":1,"column":67}},"1":{"start":{"line":2,"column":0},"end":{"line":2,"column":52}},"2":{"start":{"line":3,"column":0},"end":{"line":3,"column":42}},"3":{"start":{"line":5,"column":0},"end":{"line":5,"column":70}},"4":{"start":{"line":8,"column":7},"end":{"line":25,"column":null}},"5":{"start":{"line":13,"column":4},"end":{"line":15,"column":7}},"6":{"start":{"line":12,"column":22},"end":{"line":12,"column":42}},"7":{"start":{"line":19,"column":17},"end":{"line":19,"column":79}},"8":{"start":{"line":20,"column":4},"end":{"line":22,"column":null}},"9":{"start":{"line":21,"column":6},"end":{"line":21,"column":66}},"10":{"start":{"line":23,"column":4},"end":{"line":23,"column":16}},"11":{"start":{"line":8,"column":13},"end":{"line":25,"column":null}},"12":{"start":{"line":8,"column":13},"end":{"line":8,"column":33}}},"fnMap":{"0":{"name":"(anonymous_2)","decl":{"start":{"line":12,"column":2},"end":{"line":12,"column":22}},"loc":{"start":{"line":12,"column":60},"end":{"line":16,"column":3}}},"1":{"name":"(anonymous_3)","decl":{"start":{"line":18,"column":2},"end":{"line":18,"column":7}},"loc":{"start":{"line":18,"column":48},"end":{"line":24,"column":3}}}},"branchMap":{"0":{"loc":{"start":{"line":20,"column":4},"end":{"line":22,"column":null}},"type":"if","locations":[{"start":{"line":20,"column":4},"end":{"line":22,"column":null}}]}},"s":{"0":42,"1":42,"2":42,"3":42,"4":42,"5":42,"6":42,"7":31,"8":31,"9":2,"10":29,"11":42,"12":42},"f":{"0":42,"1":31},"b":{"0":[2]}}
,"/home/guilherme/meuestagio/api/src/modules/auth/strategies/jwt.strategy.ts": {"path":"/home/guilherme/meuestagio/api/src/modules/auth/strategies/jwt.strategy.ts","statementMap":{"0":{"start":{"line":1,"column":0},"end":{"line":1,"column":44}},"1":{"start":{"line":2,"column":0},"end":{"line":2,"column":52}},"2":{"start":{"line":3,"column":0},"end":{"line":3,"column":52}},"3":{"start":{"line":5,"column":0},"end":{"line":5,"column":54}},"4":{"start":{"line":8,"column":7},"end":{"line":25,"column":null}},"5":{"start":{"line":10,"column":4},"end":{"line":14,"column":7}},"6":{"start":{"line":18,"column":4},"end":{"line":23,"column":6}},"7":{"start":{"line":8,"column":13},"end":{"line":25,"column":null}},"8":{"start":{"line":8,"column":13},"end":{"line":8,"column":24}}},"fnMap":{"0":{"name":"(anonymous_2)","decl":{"start":{"line":9,"column":2},"end":{"line":9,"column":null}},"loc":{"start":{"line":9,"column":2},"end":{"line":15,"column":3}}},"1":{"name":"(anonymous_3)","decl":{"start":{"line":17,"column":2},"end":{"line":17,"column":7}},"loc":{"start":{"line":17,"column":31},"end":{"line":24,"column":3}}}},"branchMap":{},"s":{"0":42,"1":42,"2":42,"3":42,"4":42,"5":42,"6":122,"7":42,"8":42},"f":{"0":42,"1":122},"b":{}}
,"/home/guilherme/meuestagio/api/src/modules/auth/strategies/student.strategy.ts": {"path":"/home/guilherme/meuestagio/api/src/modules/auth/strategies/student.strategy.ts","statementMap":{"0":{"start":{"line":1,"column":0},"end":{"line":1,"column":67}},"1":{"start":{"line":2,"column":0},"end":{"line":2,"column":52}},"2":{"start":{"line":3,"column":0},"end":{"line":3,"column":42}},"3":{"start":{"line":5,"column":0},"end":{"line":5,"column":70}},"4":{"start":{"line":8,"column":7},"end":{"line":25,"column":null}},"5":{"start":{"line":13,"column":4},"end":{"line":15,"column":7}},"6":{"start":{"line":12,"column":22},"end":{"line":12,"column":42}},"7":{"start":{"line":19,"column":17},"end":{"line":19,"column":79}},"8":{"start":{"line":20,"column":4},"end":{"line":22,"column":null}},"9":{"start":{"line":21,"column":6},"end":{"line":21,"column":66}},"10":{"start":{"line":23,"column":4},"end":{"line":23,"column":16}},"11":{"start":{"line":8,"column":13},"end":{"line":25,"column":null}},"12":{"start":{"line":8,"column":13},"end":{"line":8,"column":33}}},"fnMap":{"0":{"name":"(anonymous_2)","decl":{"start":{"line":12,"column":2},"end":{"line":12,"column":22}},"loc":{"start":{"line":12,"column":60},"end":{"line":16,"column":3}}},"1":{"name":"(anonymous_3)","decl":{"start":{"line":18,"column":2},"end":{"line":18,"column":7}},"loc":{"start":{"line":18,"column":48},"end":{"line":24,"column":3}}}},"branchMap":{"0":{"loc":{"start":{"line":20,"column":4},"end":{"line":22,"column":null}},"type":"if","locations":[{"start":{"line":20,"column":4},"end":{"line":22,"column":null}}]}},"s":{"0":42,"1":42,"2":42,"3":42,"4":42,"5":42,"6":42,"7":64,"8":64,"9":2,"10":62,"11":42,"12":42},"f":{"0":42,"1":64},"b":{"0":[2]}}
,"/home/guilherme/meuestagio/api/src/modules/cities/cities.controller.ts": {"path":"/home/guilherme/meuestagio/api/src/modules/cities/cities.controller.ts","statementMap":{"0":{"start":{"line":1,"column":0},"end":{"line":1,"column":79}},"1":{"start":{"line":2,"column":0},"end":{"line":2,"column":45}},"2":{"start":{"line":3,"column":0},"end":{"line":3,"column":42}},"3":{"start":{"line":5,"column":0},"end":{"line":5,"column":55}},"4":{"start":{"line":6,"column":0},"end":{"line":6,"column":57}},"5":{"start":{"line":7,"column":0},"end":{"line":7,"column":43}},"6":{"start":{"line":8,"column":0},"end":{"line":8,"column":55}},"7":{"start":{"line":9,"column":0},"end":{"line":9,"column":59}},"8":{"start":{"line":10,"column":0},"end":{"line":10,"column":62}},"9":{"start":{"line":11,"column":0},"end":{"line":11,"column":51}},"10":{"start":{"line":15,"column":7},"end":{"line":72,"column":null}},"11":{"start":{"line":17,"column":21},"end":{"line":17,"column":36}},"12":{"start":{"line":18,"column":21},"end":{"line":18,"column":37}},"13":{"start":{"line":25,"column":4},"end":{"line":25,"column":62}},"14":{"start":{"line":32,"column":4},"end":{"line":32,"column":67}},"15":{"start":{"line":37,"column":19},"end":{"line":44,"column":6}},"16":{"start":{"line":46,"column":4},"end":{"line":53,"column":6}},"17":{"start":{"line":58,"column":19},"end":{"line":63,"column":6}},"18":{"start":{"line":65,"column":4},"end":{"line":70,"column":6}},"19":{"start":{"line":24,"column":8},"end":{"line":26,"column":null}},"20":{"start":{"line":31,"column":8},"end":{"line":33,"column":null}},"21":{"start":{"line":36,"column":8},"end":{"line":54,"column":null}},"22":{"start":{"line":57,"column":8},"end":{"line":71,"column":null}},"23":{"start":{"line":15,"column":13},"end":{"line":72,"column":null}},"24":{"start":{"line":15,"column":13},"end":{"line":15,"column":29}}},"fnMap":{"0":{"name":"(anonymous_4)","decl":{"start":{"line":16,"column":2},"end":{"line":16,"column":null}},"loc":{"start":{"line":18,"column":51},"end":{"line":19,"column":6}}},"1":{"name":"(anonymous_5)","decl":{"start":{"line":24,"column":2},"end":{"line":24,"column":7}},"loc":{"start":{"line":24,"column":55},"end":{"line":26,"column":3}}},"2":{"name":"(anonymous_6)","decl":{"start":{"line":31,"column":2},"end":{"line":31,"column":7}},"loc":{"start":{"line":31,"column":61},"end":{"line":33,"column":3}}},"3":{"name":"(anonymous_7)","decl":{"start":{"line":36,"column":2},"end":{"line":36,"column":7}},"loc":{"start":{"line":36,"column":42},"end":{"line":54,"column":3}}},"4":{"name":"(anonymous_8)","decl":{"start":{"line":57,"column":2},"end":{"line":57,"column":7}},"loc":{"start":{"line":57,"column":33},"end":{"line":71,"column":3}}}},"branchMap":{"0":{"loc":{"start":{"line":38,"column":12},"end":{"line":38,"column":55}},"type":"cond-expr","locations":[{"start":{"line":38,"column":25},"end":{"line":38,"column":43}},{"start":{"line":38,"column":46},"end":{"line":38,"column":55}}]},"1":{"loc":{"start":{"line":39,"column":13},"end":{"line":39,"column":58}},"type":"cond-expr","locations":[{"start":{"line":39,"column":27},"end":{"line":39,"column":46}},{"start":{"line":39,"column":49},"end":{"line":39,"column":58}}]},"2":{"loc":{"start":{"line":40,"column":13},"end":{"line":40,"column":50}},"type":"cond-expr","locations":[{"start":{"line":40,"column":27},"end":{"line":40,"column":38}},{"start":{"line":40,"column":41},"end":{"line":40,"column":50}}]},"3":{"loc":{"start":{"line":41,"column":14},"end":{"line":41,"column":61}},"type":"cond-expr","locations":[{"start":{"line":41,"column":29},"end":{"line":41,"column":49}},{"start":{"line":41,"column":52},"end":{"line":41,"column":61}}]},"4":{"loc":{"start":{"line":42,"column":12},"end":{"line":42,"column":47}},"type":"cond-expr","locations":[{"start":{"line":42,"column":25},"end":{"line":42,"column":35}},{"start":{"line":42,"column":38},"end":{"line":42,"column":47}}]},"5":{"loc":{"start":{"line":59,"column":12},"end":{"line":59,"column":55}},"type":"cond-expr","locations":[{"start":{"line":59,"column":25},"end":{"line":59,"column":43}},{"start":{"line":59,"column":46},"end":{"line":59,"column":55}}]},"6":{"loc":{"start":{"line":60,"column":13},"end":{"line":60,"column":58}},"type":"cond-expr","locations":[{"start":{"line":60,"column":27},"end":{"line":60,"column":46}},{"start":{"line":60,"column":49},"end":{"line":60,"column":58}}]},"7":{"loc":{"start":{"line":61,"column":13},"end":{"line":61,"column":50}},"type":"cond-expr","locations":[{"start":{"line":61,"column":27},"end":{"line":61,"column":38}},{"start":{"line":61,"column":41},"end":{"line":61,"column":50}}]}},"s":{"0":42,"1":42,"2":42,"3":42,"4":42,"5":42,"6":42,"7":42,"8":42,"9":42,"10":42,"11":42,"12":42,"13":2,"14":3,"15":15,"16":15,"17":6,"18":6,"19":42,"20":42,"21":42,"22":42,"23":42,"24":42},"f":{"0":42,"1":2,"2":3,"3":15,"4":6},"b":{"0":[1,14],"1":[1,14],"2":[1,14],"3":[1,14],"4":[1,14],"5":[1,5],"6":[1,5],"7":[1,5]}}
,"/home/guilherme/meuestagio/api/src/modules/cities/cities.module.ts": {"path":"/home/guilherme/meuestagio/api/src/modules/cities/cities.module.ts","statementMap":{"0":{"start":{"line":1,"column":0},"end":{"line":1,"column":40}},"1":{"start":{"line":3,"column":0},"end":{"line":3,"column":49}},"2":{"start":{"line":4,"column":0},"end":{"line":4,"column":63}},"3":{"start":{"line":5,"column":0},"end":{"line":5,"column":51}},"4":{"start":{"line":6,"column":0},"end":{"line":6,"column":55}},"5":{"start":{"line":12,"column":7},"end":{"line":12,"column":null}},"6":{"start":{"line":12,"column":13},"end":{"line":12,"column":null}},"7":{"start":{"line":12,"column":13},"end":{"line":12,"column":25}}},"fnMap":{},"branchMap":{},"s":{"0":42,"1":42,"2":42,"3":42,"4":42,"5":42,"6":42,"7":42},"f":{},"b":{}}
,"/home/guilherme/meuestagio/api/src/modules/cities/cities.service.ts": {"path":"/home/guilherme/meuestagio/api/src/modules/cities/cities.service.ts","statementMap":{"0":{"start":{"line":1,"column":0},"end":{"line":1,"column":65}},"1":{"start":{"line":4,"column":0},"end":{"line":4,"column":63}},"2":{"start":{"line":16,"column":7},"end":{"line":78,"column":null}},"3":{"start":{"line":17,"column":31},"end":{"line":17,"column":39}},"4":{"start":{"line":20,"column":19},"end":{"line":24,"column":6}},"5":{"start":{"line":26,"column":4},"end":{"line":28,"column":null}},"6":{"start":{"line":27,"column":6},"end":{"line":27,"column":58}},"7":{"start":{"line":30,"column":4},"end":{"line":39,"column":7}},"8":{"start":{"line":50,"column":18},"end":{"line":50,"column":45}},"9":{"start":{"line":52,"column":4},"end":{"line":61,"column":7}},"10":{"start":{"line":65,"column":16},"end":{"line":65,"column":18}},"11":{"start":{"line":66,"column":4},"end":{"line":75,"column":null}},"12":{"start":{"line":68,"column":8},"end":{"line":68,"column":32}},"13":{"start":{"line":69,"column":8},"end":{"line":69,"column":14}},"14":{"start":{"line":71,"column":8},"end":{"line":71,"column":30}},"15":{"start":{"line":72,"column":8},"end":{"line":72,"column":14}},"16":{"start":{"line":74,"column":8},"end":{"line":74,"column":31}},"17":{"start":{"line":76,"column":4},"end":{"line":76,"column":17}},"18":{"start":{"line":16,"column":13},"end":{"line":78,"column":null}},"19":{"start":{"line":16,"column":13},"end":{"line":16,"column":26}}},"fnMap":{"0":{"name":"(anonymous_2)","decl":{"start":{"line":17,"column":2},"end":{"line":17,"column":31}},"loc":{"start":{"line":17,"column":52},"end":{"line":17,"column":56}}},"1":{"name":"(anonymous_3)","decl":{"start":{"line":19,"column":2},"end":{"line":19,"column":7}},"loc":{"start":{"line":19,"column":47},"end":{"line":40,"column":3}}},"2":{"name":"(anonymous_4)","decl":{"start":{"line":42,"column":2},"end":{"line":42,"column":7}},"loc":{"start":{"line":48,"column":26},"end":{"line":62,"column":3}}},"3":{"name":"(anonymous_5)","decl":{"start":{"line":64,"column":10},"end":{"line":64,"column":23}},"loc":{"start":{"line":64,"column":46},"end":{"line":77,"column":3}}}},"branchMap":{"0":{"loc":{"start":{"line":26,"column":4},"end":{"line":28,"column":null}},"type":"if","locations":[{"start":{"line":26,"column":4},"end":{"line":28,"column":null}}]},"1":{"loc":{"start":{"line":66,"column":4},"end":{"line":75,"column":null}},"type":"switch","locations":[{"start":{"line":67,"column":6},"end":{"line":69,"column":14}},{"start":{"line":70,"column":6},"end":{"line":72,"column":14}},{"start":{"line":73,"column":6},"end":{"line":74,"column":31}}]}},"s":{"0":42,"1":42,"2":42,"3":42,"4":2,"5":2,"6":1,"7":1,"8":15,"9":15,"10":15,"11":15,"12":1,"13":1,"14":1,"15":1,"16":13,"17":15,"18":42,"19":42},"f":{"0":42,"1":2,"2":15,"3":15},"b":{"0":[1],"1":[1,1,13]}}
,"/home/guilherme/meuestagio/api/src/modules/cities/regions.service.ts": {"path":"/home/guilherme/meuestagio/api/src/modules/cities/regions.service.ts","statementMap":{"0":{"start":{"line":1,"column":0},"end":{"line":1,"column":63}},"1":{"start":{"line":4,"column":0},"end":{"line":4,"column":63}},"2":{"start":{"line":7,"column":7},"end":{"line":62,"column":null}},"3":{"start":{"line":8,"column":31},"end":{"line":8,"column":39}},"4":{"start":{"line":11,"column":19},"end":{"line":15,"column":6}},"5":{"start":{"line":17,"column":4},"end":{"line":19,"column":null}},"6":{"start":{"line":18,"column":6},"end":{"line":18,"column":55}},"7":{"start":{"line":21,"column":4},"end":{"line":27,"column":7}},"8":{"start":{"line":36,"column":18},"end":{"line":36,"column":45}},"9":{"start":{"line":38,"column":4},"end":{"line":45,"column":7}},"10":{"start":{"line":49,"column":16},"end":{"line":49,"column":18}},"11":{"start":{"line":50,"column":4},"end":{"line":59,"column":null}},"12":{"start":{"line":52,"column":8},"end":{"line":52,"column":32}},"13":{"start":{"line":53,"column":8},"end":{"line":53,"column":14}},"14":{"start":{"line":55,"column":8},"end":{"line":55,"column":30}},"15":{"start":{"line":56,"column":8},"end":{"line":56,"column":14}},"16":{"start":{"line":58,"column":8},"end":{"line":58,"column":31}},"17":{"start":{"line":60,"column":4},"end":{"line":60,"column":17}},"18":{"start":{"line":7,"column":13},"end":{"line":62,"column":null}},"19":{"start":{"line":7,"column":13},"end":{"line":7,"column":27}}},"fnMap":{"0":{"name":"(anonymous_2)","decl":{"start":{"line":8,"column":2},"end":{"line":8,"column":31}},"loc":{"start":{"line":8,"column":52},"end":{"line":8,"column":56}}},"1":{"name":"(anonymous_3)","decl":{"start":{"line":10,"column":2},"end":{"line":10,"column":7}},"loc":{"start":{"line":10,"column":53},"end":{"line":28,"column":3}}},"2":{"name":"(anonymous_4)","decl":{"start":{"line":30,"column":2},"end":{"line":30,"column":7}},"loc":{"start":{"line":34,"column":26},"end":{"line":46,"column":3}}},"3":{"name":"(anonymous_5)","decl":{"start":{"line":48,"column":10},"end":{"line":48,"column":23}},"loc":{"start":{"line":48,"column":46},"end":{"line":61,"column":3}}}},"branchMap":{"0":{"loc":{"start":{"line":17,"column":4},"end":{"line":19,"column":null}},"type":"if","locations":[{"start":{"line":17,"column":4},"end":{"line":19,"column":null}}]},"1":{"loc":{"start":{"line":50,"column":4},"end":{"line":59,"column":null}},"type":"switch","locations":[{"start":{"line":51,"column":6},"end":{"line":53,"column":14}},{"start":{"line":54,"column":6},"end":{"line":56,"column":14}},{"start":{"line":57,"column":6},"end":{"line":58,"column":31}}]}},"s":{"0":42,"1":42,"2":42,"3":42,"4":3,"5":3,"6":1,"7":2,"8":6,"9":6,"10":6,"11":6,"12":0,"13":0,"14":0,"15":0,"16":6,"17":6,"18":42,"19":42},"f":{"0":42,"1":3,"2":6,"3":6},"b":{"0":[1],"1":[0,0,6]}}
,"/home/guilherme/meuestagio/api/src/modules/cities/dtos/create-city.dto.ts": {"path":"/home/guilherme/meuestagio/api/src/modules/cities/dtos/create-city.dto.ts","statementMap":{"0":{"start":{"line":1,"column":0},"end":{"line":1,"column":46}},"1":{"start":{"line":2,"column":0},"end":{"line":2,"column":55}},"2":{"start":{"line":5,"column":2},"end":{"line":6,"column":null}},"3":{"start":{"line":8,"column":2},"end":{"line":9,"column":null}},"4":{"start":{"line":11,"column":2},"end":{"line":14,"column":null}},"5":{"start":{"line":12,"column":28},"end":{"line":12,"column":41}},"6":{"start":{"line":16,"column":2},"end":{"line":19,"column":null}},"7":{"start":{"line":17,"column":28},"end":{"line":17,"column":41}},"8":{"start":{"line":4,"column":0},"end":{"line":4,"column":13}}},"fnMap":{"0":{"name":"(anonymous_2)","decl":{"start":{"line":12,"column":13},"end":{"line":12,"column":14}},"loc":{"start":{"line":12,"column":28},"end":{"line":12,"column":41}}},"1":{"name":"(anonymous_3)","decl":{"start":{"line":17,"column":13},"end":{"line":17,"column":14}},"loc":{"start":{"line":17,"column":28},"end":{"line":17,"column":41}}}},"branchMap":{},"s":{"0":42,"1":42,"2":42,"3":42,"4":42,"5":4,"6":42,"7":4,"8":42},"f":{"0":4,"1":4},"b":{}}
,"/home/guilherme/meuestagio/api/src/modules/cities/dtos/create-region.dto.ts": {"path":"/home/guilherme/meuestagio/api/src/modules/cities/dtos/create-region.dto.ts","statementMap":{"0":{"start":{"line":1,"column":0},"end":{"line":1,"column":46}},"1":{"start":{"line":2,"column":0},"end":{"line":2,"column":55}},"2":{"start":{"line":5,"column":2},"end":{"line":8,"column":null}},"3":{"start":{"line":6,"column":28},"end":{"line":6,"column":41}},"4":{"start":{"line":10,"column":2},"end":{"line":11,"column":null}},"5":{"start":{"line":13,"column":2},"end":{"line":14,"column":null}},"6":{"start":{"line":4,"column":0},"end":{"line":4,"column":13}}},"fnMap":{"0":{"name":"(anonymous_2)","decl":{"start":{"line":6,"column":13},"end":{"line":6,"column":14}},"loc":{"start":{"line":6,"column":28},"end":{"line":6,"column":41}}}},"branchMap":{},"s":{"0":42,"1":42,"2":42,"3":6,"4":42,"5":42,"6":42},"f":{"0":6},"b":{}}
,"/home/guilherme/meuestagio/api/src/modules/courses/courses.controller.ts": {"path":"/home/guilherme/meuestagio/api/src/modules/courses/courses.controller.ts","statementMap":{"0":{"start":{"line":1,"column":0},"end":{"line":1,"column":null}},"1":{"start":{"line":12,"column":0},"end":{"line":12,"column":45}},"2":{"start":{"line":13,"column":0},"end":{"line":13,"column":42}},"3":{"start":{"line":15,"column":0},"end":{"line":15,"column":59}},"4":{"start":{"line":16,"column":0},"end":{"line":16,"column":51}},"5":{"start":{"line":17,"column":0},"end":{"line":17,"column":55}},"6":{"start":{"line":18,"column":0},"end":{"line":18,"column":57}},"7":{"start":{"line":19,"column":0},"end":{"line":19,"column":43}},"8":{"start":{"line":23,"column":7},"end":{"line":51,"column":null}},"9":{"start":{"line":24,"column":31},"end":{"line":24,"column":40}},"10":{"start":{"line":30,"column":4},"end":{"line":30,"column":36}},"11":{"start":{"line":35,"column":4},"end":{"line":42,"column":6}},"12":{"start":{"line":49,"column":4},"end":{"line":49,"column":35}},"13":{"start":{"line":26,"column":2},"end":{"line":31,"column":null}},"14":{"start":{"line":33,"column":2},"end":{"line":43,"column":null}},"15":{"start":{"line":45,"column":2},"end":{"line":50,"column":null}},"16":{"start":{"line":23,"column":13},"end":{"line":51,"column":null}},"17":{"start":{"line":23,"column":13},"end":{"line":23,"column":30}}},"fnMap":{"0":{"name":"(anonymous_4)","decl":{"start":{"line":24,"column":2},"end":{"line":24,"column":31}},"loc":{"start":{"line":24,"column":54},"end":{"line":24,"column":58}}},"1":{"name":"(anonymous_5)","decl":{"start":{"line":29,"column":2},"end":{"line":29,"column":8}},"loc":{"start":{"line":29,"column":37},"end":{"line":31,"column":3}}},"2":{"name":"(anonymous_6)","decl":{"start":{"line":34,"column":2},"end":{"line":34,"column":9}},"loc":{"start":{"line":34,"column":29},"end":{"line":43,"column":3}}},"3":{"name":"(anonymous_7)","decl":{"start":{"line":48,"column":2},"end":{"line":48,"column":8}},"loc":{"start":{"line":48,"column":46},"end":{"line":50,"column":3}}}},"branchMap":{"0":{"loc":{"start":{"line":36,"column":6},"end":{"line":36,"column":49}},"type":"cond-expr","locations":[{"start":{"line":36,"column":19},"end":{"line":36,"column":37}},{"start":{"line":36,"column":40},"end":{"line":36,"column":49}}]},"1":{"loc":{"start":{"line":37,"column":6},"end":{"line":37,"column":51}},"type":"cond-expr","locations":[{"start":{"line":37,"column":20},"end":{"line":37,"column":39}},{"start":{"line":37,"column":42},"end":{"line":37,"column":51}}]},"2":{"loc":{"start":{"line":39,"column":6},"end":{"line":39,"column":67}},"type":"cond-expr","locations":[{"start":{"line":39,"column":28},"end":{"line":39,"column":55}},{"start":{"line":39,"column":58},"end":{"line":39,"column":67}}]},"3":{"loc":{"start":{"line":40,"column":6},"end":{"line":40,"column":53}},"type":"cond-expr","locations":[{"start":{"line":40,"column":21},"end":{"line":40,"column":41}},{"start":{"line":40,"column":44},"end":{"line":40,"column":53}}]}},"s":{"0":42,"1":42,"2":42,"3":42,"4":42,"5":42,"6":42,"7":42,"8":42,"9":42,"10":2,"11":11,"12":2,"13":42,"14":42,"15":42,"16":42,"17":42},"f":{"0":42,"1":2,"2":11,"3":2},"b":{"0":[1,10],"1":[1,10],"2":[1,10],"3":[1,10]}}
,"/home/guilherme/meuestagio/api/src/modules/courses/courses.module.ts": {"path":"/home/guilherme/meuestagio/api/src/modules/courses/courses.module.ts","statementMap":{"0":{"start":{"line":1,"column":0},"end":{"line":1,"column":40}},"1":{"start":{"line":3,"column":0},"end":{"line":3,"column":51}},"2":{"start":{"line":4,"column":0},"end":{"line":4,"column":63}},"3":{"start":{"line":5,"column":0},"end":{"line":5,"column":57}},"4":{"start":{"line":11,"column":7},"end":{"line":11,"column":null}},"5":{"start":{"line":11,"column":13},"end":{"line":11,"column":null}},"6":{"start":{"line":11,"column":13},"end":{"line":11,"column":26}}},"fnMap":{},"branchMap":{},"s":{"0":42,"1":42,"2":42,"3":42,"4":42,"5":42,"6":42},"f":{},"b":{}}
,"/home/guilherme/meuestagio/api/src/modules/courses/courses.service.ts": {"path":"/home/guilherme/meuestagio/api/src/modules/courses/courses.service.ts","statementMap":{"0":{"start":{"line":1,"column":0},"end":{"line":1,"column":null}},"1":{"start":{"line":8,"column":0},"end":{"line":8,"column":63}},"2":{"start":{"line":11,"column":7},"end":{"line":89,"column":null}},"3":{"start":{"line":12,"column":31},"end":{"line":12,"column":39}},"4":{"start":{"line":15,"column":4},"end":{"line":15,"column":29}},"5":{"start":{"line":17,"column":4},"end":{"line":19,"column":7}},"6":{"start":{"line":23,"column":4},"end":{"line":23,"column":27}},"7":{"start":{"line":25,"column":4},"end":{"line":25,"column":62}},"8":{"start":{"line":29,"column":19},"end":{"line":29,"column":73}},"9":{"start":{"line":30,"column":4},"end":{"line":32,"column":null}},"10":{"start":{"line":31,"column":6},"end":{"line":31,"column":59}},"11":{"start":{"line":33,"column":4},"end":{"line":33,"column":18}},"12":{"start":{"line":44,"column":18},"end":{"line":44,"column":45}},"13":{"start":{"line":46,"column":4},"end":{"line":59,"column":7}},"14":{"start":{"line":63,"column":32},"end":{"line":68,"column":6}},"15":{"start":{"line":70,"column":4},"end":{"line":72,"column":null}},"16":{"start":{"line":71,"column":6},"end":{"line":71,"column":77}},"17":{"start":{"line":76,"column":16},"end":{"line":76,"column":18}},"18":{"start":{"line":77,"column":4},"end":{"line":86,"column":null}},"19":{"start":{"line":79,"column":8},"end":{"line":79,"column":32}},"20":{"start":{"line":80,"column":8},"end":{"line":80,"column":14}},"21":{"start":{"line":82,"column":8},"end":{"line":82,"column":30}},"22":{"start":{"line":83,"column":8},"end":{"line":83,"column":14}},"23":{"start":{"line":85,"column":8},"end":{"line":85,"column":31}},"24":{"start":{"line":87,"column":4},"end":{"line":87,"column":17}},"25":{"start":{"line":11,"column":13},"end":{"line":89,"column":null}},"26":{"start":{"line":11,"column":13},"end":{"line":11,"column":27}}},"fnMap":{"0":{"name":"(anonymous_2)","decl":{"start":{"line":12,"column":2},"end":{"line":12,"column":31}},"loc":{"start":{"line":12,"column":52},"end":{"line":12,"column":56}}},"1":{"name":"(anonymous_3)","decl":{"start":{"line":14,"column":2},"end":{"line":14,"column":7}},"loc":{"start":{"line":14,"column":35},"end":{"line":20,"column":3}}},"2":{"name":"(anonymous_4)","decl":{"start":{"line":22,"column":2},"end":{"line":22,"column":7}},"loc":{"start":{"line":22,"column":25},"end":{"line":26,"column":3}}},"3":{"name":"(anonymous_5)","decl":{"start":{"line":28,"column":2},"end":{"line":28,"column":7}},"loc":{"start":{"line":28,"column":26},"end":{"line":34,"column":3}}},"4":{"name":"(anonymous_6)","decl":{"start":{"line":36,"column":2},"end":{"line":36,"column":7}},"loc":{"start":{"line":42,"column":27},"end":{"line":60,"column":3}}},"5":{"name":"(anonymous_7)","decl":{"start":{"line":62,"column":2},"end":{"line":62,"column":7}},"loc":{"start":{"line":62,"column":37},"end":{"line":73,"column":3}}},"6":{"name":"(anonymous_8)","decl":{"start":{"line":75,"column":10},"end":{"line":75,"column":23}},"loc":{"start":{"line":75,"column":46},"end":{"line":88,"column":3}}}},"branchMap":{"0":{"loc":{"start":{"line":30,"column":4},"end":{"line":32,"column":null}},"type":"if","locations":[{"start":{"line":30,"col
[...]
,"/home/guilherme/meuestagio/api/src/modules/users/companies/create-company.dto.ts": {"path":"/home/guilherme/meuestagio/api/src/modules/users/companies/create-company.dto.ts","statementMap":{"0":{"start":{"line":1,"column":0},"end":{"line":1,"column":76}},"1":{"start":{"line":2,"column":0},"end":{"line":2,"column":57}},"2":{"start":{"line":3,"column":0},"end":{"line":3,"column":46}},"3":{"start":{"line":6,"column":2},"end":{"line":7,"column":null}},"4":{"start":{"line":9,"column":2},"end":{"line":10,"column":null}},"5":{"start":{"line":12,"column":2},"end":{"line":13,"column":null}},"6":{"start":{"line":15,"column":2},"end":{"line":18,"column":null}},"7":{"start":{"line":16,"column":28},"end":{"line":16,"column":41}},"8":{"start":{"line":20,"column":2},"end":{"line":21,"column":null}},"9":{"start":{"line":23,"column":2},"end":{"line":24,"column":null}},"10":{"start":{"line":5,"column":0},"end":{"line":5,"column":13}}},"fnMap":{"0":{"name":"(anonymous_2)","decl":{"start":{"line":16,"column":13},"end":{"line":16,"column":14}},"loc":{"start":{"line":16,"column":28},"end":{"line":16,"column":41}}}},"branchMap":{},"s":{"0":42,"1":42,"2":42,"3":42,"4":42,"5":42,"6":42,"7":9,"8":42,"9":42,"10":42},"f":{"0":9},"b":{}}
,"/home/guilherme/meuestagio/api/src/modules/users/companies/update-company.dto.ts": {"path":"/home/guilherme/meuestagio/api/src/modules/users/companies/update-company.dto.ts","statementMap":{"0":{"start":{"line":1,"column":0},"end":{"line":1,"column":61}},"1":{"start":{"line":2,"column":0},"end":{"line":2,"column":56}},"2":{"start":{"line":3,"column":0},"end":{"line":3,"column":45}},"3":{"start":{"line":8,"column":2},"end":{"line":9,"column":null}},"4":{"start":{"line":5,"column":0},"end":{"line":5,"column":13}}},"fnMap":{},"branchMap":{},"s":{"0":42,"1":42,"2":42,"3":42,"4":42},"f":{},"b":{}}
,"/home/guilherme/meuestagio/api/src/modules/users/students/student-create.dto.ts": {"path":"/home/guilherme/meuestagio/api/src/modules/users/students/student-create.dto.ts","statementMap":{"0":{"start":{"line":1,"column":0},"end":{"line":1,"column":76}},"1":{"start":{"line":2,"column":0},"end":{"line":2,"column":46}},"2":{"start":{"line":5,"column":2},"end":{"line":6,"column":null}},"3":{"start":{"line":8,"column":2},"end":{"line":9,"column":null}},"4":{"start":{"line":11,"column":2},"end":{"line":12,"column":null}},"5":{"start":{"line":14,"column":2},"end":{"line":17,"column":null}},"6":{"start":{"line":15,"column":28},"end":{"line":15,"column":41}},"7":{"start":{"line":19,"column":2},"end":{"line":20,"column":null}},"8":{"start":{"line":22,"column":2},"end":{"line":25,"column":null}},"9":{"start":{"line":23,"column":28},"end":{"line":23,"column":41}},"10":{"start":{"line":27,"column":2},"end":{"line":30,"column":null}},"11":{"start":{"line":28,"column":28},"end":{"line":28,"column":41}},"12":{"start":{"line":4,"column":0},"end":{"line":4,"column":13}}},"fnMap":{"0":{"name":"(anonymous_2)","decl":{"start":{"line":15,"column":13},"end":{"line":15,"column":14}},"loc":{"start":{"line":15,"column":28},"end":{"line":15,"column":41}}},"1":{"name":"(anonymous_3)","decl":{"start":{"line":23,"column":13},"end":{"line":23,"column":14}},"loc":{"start":{"line":23,"column":28},"end":{"line":23,"column":41}}},"2":{"name":"(anonymous_4)","decl":{"start":{"line":28,"column":13},"end":{"line":28,"column":14}},"loc":{"start":{"line":28,"column":28},"end":{"line":28,"column":41}}}},"branchMap":{},"s":{"0":42,"1":42,"2":42,"3":42,"4":42,"5":42,"6":0,"7":42,"8":42,"9":0,"10":42,"11":0,"12":42},"f":{"0":0,"1":0,"2":0},"b":{}}
,"/home/guilherme/meuestagio/api/src/modules/users/students/student-update.dto.ts": {"path":"/home/guilherme/meuestagio/api/src/modules/users/students/student-update.dto.ts","statementMap":{"0":{"start":{"line":1,"column":0},"end":{"line":1,"column":51}},"1":{"start":{"line":2,"column":0},"end":{"line":2,"column":56}},"2":{"start":{"line":3,"column":0},"end":{"line":3,"column":45}},"3":{"start":{"line":6,"column":2},"end":{"line":7,"column":null}},"4":{"start":{"line":9,"column":2},"end":{"line":10,"column":null}},"5":{"start":{"line":5,"column":0},"end":{"line":5,"column":13}}},"fnMap":{},"branchMap":{},"s":{"0":42,"1":42,"2":42,"3":42,"4":42,"5":42},"f":{},"b":{}}
,"/home/guilherme/meuestagio/api/src/modules/users/students/students.controller.ts": {"path":"/home/guilherme/meuestagio/api/src/modules/users/students/students.controller.ts","statementMap":{"0":{"start":{"line":1,"column":0},"end":{"line":1,"column":null}},"1":{"start":{"line":13,"column":0},"end":{"line":13,"column":45}},"2":{"start":{"line":14,"column":0},"end":{"line":14,"column":59}},"3":{"start":{"line":15,"column":0},"end":{"line":15,"column":42}},"4":{"start":{"line":17,"column":0},"end":{"line":17,"column":54}},"5":{"start":{"line":18,"column":0},"end":{"line":18,"column":46}},"6":{"start":{"line":19,"column":0},"end":{"line":19,"column":60}},"7":{"start":{"line":20,"column":0},"end":{"line":20,"column":58}},"8":{"start":{"line":21,"column":0},"end":{"line":21,"column":56}},"9":{"start":{"line":22,"column":0},"end":{"line":22,"column":56}},"10":{"start":{"line":23,"column":0},"end":{"line":23,"column":53}},"11":{"start":{"line":28,"column":7},"end":{"line":95,"column":null}},"12":{"start":{"line":30,"column":21},"end":{"line":30,"column":37}},"13":{"start":{"line":31,"column":21},"end":{"line":31,"column":34}},"14":{"start":{"line":36,"column":4},"end":{"line":36,"column":69}},"15":{"start":{"line":43,"column":20},"end":{"line":43,"column":69}},"16":{"start":{"line":44,"column":4},"end":{"line":44,"column":52}},"17":{"start":{"line":44,"column":18},"end":{"line":44,"column":52}},"18":{"start":{"line":46,"column":4},"end":{"line":48,"column":null}},"19":{"start":{"line":59,"column":20},"end":{"line":61,"column":null}},"20":{"start":{"line":64,"column":35},"end":{"line":69,"column":6}},"21":{"start":{"line":71,"column":27},"end":{"line":71,"column":75}},"22":{"start":{"line":73,"column":29},"end":{"line":75,"column":null}},"23":{"start":{"line":78,"column":4},"end":{"line":82,"column":6}},"24":{"start":{"line":93,"column":4},"end":{"line":93,"column":71}},"25":{"start":{"line":35,"column":8},"end":{"line":37,"column":null}},"26":{"start":{"line":42,"column":8},"end":{"line":50,"column":null}},"27":{"start":{"line":55,"column":8},"end":{"line":83,"column":null}},"28":{"start":{"line":89,"column":8},"end":{"line":94,"column":null}},"29":{"start":{"line":28,"column":13},"end":{"line":95,"column":null}},"30":{"start":{"line":28,"column":13},"end":{"line":28,"column":31}}},"fnMap":{"0":{"name":"(anonymous_4)","decl":{"start":{"line":29,"column":2},"end":{"line":29,"column":null}},"loc":{"start":{"line":31,"column":45},"end":{"line":32,"column":6}}},"1":{"name":"(anonymous_5)","decl":{"start":{"line":35,"column":2},"end":{"line":35,"column":7}},"loc":{"start":{"line":35,"column":57},"end":{"line":37,"column":3}}},"2":{"name":"(anonymous_6)","decl":{"start":{"line":42,"column":2},"end":{"line":42,"column":7}},"loc":{"start":{"line":42,"column":42},"end":{"line":50,"column":3}}},"3":{"name":"(anonymous_7)","decl":{"start":{"line":55,"column":2},"end":{"line":55,"column":7}},"loc":{"start":{"line":57,"column":46},"end":{"line":83,"column":3}}},"4":{"name":"(anonymous_8)","decl":{"start":{"line":89,"column":2},"end":{"line":89,"column":7}},"loc":{"start":{"line":91,"column":45},"end":{"line":94,"column":3}}}},"branchMap":{"0":{"loc":{"start":{"line":44,"column":4},"end":{"line":44,"column":52}},"type":"if","locations":[{"start":{"line":44,"column":4},"end":{"line":44,"column":52}}]}},"s":{"0":42,"1":42,"2":42,"3":42,"4":42,"5":42,"6":42,"7":42,"8":42,"9":42,"10":42,"11":42,"12":42,"13":42,"14":0,"15":0,"16":0,"17":0,"18":0,"19":0,"20":0,"21":0,"22":0,"23":0,"24":1,"25":42,"26":42,"27":42,"28":42,"29":42,"30":42},"f":{"0":42,"1":0,"2":0,"3":0,"4":1},"b":{"0":[0]}}
,"/home/guilherme/meuestagio/api/src/modules/users/students/students.service.ts": {"path":"/home/guilherme/meuestagio/api/src/modules/users/students/students.service.ts","statementMap":{"0":{"start":{"line":1,"column":0},"end":{"line":1,"column":63}},"1":{"start":{"line":4,"column":0},"end":{"line":4,"column":66}},"2":{"start":{"line":6,"column":0},"end":{"line":6,"column":55}},"3":{"start":{"line":8,"column":0},"end":{"line":8,"column":60}},"4":{"start":{"line":11,"column":7},"end":{"line":111,"column":null}},"5":{"start":{"line":13,"column":21},"end":{"line":13,"column":36}},"6":{"start":{"line":14,"column":12},"end":{"line":14,"column":20}},"7":{"start":{"line":18,"column":4},"end":{"line":20,"column":null}},"8":{"start":{"line":19,"column":6},"end":{"line":19,"column":58}},"9":{"start":{"line":22,"column":21},"end":{"line":22,"column":69}},"10":{"start":{"line":24,"column":24},"end":{"line":29,"column":6}},"11":{"start":{"line":31,"column":19},"end":{"line":35,"column":6}},"12":{"start":{"line":37,"column":4},"end":{"line":42,"column":7}},"13":{"start":{"line":44,"column":4},"end":{"line":44,"column":51}},"14":{"start":{"line":48,"column":20},"end":{"line":56,"column":6}},"15":{"start":{"line":58,"column":4},"end":{"line":58,"column":19}},"16":{"start":{"line":62,"column":4},"end":{"line":62,"column":48}},"17":{"start":{"line":66,"column":4},"end":{"line":71,"column":null}},"18":{"start":{"line":67,"column":28},"end":{"line":67,"column":57}},"19":{"start":{"line":68,"column":6},"end":{"line":70,"column":null}},"20":{"start":{"line":69,"column":8},"end":{"line":69,"column":70}},"21":{"start":{"line":73,"column":27},"end":{"line":76,"column":6}},"22":{"start":{"line":78,"column":4},"end":{"line":78,"column":52}},"23":{"start":{"line":85,"column":19},"end":{"line":85,"column":44}},"24":{"start":{"line":86,"column":16},"end":{"line":88,"column":null}},"25":{"start":{"line":91,"column":4},"end":{"line":94,"column":7}},"26":{"start":{"line":96,"column":4},"end":{"line":96,"column":37}},"27":{"start":{"line":100,"column":4},"end":{"line":102,"column":null}},"28":{"start":{"line":101,"column":6},"end":{"line":101,"column":68}},"29":{"start":{"line":104,"column":4},"end":{"line":107,"column":7}},"30":{"start":{"line":109,"column":4},"end":{"line":109,"column":40}},"31":{"start":{"line":11,"column":13},"end":{"line":111,"column":null}},"32":{"start":{"line":11,"column":13},"end":{"line":11,"column":28}}},"fnMap":{"0":{"name":"(anonymous_2)","decl":{"start":{"line":12,"column":2},"end":{"line":12,"column":null}},"loc":{"start":{"line":14,"column":33},"end":{"line":15,"column":6}}},"1":{"name":"(anonymous_3)","decl":{"start":{"line":17,"column":2},"end":{"line":17,"column":7}},"loc":{"start":{"line":17,"column":53},"end":{"line":45,"column":3}}},"2":{"name":"(anonymous_4)","decl":{"start":{"line":47,"column":2},"end":{"line":47,"column":7}},"loc":{"start":{"line":47,"column":29},"end":{"line":59,"column":3}}},"3":{"name":"(anonymous_5)","decl":{"start":{"line":61,"column":2},"end":{"line":61,"column":7}},"loc":{"start":{"line":61,"column":15},"end":{"line":63,"column":3}}},"4":{"name":"(anonymous_6)","decl":{"start":{"line":65,"column":2},"end":{"line":65,"column":7}},"loc":{"start":{"line":65,"column":58},"end":{"line":79,"column":3}}},"5":{"name":"(anonymous_7)","decl":{"start":{"line":81,"column":2},"end":{"line":81,"column":7}},"loc":{"start":{"line":83,"column":30},"end":{"line":97,"column":3}}},"6":{"name":"(anonymous_8)","decl":{"start":{"line":99,"column":10},"end":{"line":99,"column":15}},"loc":{"start":{"line":99,"column":62},"end":{"line":110,"column":3}}}},"branchMap":{"0":{"loc":{"start":{"line":18,"column":4},"end":{"line":20,"column":null}},"type":"if","locations":[{"start":{"line":18,"column":4},"end":{"line":20,"column":null}}]},"1":{"loc":{"start":{"line":66,"column":4},"end":{"line":71,"column":null}},"type":"if","locations":[{"start":{"line":66,"column":4},"end":{"line":71,"column":null}}]},"2":{"loc":{"start":{"line":68,"column":6},"end":{"line":70,"column":null}},"type":"if","locations":[{"start":{"line":68,"column":6},"end":{"line":70,"column":null}}]},"3":{"loc":{"start":{"line":68,"column":10},"end":{"line":68,"column":56}},"type":"binary-expr","locations":[{"start":{"line":68,"column":10},"end":{"line":68,"column":23}},{"start":{"line":68,"column":27},"end":{"line":68,"column":56}}]},"4":{"loc":{"start":{"line":100,"column":4},"end":{"line":102,"column":null}},"type":"if","locations":[{"start":{"line":100,"column":4},"end":{"line":102,"column":null}}]}},"s":{"0":42,"1":42,"2":42,"3":42,"4":42,"5":42,"6":42,"7":0,"8":0,"9":0,"10":0,"11":0,"12":0,"13":0,"14":66,"15":66,"16":0,"17":0,"18":0,"19":0,"20":0,"21":0,"22":0,"23":1,"24":1,"25":1,"26":1,"27":0,"28":0,"29":0,"30":0,"31":42,"32":42},"f":{"0":42,"1":0,"2":66,"3":0,"4":0,"5":1,"6":0},"b":{"0":[0],"1":[0],"2":[0],"3":[0,0],"4":[0]}}
,"/home/guilherme/meuestagio/api/src/utils/bcriptUtils.ts": {"path":"/home/guilherme/meuestagio/api/src/utils/bcriptUtils.ts","statementMap":{"0":{"start":{"line":1,"column":0},"end":{"line":1,"column":35}},"1":{"start":{"line":3,"column":13},"end":{"line":3,"column":15}},"2":{"start":{"line":5,"column":22},"end":{"line":21,"column":2}},"3":{"start":{"line":7,"column":4},"end":{"line":7,"column":42}},"4":{"start":{"line":11,"column":4},"end":{"line":11,"column":52}},"5":{"start":{"line":15,"column":4},"end":{"line":15,"column":40}},"6":{"start":{"line":19,"column":4},"end":{"line":19,"column":50}},"7":{"start":{"line":23,"column":0},"end":{"line":23,"column":29}}},"fnMap":{"0":{"name":"(anonymous_0)","decl":{"start":{"line":6,"column":2},"end":{"line":6,"column":7}},"loc":{"start":{"line":6,"column":26},"end":{"line":8,"column":3}}},"1":{"name":"(anonymous_1)","decl":{"start":{"line":10,"column":2},"end":{"line":10,"column":7}},"loc":{"start":{"line":10,"column":50},"end":{"line":12,"column":3}}},"2":{"name":"(anonymous_2)","decl":{"start":{"line":14,"column":2},"end":{"line":14,"column":10}},"loc":{"start":{"line":14,"column":24},"end":{"line":16,"column":3}}},"3":{"name":"(anonymous_3)","decl":{"start":{"line":18,"column":2},"end":{"line":18,"column":13}},"loc":{"start":{"line":18,"column":48},"end":{"line":20,"column":3}}}},"branchMap":{},"s":{"0":42,"1":42,"2":42,"3":1,"4":110,"5":205,"6":0,"7":42},"f":{"0":1,"1":110,"2":205,"3":0},"b":{}}
,"/home/guilherme/meuestagio/api/test/helpers/login.ts": {"path":"/home/guilherme/meuestagio/api/test/helpers/login.ts","statementMap":{"0":{"start":{"line":2,"column":0},"end":{"line":2,"column":37}},"1":{"start":{"line":3,"column":0},"end":{"line":3,"column":71}},"2":{"start":{"line":4,"column":0},"end":{"line":4,"column":71}},"3":{"start":{"line":5,"column":0},"end":{"line":5,"column":65}},"4":{"start":{"line":11,"column":23},"end":{"line":11,"column":61}},"5":{"start":{"line":13,"column":14},"end":{"line":18,"column":6}},"6":{"start":{"line":20,"column":2},"end":{"line":20,"column":31}},"7":{"start":{"line":7,"column":0},"end":{"line":7,"column":7}},"8":{"start":{"line":27,"column":23},"end":{"line":27,"column":61}},"9":{"start":{"line":29,"column":14},"end":{"line":34,"column":6}},"10":{"start":{"line":36,"column":2},"end":{"line":36,"column":31}},"11":{"start":{"line":23,"column":0},"end":{"line":23,"column":7}},"12":{"start":{"line":43,"column":21},"end":{"line":43,"column":56}},"13":{"start":{"line":45,"column":14},"end":{"line":50,"column":6}},"14":{"start":{"line":52,"column":2},"end":{"line":52,"column":31}},"15":{"start":{"line":39,"column":0},"end":{"line":39,"column":7}}},"fnMap":{"0":{"name":"companyLogin","decl":{"start":{"line":7,"column":22},"end":{"line":7,"column":34}},"loc":{"start":{"line":9,"column":16},"end":{"line":21,"column":1}}},"1":{"name":"studentLogin","decl":{"start":{"line":23,"column":22},"end":{"line":23,"column":34}},"loc":{"start":{"line":25,"column":16},"end":{"line":37,"column":1}}},"2":{"name":"adminLogin","decl":{"start":{"line":39,"column":22},"end":{"line":39,"column":32}},"loc":{"start":{"line":41,"column":16},"end":{"line":53,"column":1}}}},"branchMap":{"0":{"loc":{"start":{"line":11,"column":23},"end":{"line":11,"column":61}},"type":"binary-expr","locations":[{"start":{"line":11,"column":23},"end":{"line":11,"column":28}},{"start":{"line":11,"column":32},"end":{"line":11,"column":61}}]},"1":{"loc":{"start":{"line":27,"column":23},"end":{"line":27,"column":61}},"type":"binary-expr","locations":[{"start":{"line":27,"column":23},"end":{"line":27,"column":28}},{"start":{"line":27,"column":32},"end":{"line":27,"column":61}}]},"2":{"loc":{"start":{"line":43,"column":21},"end":{"line":43,"column":56}},"type":"binary-expr","locations":[{"start":{"line":43,"column":21},"end":{"line":43,"column":26}},{"start":{"line":43,"column":30},"end":{"line":43,"column":56}}]}},"s":{"0":29,"1":29,"2":29,"3":29,"4":28,"5":28,"6":28,"7":29,"8":61,"9":61,"10":61,"11":29,"12":15,"13":15,"14":15,"15":29},"f":{"0":28,"1":61,"2":15},"b":{"0":[28,23],"1":[61,19],"2":[15,15]}}
,"/home/guilherme/meuestagio/api/test/helpers/request.ts": {"path":"/home/guilherme/meuestagio/api/test/helpers/request.ts","statementMap":{"0":{"start":{"line":2,"column":0},"end":{"line":2,"column":37}},"1":{"start":{"line":10,"column":2},"end":{"line":13,"column":16}},"2":{"start":{"line":4,"column":0},"end":{"line":4,"column":16}},"3":{"start":{"line":22,"column":2},"end":{"line":25,"column":16}},"4":{"start":{"line":16,"column":0},"end":{"line":16,"column":16}},"5":{"start":{"line":34,"column":2},"end":{"line":37,"column":45}},"6":{"start":{"line":28,"column":0},"end":{"line":28,"column":16}},"7":{"start":{"line":46,"column":2},"end":{"line":49,"column":45}},"8":{"start":{"line":40,"column":0},"end":{"line":40,"column":16}}},"fnMap":{"0":{"name":"post","decl":{"start":{"line":4,"column":16},"end":{"line":4,"column":20}},"loc":{"start":{"line":8,"column":12},"end":{"line":14,"column":1}}},"1":{"name":"patch","decl":{"start":{"line":16,"column":16},"end":{"line":16,"column":21}},"loc":{"start":{"line":20,"column":12},"end":{"line":26,"column":1}}},"2":{"name":"get","decl":{"start":{"line":28,"column":16},"end":{"line":28,"column":19}},"loc":{"start":{"line":32,"column":13},"end":{"line":38,"column":1}}},"3":{"name":"del","decl":{"start":{"line":40,"column":16},"end":{"line":40,"column":19}},"loc":{"start":{"line":44,"column":13},"end":{"line":50,"column":1}}}},"branchMap":{},"s":{"0":21,"1":45,"2":21,"3":7,"4":21,"5":54,"6":21,"7":20,"8":21},"f":{"0":45,"1":7,"2":54,"3":20},"b":{}}
}
