TN:
SF:prisma/prisma.service.ts
FNF:0
FNH:0
DA:1,42
DA:2,42
DA:5,42
LF:3
LH:3
BRF:0
BRH:0
end_of_record
TN:
SF:prisma/prisma.ts
FNF:0
FNH:0
DA:1,42
DA:3,42
LF:2
LH:2
BRF:0
BRH:0
end_of_record
TN:
SF:prisma/testing/factories/area.ts
FN:4,(anonymous_0)
FN:13,createManyAreas
FNF:2
FNH:2
FNDA:207,(anonymous_0)
FNDA:1,createManyAreas
DA:1,37
DA:2,37
DA:4,37
DA:5,207
DA:13,37
DA:14,1
DA:16,1
DA:17,5
DA:20,1
LF:9
LH:9
BRF:0
BRH:0
end_of_record
TN:
SF:prisma/testing/factories/city.ts
FN:8,(anonymous_0)
FN:23,(anonymous_1)
FNF:2
FNH:2
FNDA:509,(anonymous_0)
FNDA:4,(anonymous_1)
DA:1,39
DA:2,39
DA:3,39
DA:8,39
DA:9,509
DA:11,509
DA:23,39
DA:24,4
DA:26,4
DA:27,17
DA:30,4
LF:11
LH:11
BRDA:14,0,0,6
BRDA:14,0,1,503
BRDA:14,1,0,500
BRDA:14,1,1,9
BRDA:14,2,0,509
BRDA:14,2,1,509
BRDA:15,3,0,3
BRDA:15,3,1,506
BRDA:15,4,0,500
BRDA:15,4,1,9
BRDA:15,5,0,509
BRDA:15,5,1,509
BRF:12
BRH:12
end_of_record
TN:
SF:prisma/testing/factories/company.ts
FN:7,(anonymous_0)
FN:27,(anonymous_1)
FNF:2
FNH:1
FNDA:105,(anonymous_0)
FNDA:0,(anonymous_1)
DA:1,35
DA:3,35
DA:4,35
DA:5,35
DA:7,35
DA:8,105
DA:10,105
DA:27,35
DA:28,0
DA:30,0
DA:31,0
DA:34,0
LF:12
LH:8
BRF:0
BRH:0
end_of_record
TN:
SF:prisma/testing/factories/course.ts
FN:6,createCourse
FN:23,createManyCourses
FNF:2
FNH:2
FNDA:130,createCourse
FNDA:7,createManyCourses
DA:1,31
DA:2,31
DA:3,31
DA:4,31
DA:6,31
DA:7,130
DA:8,130
DA:10,130
DA:23,31
DA:24,7
DA:26,7
DA:27,35
DA:30,7
LF:13
LH:13
BRDA:12,0,0,7
BRDA:12,0,1,123
BRDA:12,1,0,130
BRDA:12,1,1,130
BRF:4
BRH:4
end_of_record
TN:
SF:prisma/testing/factories/education.ts
FN:5,(anonymous_0)
FNF:1
FNH:1
FNDA:6,(anonymous_0)
DA:1,3
DA:3,3
DA:5,3
DA:6,6
LF:4
LH:4
BRDA:11,0,0,6
BRDA:11,0,1,5
BRF:2
BRH:2
end_of_record
TN:
SF:prisma/testing/factories/experience.ts
FN:4,(anonymous_0)
FNF:1
FNH:1
FNDA:6,(anonymous_0)
DA:1,3
DA:2,3
DA:4,3
DA:5,6
LF:4
LH:4
BRDA:8,0,0,6
BRDA:8,0,1,5
BRF:2
BRH:2
end_of_record
TN:
SF:prisma/testing/factories/institution.ts
FN:5,(anonymous_0)
FN:17,createManyInstitutions
FNF:2
FNH:2
FNDA:243,(anonymous_0)
FNDA:3,createManyInstitutions
DA:1,32
DA:2,32
DA:3,32
DA:5,32
DA:6,243
DA:8,243
DA:17,32
DA:18,3
DA:20,3
DA:21,15
DA:24,3
LF:11
LH:11
BRDA:10,0,0,6
BRDA:10,0,1,237
BRF:2
BRH:2
end_of_record
TN:
SF:prisma/testing/factories/job-applications.ts
FN:5,(anonymous_0)
FNF:1
FNH:1
FNDA:6,(anonymous_0)
DA:2,3
DA:3,3
DA:5,3
DA:6,6
DA:8,6
DA:10,6
DA:11,10
DA:18,10
DA:21,6
LF:9
LH:9
BRF:0
BRH:0
end_of_record
TN:
SF:prisma/testing/factories/job.ts
FN:9,(anonymous_0)
FN:39,createJobWith
FN:84,(anonymous_2)
FNF:3
FNH:3
FNDA:44,(anonymous_0)
FNDA:21,createJobWith
FNDA:1,(anonymous_2)
DA:2,11
DA:3,11
DA:4,11
DA:5,11
DA:6,11
DA:7,11
DA:9,11
DA:10,44
DA:11,44
DA:12,44
DA:13,44
DA:15,44
DA:36,44
DA:39,11
DA:40,21
DA:41,21
DA:42,21
DA:43,21
DA:45,21
DA:84,11
DA:85,1
DA:86,1
DA:87,4
DA:90,1
LF:24
LH:24
BRDA:23,0,0,44
BRDA:23,0,1,38
BRDA:47,1,0,4
BRDA:47,1,1,17
BRDA:47,2,0,0
BRDA:47,2,1,21
BRDA:47,3,0,21
BRDA:47,3,1,21
BRDA:48,4,0,4
BRDA:48,4,1,17
BRDA:48,5,0,0
BRDA:48,5,1,21
BRDA:48,6,0,21
BRDA:48,6,1,21
BRDA:49,7,0,4
BRDA:49,7,1,17
BRDA:49,8,0,0
BRDA:49,8,1,21
BRDA:49,9,0,21
BRDA:49,9,1,21
BRDA:50,10,0,5
BRDA:50,10,1,16
BRDA:50,11,0,0
BRDA:50,11,1,21
BRDA:50,12,0,21
BRDA:50,12,1,21
BRDA:51,13,0,0
BRDA:51,13,1,21
BRDA:51,14,0,0
BRDA:51,14,1,21
BRDA:51,15,0,21
BRDA:51,15,1,21
BRDA:52,16,0,0
BRDA:52,16,1,21
BRDA:52,17,0,0
BRDA:52,17,1,21
BRDA:52,18,0,21
BRDA:52,18,1,21
BRDA:53,19,0,4
BRDA:53,19,1,17
BRDA:53,20,0,0
BRDA:53,20,1,21
BRDA:53,21,0,21
BRDA:53,21,1,21
BRDA:54,22,0,4
BRDA:54,22,1,17
BRDA:54,23,0,0
BRDA:54,23,1,21
BRDA:54,24,0,21
BRDA:54,24,1,21
BRDA:55,25,0,5
BRDA:55,25,1,16
BRDA:55,26,0,0
BRDA:55,26,1,21
BRDA:55,27,0,21
BRDA:55,27,1,21
BRDA:56,28,0,6
BRDA:56,28,1,15
BRDA:56,29,0,0
BRDA:56,29,1,21
BRDA:56,30,0,21
BRDA:56,30,1,21
BRF:62
BRH:50
end_of_record
TN:
SF:prisma/testing/factories/language.ts
FN:5,createLanguage
FNF:1
FNH:1
FNDA:6,createLanguage
DA:1,3
DA:3,3
DA:5,3
DA:6,6
LF:4
LH:4
BRDA:9,0,0,6
BRDA:9,0,1,5
BRF:2
BRH:2
end_of_record
TN:
SF:prisma/testing/factories/region.ts
FN:4,(anonymous_0)
FN:14,createManyRegions
FNF:2
FNH:2
FNDA:576,(anonymous_0)
FNDA:4,createManyRegions
DA:1,40
DA:2,40
DA:4,40
DA:5,576
DA:14,40
DA:15,4
DA:16,4
DA:17,20
DA:19,4
LF:9
LH:9
BRF:0
BRH:0
end_of_record
TN:
SF:prisma/testing/factories/resume.ts
FN:3,(anonymous_0)
FNF:1
FNH:1
FNDA:83,(anonymous_0)
DA:1,30
DA:3,30
DA:4,83
LF:3
LH:3
BRF:0
BRH:0
end_of_record
TN:
SF:prisma/testing/factories/skill.ts
FN:4,createSkill
FNF:1
FNH:1
FNDA:6,createSkill
DA:1,3
DA:2,3
DA:4,3
DA:5,6
LF:4
LH:4
BRDA:8,0,0,6
BRDA:8,0,1,5
BRF:2
BRH:2
end_of_record
TN:
SF:prisma/testing/factories/student.ts
FN:9,(anonymous_0)
FN:40,(anonymous_1)
FNF:2
FNH:2
FNDA:83,(anonymous_0)
FNDA:1,(anonymous_1)
DA:1,30
DA:2,30
DA:3,30
DA:4,30
DA:5,30
DA:6,30
DA:7,30
DA:9,30
DA:10,83
DA:11,83
DA:12,83
DA:14,83
DA:31,83
DA:32,83
DA:40,30
DA:41,1
DA:42,1
DA:43,10
DA:46,1
LF:19
LH:19
BRF:0
BRH:0
end_of_record
TN:
SF:prisma/testing/factories/user.ts
FN:5,createUser
FNF:1
FNH:1
FNDA:17,createUser
DA:1,30
DA:2,30
DA:3,30
DA:5,30
DA:6,17
LF:5
LH:5
BRF:0
BRH:0
end_of_record
TN:
SF:src/app.controller.ts
FN:7,(anonymous_2)
FNF:1
FNH:0
FNDA:0,(anonymous_2)
DA:1,42
DA:4,42
DA:5,42
DA:8,0
LF:4
LH:3
BRF:0
BRH:0
end_of_record
TN:
SF:src/app.module.ts
FNF:0
FNH:0
DA:1,42
DA:3,42
DA:4,42
DA:5,42
DA:6,42
DA:7,42
DA:8,42
DA:9,42
DA:10,42
DA:11,42
DA:12,42
DA:28,42
LF:12
LH:12
BRF:0
BRH:0
end_of_record
TN:
SF:src/constants/firebase.ts
FNF:0
FNH:0
DA:1,42
DA:2,42
DA:4,42
LF:3
LH:3
BRF:0
BRH:0
end_of_record
TN:
SF:src/constants/jwt.ts
FNF:0
FNH:0
DA:1,42
DA:2,42
DA:4,42
LF:3
LH:3
BRF:0
BRH:0
end_of_record
TN:
SF:src/modules/areas/areas.controller.ts
FN:9,(anonymous_2)
FN:12,(anonymous_3)
FNF:2
FNH:2
FNDA:42,(anonymous_2)
FNDA:1,(anonymous_3)
DA:1,42
DA:2,42
DA:4,42
DA:8,42
DA:9,42
DA:12,42
DA:13,1
LF:7
LH:7
BRF:0
BRH:0
end_of_record
TN:
SF:src/modules/areas/areas.module.ts
FNF:0
FNH:0
DA:1,42
DA:3,42
DA:4,42
DA:5,42
DA:11,42
LF:5
LH:5
BRF:0
BRH:0
end_of_record
TN:
SF:src/modules/areas/areas.service.ts
FN:7,(anonymous_2)
FN:9,(anonymous_3)
FNF:2
FNH:2
FNDA:42,(anonymous_2)
FNDA:1,(anonymous_3)
DA:1,42
DA:3,42
DA:6,42
DA:7,42
DA:10,1
LF:5
LH:5
BRF:0
BRH:0
end_of_record
TN:
SF:src/modules/auth/auth.controller.ts
FN:9,(anonymous_4)
FN:13,(anonymous_5)
FN:19,(anonymous_6)
FN:25,(anonymous_7)
FNF:4
FNH:4
FNDA:42,(anonymous_4)
FNDA:62,(anonymous_5)
FNDA:29,(anonymous_6)
FNDA:16,(anonymous_7)
DA:1,42
DA:2,42
DA:3,42
DA:5,42
DA:8,42
DA:9,42
DA:13,42
DA:14,62
DA:19,42
DA:20,29
DA:25,42
DA:26,16
LF:12
LH:12
BRF:0
BRH:0
end_of_record
TN:
SF:src/modules/auth/auth.module.ts
FNF:0
FNH:0
DA:1,42
DA:2,42
DA:3,42
DA:5,42
DA:6,42
DA:7,42
DA:8,42
DA:9,42
DA:10,42
DA:11,42
DA:12,42
DA:13,42
DA:14,42
DA:15,42
DA:40,42
LF:15
LH:15
BRF:0
BRH:0
end_of_record
TN:
SF:src/modules/auth/auth.service.ts
FN:7,(anonymous_2)
FN:9,(anonymous_3)
FNF:2
FNH:2
FNDA:42,(anonymous_2)
FNDA:108,(anonymous_3)
DA:1,42
DA:2,42
DA:6,42
DA:7,42
DA:10,108
LF:5
LH:5
BRF:0
BRH:0
end_of_record
TN:
SF:src/modules/auth/roles/roles.decorator.ts
FN:4,(anonymous_0)
FNF:1
FNH:1
FNDA:1428,(anonymous_0)
DA:1,42
DA:4,1428
LF:2
LH:2
BRF:0
BRH:0
end_of_record
TN:
SF:src/modules/auth/roles/roles.guard.ts
FN:7,(anonymous_2)
FN:9,(anonymous_3)
FN:18,(anonymous_4)
FNF:3
FNH:3
FNDA:294,(anonymous_2)
FNDA:122,(anonymous_3)
FNDA:124,(anonymous_4)
DA:1,42
DA:2,42
DA:6,42
DA:7,294
DA:10,122
DA:14,122
DA:15,0
DA:17,122
DA:18,124
LF:9
LH:8
BRDA:14,0,0,0
BRDA:18,1,0,0
BRDA:18,1,1,124
BRDA:18,2,0,124
BRDA:18,2,1,124
BRDA:18,3,0,0
BRDA:18,3,1,124
BRDA:18,4,0,124
BRDA:18,4,1,124
BRF:9
BRH:6
end_of_record
TN:
SF:src/modules/auth/roles/roles.ts
FN:1,(anonymous_0)
FNF:1
FNH:1
FNDA:42,(anonymous_0)
DA:1,42
DA:2,42
DA:3,42
DA:4,42
LF:4
LH:4
BRDA:1,0,0,42
BRDA:1,0,1,42
BRF:2
BRH:2
end_of_record
TN:
SF:src/modules/auth/services/auth-admin.service.ts
FN:10,(anonymous_2)
FN:12,(anonymous_3)
FNF:2
FNH:2
FNDA:42,(anonymous_2)
FNDA:18,(anonymous_3)
DA:1,42
DA:3,42
DA:5,42
DA:6,42
DA:9,42
DA:10,42
DA:16,18
DA:17,18
DA:19,17
DA:24,17
DA:25,1
DA:28,16
LF:12
LH:12
BRDA:17,0,0,1
BRDA:24,1,0,1
BRF:2
BRH:2
end_of_record
TN:
SF:src/modules/auth/services/auth-company.service.ts
FN:10,(anonymous_2)
FN:12,(anonymous_3)
FNF:2
FNH:2
FNDA:42,(anonymous_2)
FNDA:31,(anonymous_3)
DA:1,42
DA:3,42
DA:4,42
DA:5,42
DA:9,42
DA:10,42
DA:16,31
DA:19,31
DA:21,31
DA:22,29
DA:29,2
LF:11
LH:11
BRDA:19,0,0,31
BRDA:19,0,1,30
BRDA:19,1,0,0
BRDA:19,1,1,30
BRDA:19,2,0,30
BRDA:19,2,1,30
BRDA:21,3,0,29
BRF:7
BRH:6
end_of_record
TN:
SF:src/modules/auth/services/auth-student.service.ts
FN:10,(anonymous_2)
FN:12,(anonymous_3)
FNF:2
FNH:2
FNDA:42,(anonymous_2)
FNDA:64,(anonymous_3)
DA:1,42
DA:3,42
DA:4,42
DA:6,42
DA:9,42
DA:10,42
DA:16,64
DA:17,64
DA:19,63
DA:24,63
DA:25,1
DA:28,62
LF:12
LH:12
BRDA:17,0,0,1
BRDA:24,1,0,1
BRF:2
BRH:2
end_of_record
TN:
SF:src/modules/auth/strategies/admin.strategy.ts
FN:9,(anonymous_2)
FN:15,(anonymous_3)
FNF:2
FNH:2
FNDA:42,(anonymous_2)
FNDA:18,(anonymous_3)
DA:1,42
DA:2,42
DA:3,42
DA:5,42
DA:8,42
DA:9,42
DA:10,42
DA:16,18
DA:17,18
DA:18,2
DA:20,16
LF:11
LH:11
BRDA:17,0,0,2
BRF:1
BRH:1
end_of_record
TN:
SF:src/modules/auth/strategies/company.strategy.ts
FN:12,(anonymous_2)
FN:18,(anonymous_3)
FNF:2
FNH:2
FNDA:42,(anonymous_2)
FNDA:31,(anonymous_3)
DA:1,42
DA:2,42
DA:3,42
DA:5,42
DA:8,42
DA:12,42
DA:13,42
DA:19,31
DA:20,31
DA:21,2
DA:23,29
LF:11
LH:11
BRDA:20,0,0,2
BRF:1
BRH:1
end_of_record
TN:
SF:src/modules/auth/strategies/jwt.strategy.ts
FN:9,(anonymous_2)
FN:17,(anonymous_3)
FNF:2
FNH:2
FNDA:42,(anonymous_2)
FNDA:122,(anonymous_3)
DA:1,42
DA:2,42
DA:3,42
DA:5,42
DA:8,42
DA:10,42
DA:18,122
LF:7
LH:7
BRF:0
BRH:0
end_of_record
TN:
SF:src/modules/auth/strategies/student.strategy.ts
FN:12,(anonymous_2)
FN:18,(anonymous_3)
FNF:2
FNH:2
FNDA:42,(anonymous_2)
FNDA:64,(anonymous_3)
DA:1,42
DA:2,42
DA:3,42
DA:5,42
DA:8,42
DA:12,42
DA:13,42
DA:19,64
DA:20,64
DA:21,2
DA:23,62
LF:11
LH:11
BRDA:20,0,0,2
BRF:1
BRH:1
end_of_record
TN:
SF:src/modules/cities/cities.controller.ts
FN:16,(anonymous_4)
FN:24,(anonymous_5)
FN:31,(anonymous_6)
FN:36,(anonymous_7)
FN:57,(anonymous_8)
FNF:5
FNH:5
FNDA:42,(anonymous_4)
FNDA:2,(anonymous_5)
FNDA:3,(anonymous_6)
FNDA:15,(anonymous_7)
FNDA:6,(anonymous_8)
DA:1,42
DA:2,42
DA:3,42
DA:5,42
DA:6,42
DA:7,42
DA:8,42
DA:9,42
DA:10,42
DA:11,42
DA:15,42
DA:17,42
DA:18,42
DA:24,42
DA:25,2
DA:31,42
DA:32,3
DA:36,42
DA:37,15
DA:46,15
DA:57,42
DA:58,6
DA:65,6
LF:23
LH:23
BRDA:38,0,0,1
BRDA:38,0,1,14
BRDA:39,1,0,1
BRDA:39,1,1,14
BRDA:40,2,0,1
BRDA:40,2,1,14
BRDA:41,3,0,1
BRDA:41,3,1,14
BRDA:42,4,0,1
BRDA:42,4,1,14
BRDA:59,5,0,1
BRDA:59,5,1,5
BRDA:60,6,0,1
BRDA:60,6,1,5
BRDA:61,7,0,1
BRDA:61,7,1,5
BRF:16
BRH:16
end_of_record
TN:
SF:src/modules/cities/cities.module.ts
FNF:0
FNH:0
DA:1,42
DA:3,42
DA:4,42
DA:5,42
DA:6,42
DA:12,42
LF:6
LH:6
BRF:0
BRH:0
end_of_record
TN:
SF:src/modules/cities/cities.service.ts
FN:17,(anonymous_2)
FN:19,(anonymous_3)
FN:42,(anonymous_4)
FN:64,(anonymous_5)
FNF:4
FNH:4
FNDA:42,(anonymous_2)
FNDA:2,(anonymous_3)
FNDA:15,(anonymous_4)
FNDA:15,(anonymous_5)
DA:1,42
DA:4,42
DA:16,42
DA:17,42
DA:20,2
DA:26,2
DA:27,1
DA:30,1
DA:50,15
DA:52,15
DA:65,15
DA:66,15
DA:68,1
DA:69,1
DA:71,1
DA:72,1
DA:74,13
DA:76,15
LF:18
LH:18
BRDA:26,0,0,1
BRDA:66,1,0,1
BRDA:66,1,1,1
BRDA:66,1,2,13
BRF:4
BRH:4
end_of_record
TN:
SF:src/modules/cities/regions.service.ts
FN:8,(anonymous_2)
FN:10,(anonymous_3)
FN:30,(anonymous_4)
FN:48,(anonymous_5)
FNF:4
FNH:4
FNDA:42,(anonymous_2)
FNDA:3,(anonymous_3)
FNDA:6,(anonymous_4)
FNDA:6,(anonymous_5)
DA:1,42
DA:4,42
DA:7,42
DA:8,42
DA:11,3
DA:17,3
DA:18,1
DA:21,2
DA:36,6
DA:38,6
DA:49,6
DA:50,6
DA:52,0
DA:53,0
DA:55,0
DA:56,0
DA:58,6
DA:60,6
LF:18
LH:14
BRDA:17,0,0,1
BRDA:50,1,0,0
BRDA:50,1,1,0
BRDA:50,1,2,6
BRF:4
BRH:2
end_of_record
TN:
SF:src/modules/cities/dtos/create-city.dto.ts
FN:12,(anonymous_2)
FN:17,(anonymous_3)
FNF:2
FNH:2
FNDA:4,(anonymous_2)
FNDA:4,(anonymous_3)
DA:1,42
DA:2,42
DA:4,42
DA:5,42
DA:8,42
DA:11,42
DA:12,4
DA:16,42
DA:17,4
LF:9
LH:9
BRF:0
BRH:0
end_of_record
TN:
SF:src/modules/cities/dtos/create-region.dto.ts
FN:6,(anonymous_2)
FNF:1
FNH:1
FNDA:6,(anonymous_2)
DA:1,42
DA:2,42
DA:4,42
DA:5,42
DA:6,6
DA:10,42
DA:13,42
LF:7
LH:7
BRF:0
BRH:0
end_of_record
TN:
SF:src/modules/courses/courses.controller.ts
FN:24,(anonymous_4)
FN:29,(anonymous_5)
FN:34,(anonymous_6)
FN:48,(anonymous_7)
FNF:4
FNH:4
FNDA:42,(anonymous_4)
FNDA:2,(anonymous_5)
FNDA:11,(anonymous_6)
FNDA:2,(anonymous_7)
DA:1,42
DA:12,42
DA:13,42
DA:15,42
DA:16,42
DA:17,42
DA:18,42
DA:19,42
DA:23,42
DA:24,42
DA:26,42
DA:30,2
DA:33,42
DA:35,11
DA:45,42
DA:49,2
LF:16
LH:16
BRDA:36,0,0,1
BRDA:36,0,1,10
BRDA:37,1,0,1
BRDA:37,1,1,10
BRDA:39,2,0,1
BRDA:39,2,1,10
BRDA:40,3,0,1
BRDA:40,3,1,10
BRF:8
BRH:8
end_of_record
TN:
SF:src/modules/courses/courses.module.ts
FNF:0
FNH:0
DA:1,42
DA:3,42
DA:4,42
DA:5,42
DA:11,42
LF:5
LH:5
BRF:0
BRH:0
end_of_record
TN:
SF:src/modules/courses/courses.service.ts
FN:12,(anonymous_2)
FN:14,(anonymous_3)
FN:22,(anonymous_4)
FN:28,(anonymous_5)
FN:36,(anonymous_6)
FN:62,(anonymous_7)
FN:75,(anonymous_8)
FNF:7
FNH:7
FNDA:42,(anonymous_2)
FNDA:2,(anonymous_3)
FNDA:2,(anonymous_4)
FNDA:2,(anonymous_5)
FNDA:11,(anonymous_6)
FNDA:2,(anonymous_7)
FNDA:11,(anonymous_8)
DA:1,42
DA:8,42
DA:11,42
DA:12,42
DA:15,2
DA:17,1
DA:23,2
DA:25,1
DA:29,2
DA:30,2
DA:31,1
DA:33,1
DA:44,11
DA:46,11
DA:63,2
DA:70,2
DA:71,1
DA:76,11
DA:77,11
DA:79,1
DA:80,1
DA:82,1
DA:83,1
DA:85,9
DA:87,11
LF:25
LH:25
BRDA:30,0,0,1
BRDA:52,1,0,1
BRDA:52,1,1,10
BRDA:70,2,0,1
BRDA:77,3,0,1
BRDA:77,3,1,1
BRDA:77,3,2,9
BRF:7
BRH:7
end_of_record
TN:
SF:src/modules/courses/dtos/create-course.dto.ts
FN:9,(anonymous_2)
FN:14,(anonymous_3)
FNF:2
FNH:2
FNDA:4,(anonymous_2)
FNDA:4,(anonymous_3)
DA:1,42
DA:2,42
DA:4,42
DA:5,42
DA:8,42
DA:9,4
DA:13,42
DA:14,4
LF:8
LH:8
BRF:0
BRH:0
end_of_record
TN:
SF:src/modules/images/firebase-config.ts
FNF:0
FNH:0
DA:1,42
DA:2,42
DA:3,42
DA:5,42
DA:14,42
DA:15,42
LF:6
LH:6
BRF:0
BRH:0
end_of_record
TN:
SF:src/modules/images/images.module.ts
FNF:0
FNH:0
DA:1,42
DA:2,42
DA:7,42
LF:3
LH:3
BRF:0
BRH:0
end_of_record
TN:
SF:src/modules/images/images.service.ts
FN:7,(anonymous_1)
FNF:1
FNH:1
FNDA:2,(anonymous_1)
DA:1,42
DA:2,42
DA:3,42
DA:6,42
DA:11,2
DA:12,2
DA:13,2
DA:15,2
LF:8
LH:8
BRF:0
BRH:0
end_of_record
TN:
SF:src/modules/institutions/institutions.controller.ts
FN:32,(anonymous_4)
FN:35,(anonymous_5)
FN:56,(anonymous_6)
FN:65,(anonymous_7)
FNF:4
FNH:4
FNDA:42,(anonymous_4)
FNDA:11,(anonymous_5)
FNDA:4,(anonymous_6)
FNDA:2,(anonymous_7)
DA:1,42
DA:12,42
DA:13,42
DA:15,42
DA:16,42
DA:17,42
DA:18,42
DA:19,42
DA:31,42
DA:32,42
DA:35,42
DA:36,11
DA:44,11
DA:56,42
DA:57,4
DA:65,42
DA:66,2
LF:17
LH:17
BRDA:37,0,0,1
BRDA:37,0,1,10
BRDA:38,1,0,1
BRDA:38,1,1,10
BRDA:39,2,0,1
BRDA:39,2,1,10
BRDA:40,3,0,1
BRDA:40,3,1,10
BRF:8
BRH:8
end_of_record
TN:
SF:src/modules/institutions/institutions.module.ts
FNF:0
FNH:0
DA:1,42
DA:3,42
DA:4,42
DA:5,42
DA:11,42
LF:5
LH:5
BRF:0
BRH:0
end_of_record
TN:
SF:src/modules/institutions/institutions.service.ts
FN:13,(anonymous_2)
FN:15,(anonymous_3)
FN:40,(anonymous_4)
FN:48,(anonymous_5)
FN:56,(anonymous_6)
FN:68,(anonymous_7)
FN:85,(anonymous_8)
FNF:7
FNH:7
FNDA:42,(anonymous_2)
FNDA:11,(anonymous_3)
FNDA:4,(anonymous_4)
FNDA:2,(anonymous_5)
FNDA:2,(anonymous_6)
FNDA:4,(anonymous_7)
FNDA:11,(anonymous_8)
DA:1,42
DA:8,42
DA:12,42
DA:13,42
DA:22,11
DA:24,11
DA:41,4
DA:43,2
DA:49,2
DA:51,1
DA:57,2
DA:61,2
DA:62,1
DA:65,1
DA:69,4
DA:72,4
DA:74,3
DA:80,3
DA:81,1
DA:86,11
DA:87,11
DA:89,1
DA:90,1
DA:92,1
DA:93,1
DA:95,9
DA:97,11
LF:27
LH:27
BRDA:61,0,0,1
BRDA:72,1,0,1
BRDA:80,2,0,1
BRDA:87,3,0,1
BRDA:87,3,1,1
BRDA:87,3,2,9
BRF:6
BRH:6
end_of_record
TN:
SF:src/modules/institutions/dtos/create-institution.dto.ts
FN:13,(anonymous_2)
FNF:1
FNH:1
FNDA:8,(anonymous_2)
DA:1,42
DA:2,42
DA:4,42
DA:5,42
DA:10,42
DA:13,8
LF:6
LH:6
BRF:0
BRH:0
end_of_record
TN:
SF:src/modules/job-applications/job-applications.controller.ts
FN:26,(anonymous_4)
FN:33,(anonymous_5)
FN:40,(anonymous_6)
FN:47,(anonymous_7)
FN:54,(anonymous_8)
FN:66,(anonymous_9)
FNF:6
FNH:6
FNDA:42,(anonymous_4)
FNDA:12,(anonymous_5)
FNDA:3,(anonymous_6)
FNDA:4,(anonymous_7)
FNDA:1,(anonymous_8)
FNDA:2,(anonymous_9)
DA:1,42
DA:12,42
DA:13,42
DA:14,42
DA:16,42
DA:17,42
DA:18,42
DA:19,42
DA:20,42
DA:25,42
DA:27,42
DA:33,42
DA:34,12
DA:40,42
DA:41,3
DA:47,42
DA:48,4
DA:54,42
DA:57,1
DA:66,42
DA:69,2
LF:21
LH:21
BRF:0
BRH:0
end_of_record
TN:
SF:src/modules/job-applications/job-applications.module.ts
FNF:0
FNH:0
DA:1,42
DA:3,42
DA:4,42
DA:5,42
DA:11,42
LF:5
LH:5
BRF:0
BRH:0
end_of_record
TN:
SF:src/modules/job-applications/job-applications.service.ts
FN:9,(anonymous_2)
FN:11,(anonymous_3)
FN:20,(anonymous_4)
FN:26,(anonymous_5)
FN:40,(anonymous_6)
FN:46,(anonymous_7)
FNF:6
FNH:6
FNDA:42,(anonymous_2)
FNDA:12,(anonymous_3)
FNDA:3,(anonymous_4)
FNDA:3,(anonymous_5)
FNDA:4,(anonymous_6)
FNDA:12,(anonymous_7)
DA:1,42
DA:4,42
DA:8,42
DA:9,42
DA:12,12
DA:13,9
DA:17,9
DA:21,3
DA:27,3
DA:30,3
DA:31,0
DA:34,3
DA:41,4
DA:47,12
DA:51,12
DA:53,11
DA:57,11
DA:59,10
DA:63,10
LF:19
LH:18
BRDA:30,0,0,0
BRDA:51,1,0,1
BRDA:57,2,0,1
BRDA:63,3,0,1
BRF:4
BRH:3
end_of_record
TN:
SF:src/modules/job-applications/dtos/update.ts
FNF:0
FNH:0
DA:1,42
DA:3,42
DA:4,42
DA:7,42
DA:10,42
DA:13,42
LF:6
LH:6
BRF:0
BRH:0
end_of_record
TN:
SF:src/modules/jobs/jobs.controller.ts
FN:24,(anonymous_4)
FN:29,(anonymous_5)
FN:36,(anonymous_6)
FN:43,(anonymous_7)
FN:48,(anonymous_8)
FN:60,(anonymous_9)
FNF:6
FNH:6
FNDA:42,(anonymous_4)
FNDA:1,(anonymous_5)
FNDA:2,(anonymous_6)
FNDA:2,(anonymous_7)
FNDA:40,(anonymous_8)
FNDA:2,(anonymous_9)
DA:1,42
DA:12,42
DA:13,42
DA:15,42
DA:16,42
DA:17,42
DA:18,42
DA:19,42
DA:23,42
DA:24,42
DA:29,42
DA:30,1
DA:36,42
DA:37,2
DA:43,42
DA:44,2
DA:48,42
DA:49,40
DA:60,42
DA:61,2
LF:20
LH:20
BRDA:50,0,0,0
BRDA:50,0,1,40
BRDA:51,1,0,0
BRDA:51,1,1,40
BRDA:52,2,0,20
BRDA:52,2,1,20
BRDA:53,3,0,5
BRDA:53,3,1,35
BRDA:54,4,0,6
BRDA:54,4,1,34
BRDA:55,5,0,5
BRDA:55,5,1,35
BRF:12
BRH:10
end_of_record
TN:
SF:src/modules/jobs/jobs.module.ts
FNF:0
FNH:0
DA:1,42
DA:3,42
DA:4,42
DA:5,42
DA:11,42
LF:5
LH:5
BRF:0
BRH:0
end_of_record
TN:
SF:src/modules/jobs/jobs.service.ts
FN:9,(anonymous_2)
FN:11,(anonymous_3)
FN:19,(anonymous_4)
FN:39,(anonymous_5)
FN:71,(anonymous_6)
FN:86,(anonymous_7)
FN:107,(anonymous_8)
FN:116,(anonymous_9)
FNF:8
FNH:8
FNDA:42,(anonymous_2)
FNDA:1,(anonymous_3)
FNDA:2,(anonymous_4)
FNDA:40,(anonymous_5)
FNDA:2,(anonymous_6)
FNDA:2,(anonymous_7)
FNDA:1,(anonymous_8)
FNDA:20,(anonymous_9)
DA:1,42
DA:2,42
DA:5,42
DA:8,42
DA:9,42
DA:12,1
DA:14,1
DA:20,2
DA:29,2
DA:47,40
DA:48,20
DA:51,20
DA:72,2
DA:87,2
DA:104,2
DA:108,1
DA:113,0
DA:124,20
DA:151,20
LF:19
LH:18
BRDA:40,0,0,40
BRDA:41,1,0,40
BRDA:47,2,0,20
BRDA:108,3,0,0
BRF:4
BRH:3
end_of_record
TN:
SF:src/modules/jobs/dtos/create-job.dto.ts
FN:17,(anonymous_2)
FN:22,(anonymous_3)
FN:33,(anonymous_4)
FN:41,(anonymous_5)
FNF:4
FNH:4
FNDA:2,(anonymous_2)
FNDA:2,(anonymous_3)
FNDA:2,(anonymous_4)
FNDA:2,(anonymous_5)
DA:1,42
DA:2,42
DA:3,42
DA:5,42
DA:6,42
DA:10,42
DA:13,42
DA:16,42
DA:17,2
DA:21,42
DA:22,2
DA:26,42
DA:29,42
DA:32,42
DA:33,2
DA:37,42
DA:40,42
DA:41,2
LF:18
LH:18
BRF:0
BRH:0
end_of_record
TN:
SF:src/modules/resumes/resumes.controller.ts
FN:12,(anonymous_4)
FN:17,(anonymous_5)
FNF:2
FNH:2
FNDA:42,(anonymous_4)
FNDA:1,(anonymous_5)
DA:1,42
DA:2,42
DA:4,42
DA:5,42
DA:6,42
DA:7,42
DA:11,42
DA:12,42
DA:17,42
DA:18,1
LF:10
LH:10
BRF:0
BRH:0
end_of_record
TN:
SF:src/modules/resumes/resumes.module.ts
FNF:0
FNH:0
DA:1,42
DA:3,42
DA:4,42
DA:5,42
DA:6,42
DA:7,42
DA:8,42
DA:9,42
DA:10,42
DA:11,42
DA:12,42
DA:13,42
DA:32,42
LF:13
LH:13
BRF:0
BRH:0
end_of_record
TN:
SF:src/modules/resumes/resumes.service.ts
FN:7,(anonymous_2)
FN:9,(anonymous_3)
FNF:2
FNH:2
FNDA:42,(anonymous_2)
FNDA:1,(anonymous_3)
DA:1,42
DA:3,42
DA:6,42
DA:7,42
DA:10,1
LF:5
LH:5
BRF:0
BRH:0
end_of_record
TN:
SF:src/modules/resumes/educations/create.dto.ts
FN:18,(anonymous_2)
FN:23,(anonymous_3)
FNF:2
FNH:2
FNDA:4,(anonymous_2)
FNDA:4,(anonymous_3)
DA:1,42
DA:3,42
DA:4,42
DA:6,42
DA:7,42
DA:10,42
DA:13,42
DA:16,42
DA:18,4
DA:21,42
DA:23,4
LF:11
LH:11
BRF:0
BRH:0
end_of_record
TN:
SF:src/modules/resumes/educations/educations.controller.ts
FN:24,(anonymous_4)
FN:29,(anonymous_5)
FN:36,(anonymous_6)
FN:44,(anonymous_7)
FNF:4
FNH:4
FNDA:42,(anonymous_4)
FNDA:2,(anonymous_5)
FNDA:4,(anonymous_6)
FNDA:3,(anonymous_7)
DA:1,42
DA:13,42
DA:15,42
DA:16,42
DA:17,42
DA:18,42
DA:19,42
DA:23,42
DA:24,42
DA:29,42
DA:30,2
DA:36,42
DA:37,4
DA:44,42
DA:45,3
LF:15
LH:15
BRF:0
BRH:0
end_of_record
TN:
SF:src/modules/resumes/educations/educations.service.ts
FN:12,(anonymous_2)
FN:14,(anonymous_3)
FN:26,(anonymous_4)
FN:35,(anonymous_5)
FN:52,(anonymous_6)
FN:59,(anonymous_7)
FNF:6
FNH:6
FNDA:42,(anonymous_2)
FNDA:2,(anonymous_3)
FNDA:4,(anonymous_4)
FNDA:3,(anonymous_5)
FNDA:9,(anonymous_6)
FNDA:2,(anonymous_7)
DA:1,42
DA:8,42
DA:11,42
DA:12,42
DA:15,2
DA:16,1
DA:27,4
DA:28,4
DA:36,3
DA:37,3
DA:43,3
DA:45,2
DA:53,9
DA:54,9
DA:60,2
DA:61,2
DA:63,2
DA:70,2
DA:72,1
LF:19
LH:19
BRDA:43,0,0,1
BRDA:61,1,0,0
BRDA:70,2,0,1
BRF:3
BRH:2
end_of_record
TN:
SF:src/modules/resumes/experiences/create.dto.ts
FN:19,(anonymous_2)
FN:24,(anonymous_3)
FNF:2
FNH:2
FNDA:4,(anonymous_2)
FNDA:4,(anonymous_3)
DA:1,42
DA:2,42
DA:4,42
DA:5,42
DA:8,42
DA:11,42
DA:14,42
DA:17,42
DA:19,4
DA:22,42
DA:24,4
LF:11
LH:11
BRF:0
BRH:0
end_of_record
TN:
SF:src/modules/resumes/experiences/experiences.controller.ts
FN:24,(anonymous_4)
FN:29,(anonymous_5)
FN:36,(anonymous_6)
FN:44,(anonymous_7)
FNF:4
FNH:4
FNDA:42,(anonymous_4)
FNDA:2,(anonymous_5)
FNDA:4,(anonymous_6)
FNDA:3,(anonymous_7)
DA:1,42
DA:13,42
DA:15,42
DA:16,42
DA:17,42
DA:18,42
DA:19,42
DA:23,42
DA:24,42
DA:29,42
DA:30,2
DA:36,42
DA:37,4
DA:44,42
DA:45,3
LF:15
LH:15
BRF:0
BRH:0
end_of_record
TN:
SF:src/modules/resumes/experiences/experiences.service.ts
FN:12,(anonymous_2)
FN:14,(anonymous_3)
FN:25,(anonymous_4)
FN:34,(anonymous_5)
FN:51,(anonymous_6)
FN:58,(anonymous_7)
FNF:6
FNH:6
FNDA:42,(anonymous_2)
FNDA:2,(anonymous_3)
FNDA:4,(anonymous_4)
FNDA:3,(anonymous_5)
FNDA:9,(anonymous_6)
FNDA:2,(anonymous_7)
DA:1,42
DA:8,42
DA:11,42
DA:12,42
DA:15,2
DA:17,1
DA:26,4
DA:27,4
DA:35,3
DA:36,3
DA:42,3
DA:44,2
DA:52,9
DA:53,9
DA:59,2
DA:60,2
DA:62,2
DA:66,2
DA:68,1
LF:19
LH:19
BRDA:42,0,0,1
BRDA:60,1,0,0
BRDA:66,2,0,1
BRF:3
BRH:2
end_of_record
TN:
SF:src/modules/resumes/languages/create.dto.ts
FNF:0
FNH:0
DA:1,42
DA:2,42
DA:4,42
DA:5,42
DA:8,42
LF:5
LH:5
BRF:0
BRH:0
end_of_record
TN:
SF:src/modules/resumes/languages/languages.controller.ts
FN:24,(anonymous_4)
FN:29,(anonymous_5)
FN:36,(anonymous_6)
FN:44,(anonymous_7)
FNF:4
FNH:4
FNDA:42,(anonymous_4)
FNDA:2,(anonymous_5)
FNDA:4,(anonymous_6)
FNDA:3,(anonymous_7)
DA:1,42
DA:13,42
DA:15,42
DA:16,42
DA:17,42
DA:18,42
DA:19,42
DA:23,42
DA:24,42
DA:29,42
DA:30,2
DA:36,42
DA:37,4
DA:44,42
DA:45,3
LF:15
LH:15
BRF:0
BRH:0
end_of_record
TN:
SF:src/modules/resumes/languages/languages.service.ts
FN:12,(anonymous_2)
FN:14,(anonymous_3)
FN:25,(anonymous_4)
FN:34,(anonymous_5)
FN:51,(anonymous_6)
FN:58,(anonymous_7)
FNF:6
FNH:6
FNDA:42,(anonymous_2)
FNDA:2,(anonymous_3)
FNDA:4,(anonymous_4)
FNDA:3,(anonymous_5)
FNDA:9,(anonymous_6)
FNDA:2,(anonymous_7)
DA:1,42
DA:7,42
DA:11,42
DA:12,42
DA:15,2
DA:17,1
DA:26,4
DA:27,4
DA:35,3
DA:36,3
DA:42,3
DA:44,2
DA:52,9
DA:53,9
DA:59,2
DA:60,2
DA:62,2
DA:66,2
DA:68,1
LF:19
LH:19
BRDA:42,0,0,1
BRDA:60,1,0,0
BRDA:66,2,0,1
BRF:3
BRH:2
end_of_record
TN:
SF:src/modules/resumes/skills/create.dto.ts
FNF:0
FNH:0
DA:1,42
DA:2,42
DA:4,42
DA:5,42
DA:8,42
LF:5
LH:5
BRF:0
BRH:0
end_of_record
TN:
SF:src/modules/resumes/skills/skills.controller.ts
FN:24,(anonymous_4)
FN:29,(anonymous_5)
FN:36,(anonymous_6)
FN:44,(anonymous_7)
FNF:4
FNH:4
FNDA:42,(anonymous_4)
FNDA:2,(anonymous_5)
FNDA:4,(anonymous_6)
FNDA:3,(anonymous_7)
DA:1,42
DA:13,42
DA:15,42
DA:16,42
DA:17,42
DA:18,42
DA:19,42
DA:23,42
DA:24,42
DA:29,42
DA:30,2
DA:36,42
DA:37,4
DA:44,42
DA:48,3
LF:15
LH:15
BRF:0
BRH:0
end_of_record
TN:
SF:src/modules/resumes/skills/skills.service.ts
FN:12,(anonymous_2)
FN:14,(anonymous_3)
FN:26,(anonymous_4)
FN:33,(anonymous_5)
FN:49,(anonymous_6)
FN:57,(anonymous_7)
FNF:6
FNH:6
FNDA:42,(anonymous_2)
FNDA:2,(anonymous_3)
FNDA:4,(anonymous_4)
FNDA:3,(anonymous_5)
FNDA:9,(anonymous_6)
FNDA:2,(anonymous_7)
DA:1,42
DA:8,42
DA:11,42
DA:12,42
DA:15,2
DA:17,1
DA:27,4
DA:28,4
DA:34,3
DA:35,3
DA:42,3
DA:44,2
DA:50,9
DA:58,2
DA:59,2
DA:61,2
DA:68,2
DA:70,1
LF:18
LH:18
BRDA:42,0,0,1
BRDA:59,1,0,0
BRDA:68,2,0,1
BRF:3
BRH:2
end_of_record
TN:
SF:src/modules/users/users.module.ts
FNF:0
FNH:0
DA:1,42
DA:3,42
DA:4,42
DA:6,42
DA:7,42
DA:8,42
DA:9,42
DA:10,42
DA:11,42
DA:24,42
LF:10
LH:10
BRF:0
BRH:0
end_of_record
TN:
SF:src/modules/users/admin/admin.controller.ts
FN:20,(anonymous_4)
FN:25,(anonymous_5)
FNF:2
FNH:1
FNDA:42,(anonymous_4)
FNDA:0,(anonymous_5)
DA:1,42
DA:8,42
DA:9,42
DA:12,42
DA:13,42
DA:14,42
DA:15,42
DA:19,42
DA:20,42
DA:25,42
DA:26,0
DA:27,0
DA:28,0
LF:13
LH:10
BRDA:27,0,0,0
BRF:1
BRH:0
end_of_record
TN:
SF:src/modules/users/admin/admin.service.ts
FN:7,(anonymous_2)
FN:9,(anonymous_3)
FNF:2
FNH:2
FNDA:42,(anonymous_2)
FNDA:18,(anonymous_3)
DA:1,42
DA:3,42
DA:6,42
DA:7,42
DA:10,18
LF:5
LH:5
BRF:0
BRH:0
end_of_record
TN:
SF:src/modules/users/admin/create-user.dto.ts
FN:15,(anonymous_2)
FNF:1
FNH:1
FNDA:9,(anonymous_2)
DA:1,42
DA:2,42
DA:4,42
DA:5,42
DA:8,42
DA:11,42
DA:14,42
DA:15,9
DA:19,42
LF:9
LH:9
BRF:0
BRH:0
end_of_record
TN:
SF:src/modules/users/companies/companies.controller.ts
FN:29,(anonymous_4)
FN:35,(anonymous_5)
FN:42,(anonymous_6)
FN:54,(anonymous_7)
FN:64,(anonymous_8)
FNF:5
FNH:5
FNDA:42,(anonymous_4)
FNDA:2,(anonymous_5)
FNDA:1,(anonymous_6)
FNDA:1,(anonymous_7)
FNDA:2,(anonymous_8)
DA:1,42
DA:13,42
DA:14,42
DA:15,42
DA:17,42
DA:18,42
DA:19,42
DA:20,42
DA:21,42
DA:22,42
DA:23,42
DA:28,42
DA:30,42
DA:31,42
DA:35,42
DA:36,2
DA:42,42
DA:43,1
DA:46,1
DA:47,1
DA:54,42
DA:58,1
DA:64,42
DA:68,2
DA:73,1
DA:80,1
LF:26
LH:26
BRDA:46,0,0,0
BRF:1
BRH:0
end_of_record
TN:
SF:src/modules/users/companies/companies.service.ts
FN:15,(anonymous_2)
FN:20,(anonymous_3)
FN:33,(anonymous_4)
FN:44,(anonymous_5)
FN:48,(anonymous_6)
FN:52,(anonymous_7)
FN:61,(anonymous_8)
FN:75,(anonymous_9)
FN:86,(anonymous_10)
FNF:9
FNH:9
FNDA:42,(anonymous_2)
FNDA:2,(anonymous_3)
FNDA:2,(anonymous_4)
FNDA:2,(anonymous_5)
FNDA:37,(anonymous_6)
FNDA:1,(anonymous_7)
FNDA:1,(anonymous_8)
FNDA:2,(anonymous_9)
FNDA:2,(anonymous_10)
DA:1,42
DA:8,42
DA:10,42
DA:11,42
DA:14,42
DA:16,42
DA:17,42
DA:21,2
DA:23,1
DA:25,1
DA:34,2
DA:36,1
DA:41,1
DA:45,2
DA:49,37
DA:53,1
DA:62,1
DA:64,1
DA:68,1
DA:72,1
DA:76,2
DA:77,0
DA:79,2
DA:80,0
DA:82,2
DA:83,1
DA:87,2
DA:88,2
DA:89,2
DA:90,1
LF:30
LH:28
BRDA:44,0,0,0
BRDA:48,1,0,0
BRDA:76,2,0,0
BRDA:79,3,0,0
BRDA:82,4,0,1
BRDA:87,5,0,2
BRDA:89,6,0,1
BRDA:89,7,0,2
BRDA:89,7,1,1
BRF:9
BRH:5
end_of_record
TN:
SF:src/modules/users/companies/create-company.dto.ts
FN:16,(anonymous_2)
FNF:1
FNH:1
FNDA:9,(anonymous_2)
DA:1,42
DA:2,42
DA:3,42
DA:5,42
DA:6,42
DA:9,42
DA:12,42
DA:15,42
DA:16,9
DA:20,42
DA:23,42
LF:11
LH:11
BRF:0
BRH:0
end_of_record
TN:
SF:src/modules/users/companies/update-company.dto.ts
FNF:0
FNH:0
DA:1,42
DA:2,42
DA:3,42
DA:5,42
DA:8,42
LF:5
LH:5
BRF:0
BRH:0
end_of_record
TN:
SF:src/modules/users/students/student-create.dto.ts
FN:15,(anonymous_2)
FN:23,(anonymous_3)
FN:28,(anonymous_4)
FNF:3
FNH:0
FNDA:0,(anonymous_2)
FNDA:0,(anonymous_3)
FNDA:0,(anonymous_4)
DA:1,42
DA:2,42
DA:4,42
DA:5,42
DA:8,42
DA:11,42
DA:14,42
DA:15,0
DA:19,42
DA:22,42
DA:23,0
DA:27,42
DA:28,0
LF:13
LH:10
BRF:0
BRH:0
end_of_record
TN:
SF:src/modules/users/students/student-update.dto.ts
FNF:0
FNH:0
DA:1,42
DA:2,42
DA:3,42
DA:5,42
DA:6,42
DA:9,42
LF:6
LH:6
BRF:0
BRH:0
end_of_record
TN:
SF:src/modules/users/students/students.controller.ts
FN:29,(anonymous_4)
FN:35,(anonymous_5)
FN:42,(anonymous_6)
FN:55,(anonymous_7)
FN:89,(anonymous_8)
FNF:5
FNH:2
FNDA:42,(anonymous_4)
FNDA:0,(anonymous_5)
FNDA:0,(anonymous_6)
FNDA:0,(anonymous_7)
FNDA:1,(anonymous_8)
DA:1,42
DA:13,42
DA:14,42
DA:15,42
DA:17,42
DA:18,42
DA:19,42
DA:20,42
DA:21,42
DA:22,42
DA:23,42
DA:28,42
DA:30,42
DA:31,42
DA:35,42
DA:36,0
DA:42,42
DA:43,0
DA:44,0
DA:46,0
DA:55,42
DA:59,0
DA:64,0
DA:71,0
DA:73,0
DA:78,0
DA:89,42
DA:93,1
LF:28
LH:19
BRDA:44,0,0,0
BRF:1
BRH:0
end_of_record
TN:
SF:src/modules/users/students/students.service.ts
FN:12,(anonymous_2)
FN:17,(anonymous_3)
FN:47,(anonymous_4)
FN:61,(anonymous_5)
FN:65,(anonymous_6)
FN:81,(anonymous_7)
FN:99,(anonymous_8)
FNF:7
FNH:3
FNDA:42,(anonymous_2)
FNDA:0,(anonymous_3)
FNDA:66,(anonymous_4)
FNDA:0,(anonymous_5)
FNDA:0,(anonymous_6)
FNDA:1,(anonymous_7)
FNDA:0,(anonymous_8)
DA:1,42
DA:4,42
DA:6,42
DA:8,42
DA:11,42
DA:13,42
DA:14,42
DA:18,0
DA:19,0
DA:22,0
DA:24,0
DA:31,0
DA:37,0
DA:44,0
DA:48,66
DA:58,66
DA:62,0
DA:66,0
DA:67,0
DA:68,0
DA:69,0
DA:73,0
DA:78,0
DA:85,1
DA:86,1
DA:91,1
DA:96,1
DA:100,0
DA:101,0
DA:104,0
DA:109,0
LF:31
LH:13
BRDA:18,0,0,0
BRDA:66,1,0,0
BRDA:68,2,0,0
BRDA:68,3,0,0
BRDA:68,3,1,0
BRDA:100,4,0,0
BRF:6
BRH:0
end_of_record
TN:
SF:src/utils/bcriptUtils.ts
FN:6,(anonymous_0)
FN:10,(anonymous_1)
FN:14,(anonymous_2)
FN:18,(anonymous_3)
FNF:4
FNH:3
FNDA:1,(anonymous_0)
FNDA:110,(anonymous_1)
FNDA:205,(anonymous_2)
FNDA:0,(anonymous_3)
DA:1,42
DA:3,42
DA:5,42
DA:7,1
DA:11,110
DA:15,205
DA:19,0
DA:23,42
LF:8
LH:7
BRF:0
BRH:0
end_of_record
TN:
SF:test/helpers/login.ts
FN:7,companyLogin
FN:23,studentLogin
FN:39,adminLogin
FNF:3
FNH:3
FNDA:28,companyLogin
FNDA:61,studentLogin
FNDA:15,adminLogin
DA:2,29
DA:3,29
DA:4,29
DA:5,29
DA:7,29
DA:11,28
DA:13,28
DA:20,28
DA:23,29
DA:27,61
DA:29,61
DA:36,61
DA:39,29
DA:43,15
DA:45,15
DA:52,15
LF:16
LH:16
BRDA:11,0,0,28
BRDA:11,0,1,23
BRDA:27,1,0,61
BRDA:27,1,1,19
BRDA:43,2,0,15
BRDA:43,2,1,15
BRF:6
BRH:6
end_of_record
TN:
SF:test/helpers/request.ts
FN:4,post
FN:16,patch
FN:28,get
FN:40,del
FNF:4
FNH:4
FNDA:45,post
FNDA:7,patch
FNDA:54,get
FNDA:20,del
DA:2,21
DA:4,21
DA:10,45
DA:16,21
DA:22,7
DA:28,21
DA:34,54
DA:40,21
DA:46,20
LF:9
LH:9
BRF:0
BRH:0
end_of_record
